[2015.12.13-03.45.23:522][  0]Log file open, 12/13/15 04:45:23
[2015.12.13-03.45.23:522][  0]LogInit:Display: Running engine for game: Internsheep
[2015.12.13-03.45.23:522][  0]LogInit:Display: RandInit(20196676) SRandInit(20196677).
[2015.12.13-03.45.23:522][  0]LogTaskGraph: Started task graph with 4 named threads and 7 total threads.
[2015.12.13-03.45.23:522][  0]LogStats: Stats thread started at 0.270803
[2015.12.13-03.45.23:522][  0]LogInit: Version: 4.9.2-2707645+++depot+UE4-Releases+4.9
[2015.12.13-03.45.23:522][  0]LogInit: API Version: 2672455
[2015.12.13-03.45.23:522][  0]LogInit: Compiled (64-bit): Sep 28 2015 10:25:44
[2015.12.13-03.45.23:522][  0]LogInit: Compiled with Visual C++: 18.00.21005.01
[2015.12.13-03.45.23:522][  0]LogInit: Build Configuration: Development
[2015.12.13-03.45.23:522][  0]LogInit: Branch Name: ++depot+UE4-Releases+4.9
[2015.12.13-03.45.23:522][  0]LogInit: Command line:  
[2015.12.13-03.45.23:522][  0]LogInit: Base directory: D:/Program Files/Epic Games/4.9/Engine/Binaries/Win64/
[2015.12.13-03.45.23:522][  0]LogInit: Rocket: 1
[2015.12.13-03.45.23:623][  0]LogInit: Using libcurl 7.41.0
[2015.12.13-03.45.23:623][  0]LogInit:  - built for x86_64-pc-win32
[2015.12.13-03.45.23:623][  0]LogInit:  - supports SSL with WinSSL
[2015.12.13-03.45.23:623][  0]LogInit:  - other features:
[2015.12.13-03.45.23:623][  0]LogInit:      CURL_VERSION_SSL
[2015.12.13-03.45.23:623][  0]LogInit:      CURL_VERSION_IPV6
[2015.12.13-03.45.23:623][  0]LogInit:      CURL_VERSION_ASYNCHDNS
[2015.12.13-03.45.23:623][  0]LogInit:      CURL_VERSION_LARGEFILE
[2015.12.13-03.45.23:623][  0]LogInit:      CURL_VERSION_IDN
[2015.12.13-03.45.23:623][  0]LogInit:  CurlRequestOptions (configurable via config and command line):
[2015.12.13-03.45.23:623][  0]LogInit:  - bVerifyPeer = true  - Libcurl will verify peer certificate
[2015.12.13-03.45.23:623][  0]LogInit:  - bUseHttpProxy = false  - Libcurl will NOT use HTTP proxy
[2015.12.13-03.45.23:623][  0]LogInit:  - bDontReuseConnections = false  - Libcurl will reuse connections
[2015.12.13-03.45.23:623][  0]LogInit:  - CertBundlePath = nullptr  - Libcurl will use whatever was configured at build time.
[2015.12.13-03.45.23:977][  0]LogInit: Presizing for 0 objects not considered by GC, pre-allocating 0 bytes.
[2015.12.13-03.45.24:224][  0]LogInit: Object subsystem initialized
[2015.12.13-03.45.24:594][  0]LogInit: Selected Device Profile: [Windows]
[2015.12.13-03.45.24:594][  0]LogInit: Applying CVar settings loaded from the selected device profile: [Windows]
[2015.12.13-03.45.24:908][  0]LogInit: Computer: PIERRE
[2015.12.13-03.45.24:908][  0]LogInit: User: Pierre6991
[2015.12.13-03.45.24:908][  0]LogInit: CPU Page size=4096, Cores=4
[2015.12.13-03.45.24:908][  0]LogInit: High frequency timer resolution =2.338346 MHz
[2015.12.13-03.45.24:993][  0]LogMemory: Memory total: Physical=3.9GB (4GB approx)
[2015.12.13-03.45.25:160][  0]LogMemory: Platform Memory Stats for Windows
[2015.12.13-03.45.25:160][  0]LogMemory: Process Physical Memory: 52.88 MB used, 52.88 MB peak
[2015.12.13-03.45.25:160][  0]LogMemory: Process Virtual Memory: 58.51 MB used, 58.51 MB peak
[2015.12.13-03.45.25:160][  0]LogMemory: Physical Memory: 2568.25 MB used, 3981.01 MB total
[2015.12.13-03.45.25:160][  0]LogMemory: Virtual Memory: 355.87 MB used, 134217728.00 MB total
[2015.12.13-03.45.27:586][  0]LogTextLocalizationManager: No translations for ('fr-FR') exist, falling back to 'en' for localization and internationalization data.
[2015.12.13-03.45.29:895][  0]LogD3D11RHI: Found D3D11 adapter 0: NVIDIA GeForce GT 740M        (Feature Level 11_0)
[2015.12.13-03.45.29:897][  0]LogD3D11RHI: Adapter has 1992MB of dedicated video memory, 0MB of dedicated system memory, and 1990MB of shared system memory, 1 output[s]
[2015.12.13-03.45.29:922][  0]LogD3D11RHI: Found D3D11 adapter 1: NVIDIA GeForce GT 740M        (Feature Level 11_0)
[2015.12.13-03.45.29:922][  0]LogD3D11RHI: Adapter has 1992MB of dedicated video memory, 0MB of dedicated system memory, and 1990MB of shared system memory, 0 output[s]
[2015.12.13-03.45.29:923][  0]LogD3D11RHI: Found D3D11 adapter 2: Microsoft Basic Render Driver (Feature Level 11_0)
[2015.12.13-03.45.29:923][  0]LogD3D11RHI: Adapter has 1992MB of dedicated video memory, 0MB of dedicated system memory, and 1990MB of shared system memory, 0 output[s]
[2015.12.13-03.45.29:923][  0]LogD3D11RHI: Chosen D3D11 Adapter Id = 0
[2015.12.13-03.45.29:982][  0]LogD3D11RHI: !Direct3DDevice
[2015.12.13-03.45.30:008][  0]LogRHI: Texture pool is 1361 MB (70% of 1945 MB)
[2015.12.13-03.45.30:031][  0]LogD3D11RHI: Async texture creation enabled
[2015.12.13-03.45.30:463][  0]LogShaderCompilers: Guid format shader working directory is 15 characters bigger than the processId version (../../../../../../Download/Internsheep-max/Internsheep-max/Intermediate/Shaders/WorkingDirectory/8168/).
[2015.12.13-03.45.30:463][  0]LogShaderCompilers: Cleaned the shader compiler working directory '../../../../../../Download/Internsheep-max/Internsheep-max/Intermediate/Shaders/tmp/ADD07B80418938FC60B13690A75AA1CC/'.
[2015.12.13-03.45.30:471][  0]LogShaderCompilers:Display: Using Local Shader Compiler.
[2015.12.13-03.45.42:427][  0]LogTemp:Display: Loaded TP AllDesktopTargetPlatform
[2015.12.13-03.45.42:437][  0]LogTemp:Display: Loaded TP WindowsClientTargetPlatform
[2015.12.13-03.45.42:447][  0]LogTemp:Display: Loaded TP WindowsNoEditorTargetPlatform
[2015.12.13-03.45.42:456][  0]LogTemp:Display: Loaded TP WindowsServerTargetPlatform
[2015.12.13-03.45.42:466][  0]LogTemp:Display: Loaded TP WindowsTargetPlatform
[2015.12.13-03.45.42:610][  0]LogTemp:Display: Loaded TP AndroidTargetPlatform
[2015.12.13-03.45.42:619][  0]LogTemp:Display: Loaded TP Android_ASTCTargetPlatform
[2015.12.13-03.45.42:628][  0]LogTemp:Display: Loaded TP Android_ATCTargetPlatform
[2015.12.13-03.45.42:636][  0]LogTemp:Display: Loaded TP Android_DXTTargetPlatform
[2015.12.13-03.45.42:645][  0]LogTemp:Display: Loaded TP Android_ETC1TargetPlatform
[2015.12.13-03.45.42:654][  0]LogTemp:Display: Loaded TP Android_ETC2TargetPlatform
[2015.12.13-03.45.42:663][  0]LogTemp:Display: Loaded TP Android_PVRTCTargetPlatform
[2015.12.13-03.45.42:669][  0]LogTemp:Display: Loaded TP HTML5TargetPlatform
[2015.12.13-03.45.42:977][  0]LogTemp:Display: Loaded TP IOSTargetPlatform
[2015.12.13-03.45.42:985][  0]LogTemp:Display: Loaded TP LinuxNoEditorTargetPlatform
[2015.12.13-03.45.42:994][  0]LogTemp:Display: Loaded TP LinuxServerTargetPlatform
[2015.12.13-03.45.43:057][  0]LogTemp:Display: Loaded TP LinuxTargetPlatform
[2015.12.13-03.45.43:057][  0]LogTargetPlatformManager:Display: Building Assets For Windows
[2015.12.13-03.45.45:007][  0]LogDerivedDataCache:Display: Max Cache Size: 512 MB
[2015.12.13-03.45.45:537][  0]LogDerivedDataCache: Loaded boot cache 0.51s 41MB C:/Users/Pierre6991/AppData/Local/UnrealEngine/4.9/DerivedDataCache/Boot.ddc.
[2015.12.13-03.45.45:537][  0]LogDerivedDataCache:Display: Loaded Boot cache: C:/Users/Pierre6991/AppData/Local/UnrealEngine/4.9/DerivedDataCache/Boot.ddc
[2015.12.13-03.45.45:537][  0]LogDerivedDataCache: FDerivedDataBackendGraph:  Pak pak cache file ../../../../../../Download/Internsheep-max/Internsheep-max/DerivedDataCache/DDC.ddp not found, will not use a pak cache.
[2015.12.13-03.45.45:537][  0]LogDerivedDataCache: Unable to find inner node Pak for hierarchical cache Hierarchy.
[2015.12.13-03.45.45:537][  0]LogDerivedDataCache: FDerivedDataBackendGraph:  CompressedPak pak cache file ../../../../../../Download/Internsheep-max/Internsheep-max/DerivedDataCache/Compressed.ddp not found, will not use a pak cache.
[2015.12.13-03.45.45:537][  0]LogDerivedDataCache: Unable to find inner node CompressedPak for hierarchical cache Hierarchy.
[2015.12.13-03.45.45:764][  0]LogDerivedDataCache:Display: Pak cache opened for reading ../../../Engine/DerivedDataCache/Compressed.ddp.
[2015.12.13-03.45.45:777][  0]LogDerivedDataCache: Using Local data cache path C:/Users/Pierre6991/AppData/Local/UnrealEngine/Common/DerivedDataCache: Writable
[2015.12.13-03.46.16:865][  0]LogInit: Selected Device Profile: [Windows]
[2015.12.13-03.46.17:057][  0]LogContentStreaming: Texture pool size is 0.000000MB
[2015.12.13-03.46.19:922][  0]LogMeshUtilities: No automatic mesh reduction module available
[2015.12.13-03.46.19:922][  0]LogMeshUtilities: No automatic mesh merging module available
[2015.12.13-03.46.28:000][  0]LogInit: WinSock: version 1.1 (2.2), MaxSocks=32767, MaxUdp=65467
[2015.12.13-03.47.08:997][  0]UdpMessaging: Initializing bridge on interface 0.0.0.0:0 to multicast group 230.0.0.1:6666.
[2015.12.13-03.47.10:214][  0]LogAssetRegistry: FAssetRegistry took 0.0221 seconds to start up
[2015.12.13-03.47.13:832][  0]SourceControl: Info Source control is disabled
[2015.12.13-03.47.13:833][  0]SourceControl: Info Source control is disabled
[2015.12.13-03.47.13:946][  0]SourceControl: Info Source control is disabled
[2015.12.13-03.47.14:056][  0]SourceControl: Info Source control is disabled
[2015.12.13-03.47.16:009][  0]LogLinker:Warning: Asset '../../../Engine/Plugins/Runtime/LeapMotionController/Content/LM_PassthroughMaterial.uasset' has been saved with empty engine version. The asset will be loaded but may be incompatible.
[2015.12.13-03.47.16:466][  0]LogObj: 28361 objects as part of root set at end of initial load.
[2015.12.13-03.47.16:466][  0]LogUObjectAllocator: 6038864 out of 0 bytes used by permanent object pool.
[2015.12.13-03.47.18:090][  0]LogEngine: Initializing Engine...
[2015.12.13-03.47.18:157][  0]LogHMD: Can't find Oculus library dev build: is proper Runtime installed? Version: 0.7.0.0
[2015.12.13-03.47.18:270][  0]LogHMD: SteamVR failed to initialize.  Err: 110
[2015.12.13-03.47.19:833][  0]LogAIModule: Creating AISystem for world NewWorld
[2015.12.13-03.47.20:598][  0]LogInit: XAudio2 using 'Haut-parleurs (Realtek High Definition Audio)' : 2 channels at 48 kHz using 32 bits per sample (channel mask 0x3)
[2015.12.13-03.47.20:606][  0]LogInit: FAudioDevice initialized.
[2015.12.13-03.47.20:987][  0]LogDerivedDataCache: Saved boot cache 0.38s 41MB C:/Users/Pierre6991/AppData/Local/UnrealEngine/4.9/DerivedDataCache/Boot.ddc.
[2015.12.13-03.47.20:992][  0]LogInit: Texture streaming: Enabled
[2015.12.13-03.47.21:292][  0]LogAnalytics: Creating configured Analytics provider AnalyticsET
[2015.12.13-03.47.21:292][  0]LogAnalytics: [UEEditor.Rocket.Release] APIServer = http://et2.epicgames.com/ET2/. AppVersion = 4.9.2-2707645+++depot+UE4-Releases+4.9
[2015.12.13-03.47.21:293][  0]LogAnalytics: [UEEditor.Rocket.Release] SetUserId 9634230f474bfd6af3d7eca0853271ec|0564376c1eb44b439f5c4df5195a7a7e|dbd06198-ba12-401f-9f01-08593f6665de
[2015.12.13-03.47.21:293][  0]LogAnalytics: [UEEditor.Rocket.Release] AnalyticsET::StartSession
[2015.12.13-03.47.24:252][  0]LogInit: Transaction tracking system initialized
[2015.12.13-03.47.25:405][  0]BlueprintLog: New page: Editor Load
[2015.12.13-03.47.31:377][  0]LocalizationService: Info Localization service is disabled
[2015.12.13-03.47.34:282][  0]LogConsoleResponse:Display: 
[2015.12.13-03.47.35:839][  0]LogFileManager:Warning: ReadFile failed: Count=0 Length=16778286 Error=Une opération d’entrée/sortie avec chevauchement est en cours d’exécution. for file ../../../../../../Download/Internsheep-max/Internsheep-max/Content/Char2.uasset
[2015.12.13-03.47.39:422][  0]LogFileCache: Scanning file cache for directory 'D:/Download/Internsheep-max/Internsheep-max/Content/' took 0.06s
[2015.12.13-03.47.39:422][  0]LogCook:Display: Done creating registry. It took  0.00s.
[2015.12.13-03.47.40:961][  0]SourceControl: Info Source control is disabled
[2015.12.13-03.47.41:094][  0]Cmd: MAP LOAD FILE="../../../Engine/Content/Maps/Templates/Template_Default.umap" TEMPLATE=1 SHOWPROGRESS=1 FEATURELEVEL=3
[2015.12.13-03.47.41:143][  0]LightingResults: New page: Lighting Build
[2015.12.13-03.47.41:665][  0]MapCheck: New page: Map Check
[2015.12.13-03.47.41:665][  0]LightingResults: New page: Lighting Build
[2015.12.13-03.47.43:467][  0]LogParticles: Destroying 0 GPU particle simulations for FXSystem 0x00000013F57AA160
[2015.12.13-03.47.52:342][  0]LogWindows:Error: Windows GetLastError: L’opération a réussi. (0)
[2015.12.13-03.48.11:058][  0]LogThreadingWindows:Error: Runnable thread FAssetDataGatherer crashed.
[2015.12.13-03.48.11:058][  0]LogWindows: === Critical error: ===
Fatal error: [File:D:\BuildFarm\buildmachine_++depot+UE4-Releases+4.9\Engine\Source\Runtime\Core\Private\HAL\FileManagerGeneric.cpp] [Line: 647] 
Invalid BufferCount=0 while reading ../../../../../../Download/Internsheep-max/Internsheep-max/Content/Char2.uasset. File is most likely corrupted, try deleting it if possible. Pos=17081390, Size=397632, PrecacheSize=2147483647, PrecacheOffset=17081390



Crash in runnable thread FAssetDataGatherer

[2015.12.13-03.48.11:780][  0]LogExit: Executing StaticShutdownAfterError
[2015.12.13-03.48.13:141][  0]LogWindows: FPlatformMisc::RequestExit(1)
[2015.12.13-03.48.13:166][  0]Log file closed, 12/13/15 04:48:13
