[2015.12.13-04.29.55:964][  0]Log file open, 12/13/15 05:29:55
[2015.12.13-04.29.55:964][  0]LogInit:Display: Running engine for game: Internsheep
[2015.12.13-04.29.55:964][  0]LogPlatformFile: Not using cached read wrapper
[2015.12.13-04.29.55:964][  0]LogInit:Display: RandInit(1974360395) SRandInit(1974360396).
[2015.12.13-04.29.55:964][  0]LogTaskGraph: Started task graph with 4 named threads and 7 total threads.
[2015.12.13-04.29.55:964][  0]LogStats: Stats thread started at 0.068445
[2015.12.13-04.29.55:964][  0]LogInit: Version: 4.10.1-2791327+++depot+UE4-Releases+4.10
[2015.12.13-04.29.55:964][  0]LogInit: API Version: 2758231
[2015.12.13-04.29.55:964][  0]LogInit: Compiled (64-bit): Dec  4 2015 19:44:40
[2015.12.13-04.29.55:964][  0]LogInit: Compiled with Visual C++: 19.00.23026.00
[2015.12.13-04.29.55:964][  0]LogInit: Build Configuration: Development
[2015.12.13-04.29.55:964][  0]LogInit: Branch Name: ++depot+UE4-Releases+4.10
[2015.12.13-04.29.55:964][  0]LogInit: Command line:  
[2015.12.13-04.29.55:964][  0]LogInit: Base directory: D:/Program Files/Epic Games/4.10/Engine/Binaries/Win64/
[2015.12.13-04.29.55:964][  0]LogInit: Rocket: 1
[2015.12.13-04.29.55:969][  0]LogInit: Using libcurl 7.41.0
[2015.12.13-04.29.55:969][  0]LogInit:  - built for x86_64-pc-win32
[2015.12.13-04.29.55:969][  0]LogInit:  - supports SSL with WinSSL
[2015.12.13-04.29.55:969][  0]LogInit:  - other features:
[2015.12.13-04.29.55:969][  0]LogInit:      CURL_VERSION_SSL
[2015.12.13-04.29.55:969][  0]LogInit:      CURL_VERSION_IPV6
[2015.12.13-04.29.55:969][  0]LogInit:      CURL_VERSION_ASYNCHDNS
[2015.12.13-04.29.55:969][  0]LogInit:      CURL_VERSION_LARGEFILE
[2015.12.13-04.29.55:969][  0]LogInit:      CURL_VERSION_IDN
[2015.12.13-04.29.55:969][  0]LogInit:  CurlRequestOptions (configurable via config and command line):
[2015.12.13-04.29.55:969][  0]LogInit:  - bVerifyPeer = true  - Libcurl will verify peer certificate
[2015.12.13-04.29.55:969][  0]LogInit:  - bUseHttpProxy = false  - Libcurl will NOT use HTTP proxy
[2015.12.13-04.29.55:969][  0]LogInit:  - bDontReuseConnections = false  - Libcurl will reuse connections
[2015.12.13-04.29.55:969][  0]LogInit:  - CertBundlePath = nullptr  - Libcurl will use whatever was configured at build time.
[2015.12.13-04.29.55:973][  0]LogInit: Presizing for 0 objects not considered by GC, pre-allocating 0 bytes.
[2015.12.13-04.29.55:979][  0]LogInit: Object subsystem initialized
[2015.12.13-04.29.55:980][  0]LogInit: Selected Device Profile: [Windows]
[2015.12.13-04.29.55:980][  0]LogInit: Applying CVar settings loaded from the selected device profile: [Windows]
[2015.12.13-04.29.56:042][  0]LogInit: Computer: PIERRE
[2015.12.13-04.29.56:042][  0]LogInit: User: Pierre6991
[2015.12.13-04.29.56:042][  0]LogInit: CPU Page size=4096, Cores=4
[2015.12.13-04.29.56:042][  0]LogInit: High frequency timer resolution =2.338346 MHz
[2015.12.13-04.29.56:042][  0]LogMemory: Memory total: Physical=3.9GB (4GB approx)
[2015.12.13-04.29.56:042][  0]LogMemory: Platform Memory Stats for Windows
[2015.12.13-04.29.56:042][  0]LogMemory: Process Physical Memory: 55.39 MB used, 55.39 MB peak
[2015.12.13-04.29.56:042][  0]LogMemory: Process Virtual Memory: 58.97 MB used, 58.97 MB peak
[2015.12.13-04.29.56:042][  0]LogMemory: Physical Memory: 3259.38 MB used, 3981.01 MB total
[2015.12.13-04.29.56:042][  0]LogMemory: Virtual Memory: 369.49 MB used, 134217728.00 MB total
[2015.12.13-04.29.56:161][  0]LogTextLocalizationManager: No translations for ('fr-FR') exist, falling back to 'en' for localization and internationalization data.
[2015.12.13-04.29.56:728][  0]LogD3D11RHI: Found D3D11 adapter 0: NVIDIA GeForce GT 740M        (Feature Level 11_0)
[2015.12.13-04.29.56:728][  0]LogD3D11RHI: Adapter has 1992MB of dedicated video memory, 0MB of dedicated system memory, and 1990MB of shared system memory, 1 output[s]
[2015.12.13-04.29.56:745][  0]LogD3D11RHI: Found D3D11 adapter 1: NVIDIA GeForce GT 740M        (Feature Level 11_0)
[2015.12.13-04.29.56:745][  0]LogD3D11RHI: Adapter has 1992MB of dedicated video memory, 0MB of dedicated system memory, and 1990MB of shared system memory, 0 output[s]
[2015.12.13-04.29.56:746][  0]LogD3D11RHI: Found D3D11 adapter 2: Microsoft Basic Render Driver (Feature Level 11_0)
[2015.12.13-04.29.56:746][  0]LogD3D11RHI: Adapter has 1992MB of dedicated video memory, 0MB of dedicated system memory, and 1990MB of shared system memory, 0 output[s]
[2015.12.13-04.29.56:746][  0]LogD3D11RHI: Chosen D3D11 Adapter Id = 0
[2015.12.13-04.29.56:753][  0]LogD3D11RHI: !Direct3DDevice
[2015.12.13-04.29.56:753][  0]LogRHI: Texture pool is 1361 MB (70% of 1945 MB)
[2015.12.13-04.29.56:770][  0]LogD3D11RHI: Async texture creation enabled
[2015.12.13-04.29.56:786][  0]LogShaderCompilers: Guid format shader working directory is -9 characters bigger than the processId version (../../../../../../Download/Internsheep-max/Internsheep-max/Intermediate/Shaders/WorkingDirectory/5648/).
[2015.12.13-04.29.56:787][  0]LogShaderCompilers: Cleaned the shader compiler working directory 'C:/Users/PIERRE~1/AppData/Local/Temp/UnrealShaderWorkingDir/A3645B7243B4D2DF4040A88B2FAA5872/'.
[2015.12.13-04.29.56:787][  0]LogShaderCompilers:Display: Using Local Shader Compiler.
[2015.12.13-04.30.01:469][  0]LogTemp:Display: Loaded TP AllDesktopTargetPlatform
[2015.12.13-04.30.01:499][  0]LogTemp:Display: Loaded TP WindowsClientTargetPlatform
[2015.12.13-04.30.01:535][  0]LogTemp:Display: Loaded TP WindowsNoEditorTargetPlatform
[2015.12.13-04.30.01:556][  0]LogTemp:Display: Loaded TP WindowsServerTargetPlatform
[2015.12.13-04.30.01:579][  0]LogTemp:Display: Loaded TP WindowsTargetPlatform
[2015.12.13-04.30.01:654][  0]LogTemp:Display: Loaded TP AndroidTargetPlatform
[2015.12.13-04.30.01:718][  0]LogTemp:Display: Loaded TP Android_ASTCTargetPlatform
[2015.12.13-04.30.01:755][  0]LogTemp:Display: Loaded TP Android_ATCTargetPlatform
[2015.12.13-04.30.01:821][  0]LogTemp:Display: Loaded TP Android_DXTTargetPlatform
[2015.12.13-04.30.01:837][  0]LogTemp:Display: Loaded TP Android_ETC1TargetPlatform
[2015.12.13-04.30.01:871][  0]LogTemp:Display: Loaded TP Android_ETC2TargetPlatform
[2015.12.13-04.30.02:018][  0]LogTemp:Display: Loaded TP Android_MultiTargetPlatform
[2015.12.13-04.30.02:018][  0]LogTemp:Display: Loaded TP Android_PVRTCTargetPlatform
[2015.12.13-04.30.02:029][  0]LogTemp:Display: Loaded TP HTML5TargetPlatform
[2015.12.13-04.30.02:221][  0]LogTemp:Display: Loaded TP IOSTargetPlatform
[2015.12.13-04.30.02:234][  0]LogTemp:Display: Loaded TP LinuxNoEditorTargetPlatform
[2015.12.13-04.30.02:283][  0]LogTemp:Display: Loaded TP LinuxServerTargetPlatform
[2015.12.13-04.30.02:375][  0]LogTemp:Display: Loaded TP LinuxTargetPlatform
[2015.12.13-04.30.02:375][  0]LogTargetPlatformManager:Display: Building Assets For Windows
[2015.12.13-04.30.03:319][  0]LogDerivedDataCache:Display: Max Cache Size: 512 MB
[2015.12.13-04.30.03:923][  0]LogDerivedDataCache: Loaded boot cache 0.60s 41MB C:/Users/Pierre6991/AppData/Local/UnrealEngine/4.10/DerivedDataCache/Boot.ddc.
[2015.12.13-04.30.03:923][  0]LogDerivedDataCache:Display: Loaded Boot cache: C:/Users/Pierre6991/AppData/Local/UnrealEngine/4.10/DerivedDataCache/Boot.ddc
[2015.12.13-04.30.03:923][  0]LogDerivedDataCache: FDerivedDataBackendGraph:  Pak pak cache file ../../../../../../Download/Internsheep-max/Internsheep-max/DerivedDataCache/DDC.ddp not found, will not use a pak cache.
[2015.12.13-04.30.03:923][  0]LogDerivedDataCache: Unable to find inner node Pak for hierarchical cache Hierarchy.
[2015.12.13-04.30.03:924][  0]LogDerivedDataCache: FDerivedDataBackendGraph:  CompressedPak pak cache file ../../../../../../Download/Internsheep-max/Internsheep-max/DerivedDataCache/Compressed.ddp not found, will not use a pak cache.
[2015.12.13-04.30.03:924][  0]LogDerivedDataCache: Unable to find inner node CompressedPak for hierarchical cache Hierarchy.
[2015.12.13-04.30.04:069][  0]LogDerivedDataCache:Display: Pak cache opened for reading ../../../Engine/DerivedDataCache/Compressed.ddp.
[2015.12.13-04.30.04:082][  0]LogDerivedDataCache: Using Local data cache path C:/Users/Pierre6991/AppData/Local/UnrealEngine/Common/DerivedDataCache: Writable
[2015.12.13-04.30.14:801][  0]LogInit: Selected Device Profile: [Windows]
[2015.12.13-04.30.14:850][  0]LogContentStreaming: Texture pool size is 0.000000MB
[2015.12.13-04.30.15:219][  0]LogMeshUtilities: No automatic mesh reduction module available
[2015.12.13-04.30.15:219][  0]LogMeshUtilities: No automatic mesh merging module available
[2015.12.13-04.30.16:640][  0]LogInit: WinSock: version 1.1 (2.2), MaxSocks=32767, MaxUdp=65467
[2015.12.13-04.30.46:026][  0]UdpMessaging: Initializing bridge on interface 0.0.0.0:0 to multicast group 230.0.0.1:6666.
[2015.12.13-04.30.46:532][  0]LogAssetRegistry: FAssetRegistry took 0.0112 seconds to start up
[2015.12.13-04.30.47:660][  0]SourceControl: Info Source control is disabled
[2015.12.13-04.30.47:661][  0]SourceControl: Info Source control is disabled
[2015.12.13-04.30.47:719][  0]SourceControl: Info Source control is disabled
[2015.12.13-04.30.47:783][  0]SourceControl: Info Source control is disabled
[2015.12.13-04.30.49:550][  0]LogObj: 28633 objects as part of root set at end of initial load.
[2015.12.13-04.30.49:550][  0]LogUObjectAllocator: 6099744 out of 0 bytes used by permanent object pool.
[2015.12.13-04.30.49:790][  0]LogEngine: Initializing Engine...
[2015.12.13-04.30.49:794][  0]LogHMD: Can't find Oculus library dev build: is proper Runtime installed? Version: 0.8.0.0
[2015.12.13-04.30.49:841][  0]LogHMD: SteamVR failed to initialize.  Err: 110
[2015.12.13-04.30.49:966][  0]LogAIModule: Creating AISystem for world NewWorld
[2015.12.13-04.30.49:993][  0]LogInit: XAudio2 using 'Haut-parleurs (Realtek High Definition Audio)' : 2 channels at 48 kHz using 32 bits per sample (channel mask 0x3)
[2015.12.13-04.30.50:002][  0]LogInit: FAudioDevice initialized.
[2015.12.13-04.30.50:030][  0]LogDerivedDataCache: Saved boot cache 0.03s 41MB C:/Users/Pierre6991/AppData/Local/UnrealEngine/4.10/DerivedDataCache/Boot.ddc.
[2015.12.13-04.30.50:035][  0]LogInit: Texture streaming: Enabled
[2015.12.13-04.30.50:069][  0]LogAnalytics: Creating configured Analytics provider AnalyticsET
[2015.12.13-04.30.50:069][  0]LogAnalytics: [UEEditor.Rocket.Release] APIServer = http://et2.epicgames.com/ET2/. AppVersion = 4.10.1-2791327+++depot+UE4-Releases+4.10
[2015.12.13-04.30.50:069][  0]LogAnalytics: [UEEditor.Rocket.Release] SetUserId 9634230f474bfd6af3d7eca0853271ec|0564376c1eb44b439f5c4df5195a7a7e|dbd06198-ba12-401f-9f01-08593f6665de
[2015.12.13-04.30.50:070][  0]LogAnalytics: [UEEditor.Rocket.Release] AnalyticsET::StartSession
[2015.12.13-04.30.50:376][  0]LogInit: Transaction tracking system initialized
[2015.12.13-04.30.51:043][  0]BlueprintLog: New page: Editor Load
[2015.12.13-04.30.56:406][  0]LocalizationService: Info Localization service is disabled
[2015.12.13-04.30.59:018][  0]LogConsoleResponse:Display: 
[2015.12.13-04.31.01:606][  0]LogCook:Display: Done creating registry. It took  0.00s.
[2015.12.13-04.31.03:147][  0]LogFileCache: Scanning file cache for directory 'D:/Download/Internsheep-max/Internsheep-max/Content/' took 0.02s
[2015.12.13-04.31.03:391][  0]SourceControl: Info Source control is disabled
[2015.12.13-04.31.03:392][  0]Cmd: MAP LOAD FILE="../../../../../../Download/Internsheep-max/Internsheep-max/Content/New/Debut.umap" TEMPLATE=0 SHOWPROGRESS=1 FEATURELEVEL=3
[2015.12.13-04.31.03:421][  0]LogEditorServer:Warning: Can't find file '../../../../../../Download/Internsheep-max/Internsheep-max/Content/New/Debut.umap'
[2015.12.13-04.31.03:421][  0]Cmd: MAP CHECKDEP NOCLEARLOG
[2015.12.13-04.31.03:466][  0]MapCheck: Info Map check complete: 0 Error(s), 0 Warning(s), took 44.318ms to complete.
[2015.12.13-04.31.03:466][  0]LogFileHelpers: Loading map 'Debut' took 0.074
[2015.12.13-04.31.04:403][  0]LogCollectionManager: Loaded 0 collections in 0.003358 seconds
[2015.12.13-04.31.04:442][  0]LogFileCache: Scanning file cache for directory 'D:/Download/Internsheep-max/Internsheep-max/Saved/Collections/' took 0.01s
[2015.12.13-04.31.04:442][  0]LogFileCache: Scanning file cache for directory 'D:/Download/Internsheep-max/Internsheep-max/Content/Developers/Pierre6991/Collections/' took 0.01s
[2015.12.13-04.31.04:442][  0]LogFileCache: Scanning file cache for directory 'D:/Download/Internsheep-max/Internsheep-max/Content/Collections/' took 0.01s
[2015.12.13-04.31.04:442][  0]LogCollectionManager: Rebuilt the GUID cache for 0 collections in 0.000002 seconds
[2015.12.13-04.31.04:454][  0]LogContentBrowser: Native class hierarchy populated in 0.0120 seconds. Added 1893 classes and 338 folders.
[2015.12.13-04.31.04:460][  0]LogContentBrowser: Native class hierarchy updated for 'WidgetCarousel' in 0.0006 seconds. Added 0 classes and 0 folders.
[2015.12.13-04.31.08:957][  0]LogContentBrowser: Native class hierarchy updated for 'AddContentDialog' in 0.0004 seconds. Added 0 classes and 0 folders.
[2015.12.13-04.31.09:038][  0]LogContentBrowser: Native class hierarchy updated for 'SceneOutliner' in 0.0004 seconds. Added 1 classes and 2 folders.
[2015.12.13-04.31.09:544][  0]LogCrashTracker: Crashtracker disabled due to settings.
[2015.12.13-04.31.09:617][  0]LogUObjectGlobals:Warning: Failed to find object 'Class None.'
[2015.12.13-04.31.09:640][  0]LogLoad: Full Startup: 74.62 seconds (BP compile: 0.31 seconds)
[2015.12.13-04.31.09:986][  0]LogOcInput: Can't find Oculus library dev build: is proper Runtime installed? Version: 0.8.0.0
[2015.12.13-04.31.10:040][  0]LogContentStreaming: Texture pool size now 1000 MB
[2015.12.13-04.31.10:615][  0]LogRenderer: Reallocating scene render targets to support 1004x480 (Frame:2).
[2015.12.13-04.31.10:646][  1]LogFileCache: Retrieving MD5 hashes for directory 'D:/Download/Internsheep-max/Internsheep-max/Content/' took 0.65s
[2015.12.13-04.31.10:994][  2]LogAssetRegistry: Asset discovery search completed in 24.4732 seconds
[2015.12.13-04.31.10:994][  2]LogCollectionManager: Rebuilt the object cache for 0 collections in 0.000002 seconds (found 0 objects)
[2015.12.13-04.31.10:994][  2]LogCollectionManager: Fixed up redirectors for 0 collections in 0.000027 seconds (updated 0 objects)
[2015.12.13-04.32.03:170][249]LogLinker:Warning: Can't find file '/Game/NewPaperFlipbook'
[2015.12.13-04.32.03:170][249]LogLinker:Warning: Can't find file for asset '/Game/NewPaperFlipbook' while loading ../../../../../../Download/Internsheep-max/Internsheep-max/Content/Char2.uasset.
[2015.12.13-04.32.03:171][249]LoadErrors:Error: Error /Game/Char2 : Can't find file for asset. /Game/NewPaperFlipbook
[2015.12.13-04.32.03:171][249]LogLinker:Warning: Can't find file '/Game/NewPaperFlipbook'
[2015.12.13-04.32.03:171][249]LogLinker:Warning: Can't find file for asset '/Game/NewPaperFlipbook' while loading ../../../../../../Download/Internsheep-max/Internsheep-max/Content/Char2.uasset.
[2015.12.13-04.32.03:173][249]LogLinker:Warning: Can't find file '/Game/NewPaperFlipbook'
[2015.12.13-04.32.03:173][249]LogLinker:Warning: Can't find file for asset '/Game/NewPaperFlipbook' while loading ../../../../../../Download/Internsheep-max/Internsheep-max/Content/Plateforme/Actor_Couloir_Grand.uasset.
[2015.12.13-04.32.03:173][249]LoadErrors:Error: Error /Game/Plateforme/Actor_Couloir_Grand : Can't find file for asset. /Game/NewPaperFlipbook
[2015.12.13-04.32.03:173][249]LogLinker:Warning: Can't find file '/Game/NewPaperFlipbook'
[2015.12.13-04.32.03:174][249]LogLinker:Warning: Can't find file for asset '/Game/NewPaperFlipbook' while loading ../../../../../../Download/Internsheep-max/Internsheep-max/Content/Plateforme/Actor_Couloir_Grand.uasset.
[2015.12.13-04.32.03:174][249]LogLinker:Warning: Can't find file '/Game/NewPaperFlipbook'
[2015.12.13-04.32.03:174][249]LoadErrors: Info Failed to load /Game/NewPaperFlipbook.NewPaperFlipbook Referenced by Default__Char2_C
[2015.12.13-04.32.03:174][249]LogLinker:Warning: Can't find file for asset '/Game/NewPaperFlipbook' while loading ../../../../../../Download/Internsheep-max/Internsheep-max/Content/Plateforme/Actor_Couloir_Grand.uasset.
[2015.12.13-04.32.03:285][249]LogLinker:Warning: Can't find file '/Game/StarterContent/Materials/M_Basic_Wall'
[2015.12.13-04.32.03:286][249]LogLinker:Warning: Can't find file for asset '/Game/StarterContent/Materials/M_Basic_Wall' while loading ../../../../../../Download/Internsheep-max/Internsheep-max/Content/Mesh/InvisibleWall.uasset.
[2015.12.13-04.32.03:286][249]LoadErrors:Error: Error /Game/Mesh/InvisibleWall : Can't find file for asset. /Game/StarterContent/Materials/M_Basic_Wall
[2015.12.13-04.32.03:286][249]LogLinker:Warning: Can't find file '/Game/StarterContent/Materials/M_Basic_Wall'
[2015.12.13-04.32.03:286][249]LogLinker:Warning: Can't find file for asset '/Game/StarterContent/Materials/M_Basic_Wall' while loading ../../../../../../Download/Internsheep-max/Internsheep-max/Content/Mesh/InvisibleWall.uasset.
[2015.12.13-04.32.03:288][249]LogLinker:Warning: Can't find file '/Game/StarterContent/Architecture/Floor_400x400'
[2015.12.13-04.32.03:289][249]LogLinker:Warning: Can't find file for asset '/Game/StarterContent/Architecture/Floor_400x400' while loading ../../../../../../Download/Internsheep-max/Internsheep-max/Content/Old/Module1.uasset.
[2015.12.13-04.32.03:289][249]LoadErrors:Error: Error /Game/Old/Module1 : Can't find file for asset. /Game/StarterContent/Architecture/Floor_400x400
[2015.12.13-04.32.03:289][249]LogLinker:Warning: Can't find file '/Game/StarterContent/Shapes/Shape_Cylinder'
[2015.12.13-04.32.03:289][249]LogLinker:Warning: Can't find file for asset '/Game/StarterContent/Shapes/Shape_Cylinder' while loading ../../../../../../Download/Internsheep-max/Internsheep-max/Content/Old/Module1.uasset.
[2015.12.13-04.32.03:289][249]LoadErrors:Error: Error /Game/Old/Module1 : Can't find file for asset. /Game/StarterContent/Shapes/Shape_Cylinder
[2015.12.13-04.32.03:290][249]LogLinker:Warning: Can't find file '/Game/StarterContent/Architecture/Floor_400x400'
[2015.12.13-04.32.03:290][249]LogLinker:Warning: Can't find file for asset '/Game/StarterContent/Architecture/Floor_400x400' while loading ../../../../../../Download/Internsheep-max/Internsheep-max/Content/Old/Module1.uasset.
[2015.12.13-04.32.03:290][249]LogLinker:Warning: Can't find file '/Game/StarterContent/Shapes/Shape_Cylinder'
[2015.12.13-04.32.03:290][249]LogLinker:Warning: Can't find file for asset '/Game/StarterContent/Shapes/Shape_Cylinder' while loading ../../../../../../Download/Internsheep-max/Internsheep-max/Content/Old/Module1.uasset.
[2015.12.13-04.32.03:295][249]LogLinker:Warning: Can't find file '/Game/StarterContent/Architecture/Floor_400x400'
[2015.12.13-04.32.03:295][249]LogLinker:Warning: Can't find file for asset '/Game/StarterContent/Architecture/Floor_400x400' while loading ../../../../../../Download/Internsheep-max/Internsheep-max/Content/Plateforme/Actor_Couloir_Grand.uasset.
[2015.12.13-04.32.03:295][249]LoadErrors:Error: Error /Game/Plateforme/Actor_Couloir_Grand : Can't find file for asset. /Game/StarterContent/Architecture/Floor_400x400
[2015.12.13-04.32.03:295][249]LogLinker:Warning: Can't find file '/Game/StarterContent/Shapes/Shape_Cylinder'
[2015.12.13-04.32.03:295][249]LogLinker:Warning: Can't find file for asset '/Game/StarterContent/Shapes/Shape_Cylinder' while loading ../../../../../../Download/Internsheep-max/Internsheep-max/Content/Plateforme/Actor_Couloir_Grand.uasset.
[2015.12.13-04.32.03:295][249]LoadErrors:Error: Error /Game/Plateforme/Actor_Couloir_Grand : Can't find file for asset. /Game/StarterContent/Shapes/Shape_Cylinder
[2015.12.13-04.32.03:295][249]LogLinker:Warning: Can't find file '/Game/StarterContent/Architecture/Floor_400x400'
[2015.12.13-04.32.03:295][249]LogLinker:Warning: Can't find file for asset '/Game/StarterContent/Architecture/Floor_400x400' while loading ../../../../../../Download/Internsheep-max/Internsheep-max/Content/Plateforme/Actor_Couloir_Grand.uasset.
[2015.12.13-04.32.03:295][249]LogLinker:Warning: Can't find file '/Game/StarterContent/Shapes/Shape_Cylinder'
[2015.12.13-04.32.03:295][249]LogLinker:Warning: Can't find file for asset '/Game/StarterContent/Shapes/Shape_Cylinder' while loading ../../../../../../Download/Internsheep-max/Internsheep-max/Content/Plateforme/Actor_Couloir_Grand.uasset.
[2015.12.13-04.32.03:360][249]LogLinker:Warning: Can't find file '/Game/StarterContent/Architecture/Floor_400x400'
[2015.12.13-04.32.03:360][249]LoadErrors: Info Failed to load /Game/StarterContent/Architecture/Floor_400x400.Floor_400x400 Referenced by floor_GEN_VARIABLE
[2015.12.13-04.32.03:361][249]LogLinker:Warning: Can't find file for asset '/Game/StarterContent/Architecture/Floor_400x400' while loading ../../../../../../Download/Internsheep-max/Internsheep-max/Content/Plateforme/Actor_Couloir_Grand.uasset.
[2015.12.13-04.32.03:362][249]LogLinker:Warning: Can't find file '/Game/StarterContent/Shapes/Shape_Cylinder'
[2015.12.13-04.32.03:362][249]LoadErrors: Info Failed to load /Game/StarterContent/Shapes/Shape_Cylinder.Shape_Cylinder Referenced by ori_GEN_VARIABLE
[2015.12.13-04.32.03:362][249]LogLinker:Warning: Can't find file for asset '/Game/StarterContent/Shapes/Shape_Cylinder' while loading ../../../../../../Download/Internsheep-max/Internsheep-max/Content/Plateforme/Actor_Couloir_Grand.uasset.
[2015.12.13-04.32.06:117][249]LogLinker:Warning: Can't find file '/Game/StarterContent/Materials/M_Basic_Wall'
[2015.12.13-04.32.06:118][249]LoadErrors: Info Failed to load /Game/StarterContent/Materials/M_Basic_Wall.M_Basic_Wall Referenced by InvisibleWall
[2015.12.13-04.32.06:118][249]LogLinker:Warning: Can't find file for asset '/Game/StarterContent/Materials/M_Basic_Wall' while loading NULL.
[2015.12.13-04.32.09:763][275]LogLinker:Warning: Asset '../../../Engine/Content/ArtTools/RenderToTexture/Macros/RenderToTextureMacros.uasset' has been saved with empty engine version. The asset will be loaded but may be incompatible.
[2015.12.13-04.32.11:019][275]LogContentBrowser: Native class hierarchy updated for 'BlueprintGraph' in 0.0010 seconds. Added 107 classes and 0 folders.
[2015.12.13-04.32.11:652][275]LogScript:Warning: Attempted to get an item from array CallFunc_GetAllWidgetsOfClass_FoundWidgets out of bounds [0/0]!
[2015.12.13-04.32.11:653][275]LogScript:Warning: Accessed None 'MessageCharacter'
	Actor_Couloir_Grand_C /Engine/Transient.World_2:PersistentLevel.Actor_Couloir_Grand_C_0
	Function /Game/Plateforme/Actor_Couloir_Grand.Actor_Couloir_Grand_C:ExecuteUbergraph_Actor_Couloir_Grand:051C
[2015.12.13-04.32.11:653][275]LogScript:Warning: Accessed None 'MessageCharacter'
	Actor_Couloir_Grand_C /Engine/Transient.World_2:PersistentLevel.Actor_Couloir_Grand_C_0
	Function /Game/Plateforme/Actor_Couloir_Grand.Actor_Couloir_Grand_C:ExecuteUbergraph_Actor_Couloir_Grand:0932
[2015.12.13-04.32.11:653][275]LogScript:Warning: Accessed None 'MessageCharacter'
	Actor_Couloir_Grand_C /Engine/Transient.World_2:PersistentLevel.Actor_Couloir_Grand_C_0
	Function /Game/Plateforme/Actor_Couloir_Grand.Actor_Couloir_Grand_C:ExecuteUbergraph_Actor_Couloir_Grand:0A60
[2015.12.13-04.32.11:653][275]LogScript:Warning: Accessed None 'MessageCharacter'
	Actor_Couloir_Grand_C /Engine/Transient.World_2:PersistentLevel.Actor_Couloir_Grand_C_0
	Function /Game/Plateforme/Actor_Couloir_Grand.Actor_Couloir_Grand_C:ExecuteUbergraph_Actor_Couloir_Grand:0371
[2015.12.13-04.32.11:653][275]LogScript:Warning: Accessed None 'MessageCharacter'
	Actor_Couloir_Grand_C /Engine/Transient.World_2:PersistentLevel.Actor_Couloir_Grand_C_0
	Function /Game/Plateforme/Actor_Couloir_Grand.Actor_Couloir_Grand_C:ExecuteUbergraph_Actor_Couloir_Grand:02DA
[2015.12.13-04.32.11:653][275]LogScript:Warning: Accessed None 'MessageCharacter'
	Actor_Couloir_Grand_C /Engine/Transient.World_2:PersistentLevel.Actor_Couloir_Grand_C_0
	Function /Game/Plateforme/Actor_Couloir_Grand.Actor_Couloir_Grand_C:ExecuteUbergraph_Actor_Couloir_Grand:0115
[2015.12.13-04.32.11:653][275]LogScript:Warning: Accessed None 'MessageCharacter'
	Actor_Couloir_Grand_C /Engine/Transient.World_2:PersistentLevel.Actor_Couloir_Grand_C_0
	Function /Game/Plateforme/Actor_Couloir_Grand.Actor_Couloir_Grand_C:ExecuteUbergraph_Actor_Couloir_Grand:051C
[2015.12.13-04.32.11:653][275]LogScript:Warning: Accessed None 'MessageCharacter'
	Actor_Couloir_Grand_C /Engine/Transient.World_2:PersistentLevel.Actor_Couloir_Grand_C_0
	Function /Game/Plateforme/Actor_Couloir_Grand.Actor_Couloir_Grand_C:ExecuteUbergraph_Actor_Couloir_Grand:02DA
[2015.12.13-04.32.11:654][275]LogScript:Warning: Accessed None 'MessageCharacter'
	Actor_Couloir_Grand_C /Engine/Transient.World_2:PersistentLevel.Actor_Couloir_Grand_C_0
	Function /Game/Plateforme/Actor_Couloir_Grand.Actor_Couloir_Grand_C:ExecuteUbergraph_Actor_Couloir_Grand:0115
[2015.12.13-04.32.11:654][275]LogScript:Warning: Accessed None 'MessageCharacter'
	Actor_Couloir_Grand_C /Engine/Transient.World_2:PersistentLevel.Actor_Couloir_Grand_C_0
	Function /Game/Plateforme/Actor_Couloir_Grand.Actor_Couloir_Grand_C:ExecuteUbergraph_Actor_Couloir_Grand:0371
[2015.12.13-04.32.11:654][275]LogScript:Warning: Accessed None 'MessageCharacter'
	Actor_Couloir_Grand_C /Engine/Transient.World_2:PersistentLevel.Actor_Couloir_Grand_C_0
	Function /Game/Plateforme/Actor_Couloir_Grand.Actor_Couloir_Grand_C:ExecuteUbergraph_Actor_Couloir_Grand:0115
[2015.12.13-04.32.11:654][275]LogScript:Warning: Accessed None 'MessageCharacter'
	Actor_Couloir_Grand_C /Engine/Transient.World_2:PersistentLevel.Actor_Couloir_Grand_C_0
	Function /Game/Plateforme/Actor_Couloir_Grand.Actor_Couloir_Grand_C:ExecuteUbergraph_Actor_Couloir_Grand:0115
[2015.12.13-04.32.11:654][275]LogScript:Warning: Accessed None 'MessageCharacter'
	Actor_Couloir_Grand_C /Engine/Transient.World_2:PersistentLevel.Actor_Couloir_Grand_C_0
	Function /Game/Plateforme/Actor_Couloir_Grand.Actor_Couloir_Grand_C:ExecuteUbergraph_Actor_Couloir_Grand:0371
[2015.12.13-04.32.11:654][275]LogScript:Warning: Accessed None 'MessageCharacter'
	Actor_Couloir_Grand_C /Engine/Transient.World_2:PersistentLevel.Actor_Couloir_Grand_C_0
	Function /Game/Plateforme/Actor_Couloir_Grand.Actor_Couloir_Grand_C:ExecuteUbergraph_Actor_Couloir_Grand:0371
[2015.12.13-04.32.11:654][275]LogScript:Warning: Accessed None 'MessageCharacter'
	Actor_Couloir_Grand_C /Engine/Transient.World_2:PersistentLevel.Actor_Couloir_Grand_C_0
	Function /Game/Plateforme/Actor_Couloir_Grand.Actor_Couloir_Grand_C:ExecuteUbergraph_Actor_Couloir_Grand:02DA
[2015.12.13-04.32.11:654][275]LogScript:Warning: Accessed None 'MessageCharacter'
	Actor_Couloir_Grand_C /Engine/Transient.World_2:PersistentLevel.Actor_Couloir_Grand_C_0
	Function /Game/Plateforme/Actor_Couloir_Grand.Actor_Couloir_Grand_C:ExecuteUbergraph_Actor_Couloir_Grand:02DA
[2015.12.13-04.32.11:654][275]LogScript:Warning: Accessed None 'MessageCharacter'
	Actor_Couloir_Grand_C /Engine/Transient.World_2:PersistentLevel.Actor_Couloir_Grand_C_0
	Function /Game/Plateforme/Actor_Couloir_Grand.Actor_Couloir_Grand_C:ExecuteUbergraph_Actor_Couloir_Grand:051C
[2015.12.13-04.32.24:285][637]LogScript:Warning: Attempted to get an item from array CallFunc_GetAllWidgetsOfClass_FoundWidgets out of bounds [0/0]!
[2015.12.13-04.32.24:413][642]LogRenderer: Reallocating scene render targets to support 1004x760 (Frame:582).
[2015.12.13-04.34.40:111][ 30]LogParticles: Destroying 0 GPU particle simulations for FXSystem 0x0000001502C62FC0
[2015.12.13-04.34.57:966][ 30]Cmd: OBJ SAVEPACKAGE PACKAGE="/Game/Plateforme/Actor_Couloir_Grand" FILE="../../../../../../Download/Internsheep-max/Internsheep-max/Content/Plateforme/Actor_Couloir_Grand.uasset" SILENT=true
[2015.12.13-04.34.59:370][ 30]LogSavePackage: Save=1337.175903ms
[2015.12.13-04.34.59:370][ 30]LogSavePackage: Moving '../../../../../../Download/Internsheep-max/Internsheep-max/Saved/Actor_Couloir_Grand7FB76A4C4235BB8DF6C68CB7D70D18BB.tmp' to '../../../../../../Download/Internsheep-max/Internsheep-max/Content/Plateforme/Actor_Couloir_Grand.uasset'
[2015.12.13-04.34.59:381][ 30]LogSavePackage: Total save time: 1412.172109ms
[2015.12.13-04.34.59:382][ 30]LogSavePackage:Display: Finished SavePackage ../../../../../../Download/Internsheep-max/Internsheep-max/Content/Plateforme/Actor_Couloir_Grand.uasset
[2015.12.13-04.34.59:417][ 30]Cmd: OBJ SAVEPACKAGE PACKAGE="/Game/Sprites/couloir_grand_Sprite" FILE="../../../../../../Download/Internsheep-max/Internsheep-max/Content/Sprites/couloir_grand_Sprite.uasset" SILENT=true
[2015.12.13-04.34.59:429][ 30]LogSavePackage: Save=4.183299ms
[2015.12.13-04.34.59:429][ 30]LogSavePackage: Moving '../../../../../../Download/Internsheep-max/Internsheep-max/Saved/couloir_grand_Sprite4335BE684D51314D42B77DBB0800B8EC.tmp' to '../../../../../../Download/Internsheep-max/Internsheep-max/Content/Sprites/couloir_grand_Sprite.uasset'
[2015.12.13-04.34.59:437][ 30]LogSavePackage: Total save time: 16.639113ms
[2015.12.13-04.34.59:437][ 30]LogSavePackage:Display: Finished SavePackage ../../../../../../Download/Internsheep-max/Internsheep-max/Content/Sprites/couloir_grand_Sprite.uasset
[2015.12.13-04.35.19:121][775]LogLinker:Warning: Can't find file '/Game/NewPaperFlipbook'
[2015.12.13-04.35.19:121][775]LogLinker:Warning: Can't find file for asset '/Game/NewPaperFlipbook' while loading ../../../../../../Download/Internsheep-max/Internsheep-max/Content/Char2.uasset.
[2015.12.13-04.35.19:122][775]LogLinker:Warning: Can't find file '/Game/NewPaperFlipbook'
[2015.12.13-04.35.19:122][775]LogLinker:Warning: Can't find file for asset '/Game/NewPaperFlipbook' while loading ../../../../../../Download/Internsheep-max/Internsheep-max/Content/Char2.uasset.
[2015.12.13-04.35.19:137][775]LogLinker:Warning: Can't find file '/Game/StarterContent/Materials/M_Basic_Wall'
[2015.12.13-04.35.19:137][775]LogLinker:Warning: Can't find file for asset '/Game/StarterContent/Materials/M_Basic_Wall' while loading ../../../../../../Download/Internsheep-max/Internsheep-max/Content/Mesh/InvisibleWall.uasset.
[2015.12.13-04.35.19:137][775]LogLinker:Warning: Can't find file '/Game/StarterContent/Materials/M_Basic_Wall'
[2015.12.13-04.35.19:138][775]LogLinker:Warning: Can't find file for asset '/Game/StarterContent/Materials/M_Basic_Wall' while loading ../../../../../../Download/Internsheep-max/Internsheep-max/Content/Mesh/InvisibleWall.uasset.
[2015.12.13-04.35.19:138][775]LogLinker:Warning: Can't find file '/Game/StarterContent/Architecture/Floor_400x400'
[2015.12.13-04.35.19:138][775]LogLinker:Warning: Can't find file for asset '/Game/StarterContent/Architecture/Floor_400x400' while loading ../../../../../../Download/Internsheep-max/Internsheep-max/Content/Old/Module1.uasset.
[2015.12.13-04.35.19:138][775]LogLinker:Warning: Can't find file '/Game/StarterContent/Shapes/Shape_Cylinder'
[2015.12.13-04.35.19:138][775]LogLinker:Warning: Can't find file for asset '/Game/StarterContent/Shapes/Shape_Cylinder' while loading ../../../../../../Download/Internsheep-max/Internsheep-max/Content/Old/Module1.uasset.
[2015.12.13-04.35.19:139][775]LogLinker:Warning: Can't find file '/Game/StarterContent/Architecture/Floor_400x400'
[2015.12.13-04.35.19:139][775]LogLinker:Warning: Can't find file for asset '/Game/StarterContent/Architecture/Floor_400x400' while loading ../../../../../../Download/Internsheep-max/Internsheep-max/Content/Old/Module1.uasset.
[2015.12.13-04.35.19:139][775]LogLinker:Warning: Can't find file '/Game/StarterContent/Shapes/Shape_Cylinder'
[2015.12.13-04.35.19:139][775]LogLinker:Warning: Can't find file for asset '/Game/StarterContent/Shapes/Shape_Cylinder' while loading ../../../../../../Download/Internsheep-max/Internsheep-max/Content/Old/Module1.uasset.
[2015.12.13-04.35.19:311][775]Cmd: OBJ SAVEPACKAGE PACKAGE="/Game/Sprites/couloir_grand_Sprite" FILE="../../../../../../Download/Internsheep-max/Internsheep-max/Content/Sprites/couloir_grand_Sprite.uasset" SILENT=true
[2015.12.13-04.35.19:320][775]LogSavePackage: Save=5.876803ms
[2015.12.13-04.35.19:320][775]LogSavePackage: Moving '../../../../../../Download/Internsheep-max/Internsheep-max/Saved/couloir_grand_Sprite96544ACE46DEFF909BC6EE8302239793.tmp' to '../../../../../../Download/Internsheep-max/Internsheep-max/Content/Sprites/couloir_grand_Sprite.uasset'
[2015.12.13-04.35.19:323][775]LogSavePackage: Total save time: 10.243565ms
[2015.12.13-04.35.19:323][775]LogSavePackage:Display: Finished SavePackage ../../../../../../Download/Internsheep-max/Internsheep-max/Content/Sprites/couloir_grand_Sprite.uasset
[2015.12.13-04.35.19:747][775]Cmd: OBJ SAVEPACKAGE PACKAGE="/Game/Plateforme/Actor_Couloir_Grand" FILE="../../../../../../Download/Internsheep-max/Internsheep-max/Content/Plateforme/Actor_Couloir_Grand.uasset" SILENT=true
[2015.12.13-04.35.21:348][775]LogSavePackage: Save=1593.924561ms
[2015.12.13-04.35.21:348][775]LogSavePackage: Moving '../../../../../../Download/Internsheep-max/Internsheep-max/Saved/Actor_Couloir_Grand1ADA0E4A41A09B65D104A1A3E5FBE3F1.tmp' to '../../../../../../Download/Internsheep-max/Internsheep-max/Content/Plateforme/Actor_Couloir_Grand.uasset'
[2015.12.13-04.35.21:352][775]LogSavePackage: Total save time: 1601.438794ms
[2015.12.13-04.35.21:352][775]LogSavePackage:Display: Finished SavePackage ../../../../../../Download/Internsheep-max/Internsheep-max/Content/Plateforme/Actor_Couloir_Grand.uasset
[2015.12.13-04.35.21:364][775]Cmd: OBJ SAVEPACKAGE PACKAGE="/Game/Sprites/couloir_grand_Sprite" FILE="../../../../../../Download/Internsheep-max/Internsheep-max/Content/Sprites/couloir_grand_Sprite.uasset" SILENT=true
[2015.12.13-04.35.21:368][775]LogSavePackage: Save=2.018093ms
[2015.12.13-04.35.21:368][775]LogSavePackage: Moving '../../../../../../Download/Internsheep-max/Internsheep-max/Saved/couloir_grand_Sprite46331E7C4F9EF80A1A3EEC922BAE4D3D.tmp' to '../../../../../../Download/Internsheep-max/Internsheep-max/Content/Sprites/couloir_grand_Sprite.uasset'
[2015.12.13-04.35.21:369][775]LogSavePackage: Total save time: 4.678521ms
[2015.12.13-04.35.21:369][775]LogSavePackage:Display: Finished SavePackage ../../../../../../Download/Internsheep-max/Internsheep-max/Content/Sprites/couloir_grand_Sprite.uasset
[2015.12.13-04.35.24:254][831]LogScript:Warning: Attempted to get an item from array CallFunc_GetAllWidgetsOfClass_FoundWidgets out of bounds [0/0]!
[2015.12.13-04.35.24:255][831]LogScript:Warning: Accessed None 'MessageCharacter'
	Actor_Couloir_Grand_C /Engine/Transient.World_4:PersistentLevel.Actor_Couloir_Grand_C_44
	Function /Game/Plateforme/Actor_Couloir_Grand.Actor_Couloir_Grand_C:ExecuteUbergraph_Actor_Couloir_Grand:051C
[2015.12.13-04.35.24:255][831]LogScript:Warning: Accessed None 'MessageCharacter'
	Actor_Couloir_Grand_C /Engine/Transient.World_4:PersistentLevel.Actor_Couloir_Grand_C_44
	Function /Game/Plateforme/Actor_Couloir_Grand.Actor_Couloir_Grand_C:ExecuteUbergraph_Actor_Couloir_Grand:0932
[2015.12.13-04.35.24:255][831]LogScript:Warning: Accessed None 'MessageCharacter'
	Actor_Couloir_Grand_C /Engine/Transient.World_4:PersistentLevel.Actor_Couloir_Grand_C_44
	Function /Game/Plateforme/Actor_Couloir_Grand.Actor_Couloir_Grand_C:ExecuteUbergraph_Actor_Couloir_Grand:0A60
[2015.12.13-04.35.24:255][831]LogScript:Warning: Accessed None 'MessageCharacter'
	Actor_Couloir_Grand_C /Engine/Transient.World_4:PersistentLevel.Actor_Couloir_Grand_C_44
	Function /Game/Plateforme/Actor_Couloir_Grand.Actor_Couloir_Grand_C:ExecuteUbergraph_Actor_Couloir_Grand:0371
[2015.12.13-04.35.24:255][831]LogScript:Warning: Accessed None 'MessageCharacter'
	Actor_Couloir_Grand_C /Engine/Transient.World_4:PersistentLevel.Actor_Couloir_Grand_C_44
	Function /Game/Plateforme/Actor_Couloir_Grand.Actor_Couloir_Grand_C:ExecuteUbergraph_Actor_Couloir_Grand:02DA
[2015.12.13-04.35.24:255][831]LogScript:Warning: Accessed None 'MessageCharacter'
	Actor_Couloir_Grand_C /Engine/Transient.World_4:PersistentLevel.Actor_Couloir_Grand_C_44
	Function /Game/Plateforme/Actor_Couloir_Grand.Actor_Couloir_Grand_C:ExecuteUbergraph_Actor_Couloir_Grand:0115
[2015.12.13-04.35.24:255][831]LogScript:Warning: Accessed None 'MessageCharacter'
	Actor_Couloir_Grand_C /Engine/Transient.World_4:PersistentLevel.Actor_Couloir_Grand_C_44
	Function /Game/Plateforme/Actor_Couloir_Grand.Actor_Couloir_Grand_C:ExecuteUbergraph_Actor_Couloir_Grand:051C
[2015.12.13-04.35.24:255][831]LogScript:Warning: Accessed None 'MessageCharacter'
	Actor_Couloir_Grand_C /Engine/Transient.World_4:PersistentLevel.Actor_Couloir_Grand_C_44
	Function /Game/Plateforme/Actor_Couloir_Grand.Actor_Couloir_Grand_C:ExecuteUbergraph_Actor_Couloir_Grand:02DA
[2015.12.13-04.35.24:255][831]LogScript:Warning: Accessed None 'MessageCharacter'
	Actor_Couloir_Grand_C /Engine/Transient.World_4:PersistentLevel.Actor_Couloir_Grand_C_44
	Function /Game/Plateforme/Actor_Couloir_Grand.Actor_Couloir_Grand_C:ExecuteUbergraph_Actor_Couloir_Grand:0115
[2015.12.13-04.35.24:255][831]LogScript:Warning: Accessed None 'MessageCharacter'
	Actor_Couloir_Grand_C /Engine/Transient.World_4:PersistentLevel.Actor_Couloir_Grand_C_44
	Function /Game/Plateforme/Actor_Couloir_Grand.Actor_Couloir_Grand_C:ExecuteUbergraph_Actor_Couloir_Grand:0371
[2015.12.13-04.35.24:255][831]LogScript:Warning: Accessed None 'MessageCharacter'
	Actor_Couloir_Grand_C /Engine/Transient.World_4:PersistentLevel.Actor_Couloir_Grand_C_44
	Function /Game/Plateforme/Actor_Couloir_Grand.Actor_Couloir_Grand_C:ExecuteUbergraph_Actor_Couloir_Grand:0115
[2015.12.13-04.35.24:255][831]LogScript:Warning: Accessed None 'MessageCharacter'
	Actor_Couloir_Grand_C /Engine/Transient.World_4:PersistentLevel.Actor_Couloir_Grand_C_44
	Function /Game/Plateforme/Actor_Couloir_Grand.Actor_Couloir_Grand_C:ExecuteUbergraph_Actor_Couloir_Grand:0115
[2015.12.13-04.35.24:255][831]LogScript:Warning: Accessed None 'MessageCharacter'
	Actor_Couloir_Grand_C /Engine/Transient.World_4:PersistentLevel.Actor_Couloir_Grand_C_44
	Function /Game/Plateforme/Actor_Couloir_Grand.Actor_Couloir_Grand_C:ExecuteUbergraph_Actor_Couloir_Grand:0371
[2015.12.13-04.35.24:255][831]LogScript:Warning: Accessed None 'MessageCharacter'
	Actor_Couloir_Grand_C /Engine/Transient.World_4:PersistentLevel.Actor_Couloir_Grand_C_44
	Function /Game/Plateforme/Actor_Couloir_Grand.Actor_Couloir_Grand_C:ExecuteUbergraph_Actor_Couloir_Grand:0371
[2015.12.13-04.35.24:255][831]LogScript:Warning: Accessed None 'MessageCharacter'
	Actor_Couloir_Grand_C /Engine/Transient.World_4:PersistentLevel.Actor_Couloir_Grand_C_44
	Function /Game/Plateforme/Actor_Couloir_Grand.Actor_Couloir_Grand_C:ExecuteUbergraph_Actor_Couloir_Grand:02DA
[2015.12.13-04.35.24:255][831]LogScript:Warning: Accessed None 'MessageCharacter'
	Actor_Couloir_Grand_C /Engine/Transient.World_4:PersistentLevel.Actor_Couloir_Grand_C_44
	Function /Game/Plateforme/Actor_Couloir_Grand.Actor_Couloir_Grand_C:ExecuteUbergraph_Actor_Couloir_Grand:02DA
[2015.12.13-04.35.24:255][831]LogScript:Warning: Accessed None 'MessageCharacter'
	Actor_Couloir_Grand_C /Engine/Transient.World_4:PersistentLevel.Actor_Couloir_Grand_C_44
	Function /Game/Plateforme/Actor_Couloir_Grand.Actor_Couloir_Grand_C:ExecuteUbergraph_Actor_Couloir_Grand:051C
[2015.12.13-04.35.25:834][865]LogScript:Warning: Attempted to get an item from array CallFunc_GetAllWidgetsOfClass_FoundWidgets out of bounds [0/0]!
[2015.12.13-04.41.28:139][473]LogFileHelpers: Editor autosave (incl. sublevels) for '/Temp/Untitled_0' took 7.059
[2015.12.13-04.47.22:988][539]LogScript:Warning: Attempted to get an item from array CallFunc_GetAllWidgetsOfClass_FoundWidgets out of bounds [0/0]!
[2015.12.13-04.47.23:639][539]LogScript:Warning: Accessed None 'MessageCharacter'
	Actor_Couloir_Grand_C /Engine/Transient.World_5:PersistentLevel.Actor_Couloir_Grand_C_88
	Function /Game/Plateforme/Actor_Couloir_Grand.Actor_Couloir_Grand_C:ExecuteUbergraph_Actor_Couloir_Grand:051C
[2015.12.13-04.47.23:639][539]LogScript:Warning: Accessed None 'MessageCharacter'
	Actor_Couloir_Grand_C /Engine/Transient.World_5:PersistentLevel.Actor_Couloir_Grand_C_88
	Function /Game/Plateforme/Actor_Couloir_Grand.Actor_Couloir_Grand_C:ExecuteUbergraph_Actor_Couloir_Grand:0932
[2015.12.13-04.47.23:639][539]LogScript:Warning: Accessed None 'MessageCharacter'
	Actor_Couloir_Grand_C /Engine/Transient.World_5:PersistentLevel.Actor_Couloir_Grand_C_88
	Function /Game/Plateforme/Actor_Couloir_Grand.Actor_Couloir_Grand_C:ExecuteUbergraph_Actor_Couloir_Grand:0A60
[2015.12.13-04.47.23:639][539]LogScript:Warning: Accessed None 'MessageCharacter'
	Actor_Couloir_Grand_C /Engine/Transient.World_5:PersistentLevel.Actor_Couloir_Grand_C_88
	Function /Game/Plateforme/Actor_Couloir_Grand.Actor_Couloir_Grand_C:ExecuteUbergraph_Actor_Couloir_Grand:0371
[2015.12.13-04.47.23:639][539]LogScript:Warning: Accessed None 'MessageCharacter'
	Actor_Couloir_Grand_C /Engine/Transient.World_5:PersistentLevel.Actor_Couloir_Grand_C_88
	Function /Game/Plateforme/Actor_Couloir_Grand.Actor_Couloir_Grand_C:ExecuteUbergraph_Actor_Couloir_Grand:02DA
[2015.12.13-04.47.23:639][539]LogScript:Warning: Accessed None 'MessageCharacter'
	Actor_Couloir_Grand_C /Engine/Transient.World_5:PersistentLevel.Actor_Couloir_Grand_C_88
	Function /Game/Plateforme/Actor_Couloir_Grand.Actor_Couloir_Grand_C:ExecuteUbergraph_Actor_Couloir_Grand:0115
[2015.12.13-04.47.23:639][539]LogScript:Warning: Accessed None 'MessageCharacter'
	Actor_Couloir_Grand_C /Engine/Transient.World_5:PersistentLevel.Actor_Couloir_Grand_C_88
	Function /Game/Plateforme/Actor_Couloir_Grand.Actor_Couloir_Grand_C:ExecuteUbergraph_Actor_Couloir_Grand:051C
[2015.12.13-04.47.23:639][539]LogScript:Warning: Accessed None 'MessageCharacter'
	Actor_Couloir_Grand_C /Engine/Transient.World_5:PersistentLevel.Actor_Couloir_Grand_C_88
	Function /Game/Plateforme/Actor_Couloir_Grand.Actor_Couloir_Grand_C:ExecuteUbergraph_Actor_Couloir_Grand:02DA
[2015.12.13-04.47.23:639][539]LogScript:Warning: Accessed None 'MessageCharacter'
	Actor_Couloir_Grand_C /Engine/Transient.World_5:PersistentLevel.Actor_Couloir_Grand_C_88
	Function /Game/Plateforme/Actor_Couloir_Grand.Actor_Couloir_Grand_C:ExecuteUbergraph_Actor_Couloir_Grand:0115
[2015.12.13-04.47.23:639][539]LogScript:Warning: Accessed None 'MessageCharacter'
	Actor_Couloir_Grand_C /Engine/Transient.World_5:PersistentLevel.Actor_Couloir_Grand_C_88
	Function /Game/Plateforme/Actor_Couloir_Grand.Actor_Couloir_Grand_C:ExecuteUbergraph_Actor_Couloir_Grand:0371
[2015.12.13-04.47.23:639][539]LogScript:Warning: Accessed None 'MessageCharacter'
	Actor_Couloir_Grand_C /Engine/Transient.World_5:PersistentLevel.Actor_Couloir_Grand_C_88
	Function /Game/Plateforme/Actor_Couloir_Grand.Actor_Couloir_Grand_C:ExecuteUbergraph_Actor_Couloir_Grand:0115
[2015.12.13-04.47.23:639][539]LogScript:Warning: Accessed None 'MessageCharacter'
	Actor_Couloir_Grand_C /Engine/Transient.World_5:PersistentLevel.Actor_Couloir_Grand_C_88
	Function /Game/Plateforme/Actor_Couloir_Grand.Actor_Couloir_Grand_C:ExecuteUbergraph_Actor_Couloir_Grand:0115
[2015.12.13-04.47.23:639][539]LogScript:Warning: Accessed None 'MessageCharacter'
	Actor_Couloir_Grand_C /Engine/Transient.World_5:PersistentLevel.Actor_Couloir_Grand_C_88
	Function /Game/Plateforme/Actor_Couloir_Grand.Actor_Couloir_Grand_C:ExecuteUbergraph_Actor_Couloir_Grand:0371
[2015.12.13-04.47.23:639][539]LogScript:Warning: Accessed None 'MessageCharacter'
	Actor_Couloir_Grand_C /Engine/Transient.World_5:PersistentLevel.Actor_Couloir_Grand_C_88
	Function /Game/Plateforme/Actor_Couloir_Grand.Actor_Couloir_Grand_C:ExecuteUbergraph_Actor_Couloir_Grand:0371
[2015.12.13-04.47.23:639][539]LogScript:Warning: Accessed None 'MessageCharacter'
	Actor_Couloir_Grand_C /Engine/Transient.World_5:PersistentLevel.Actor_Couloir_Grand_C_88
	Function /Game/Plateforme/Actor_Couloir_Grand.Actor_Couloir_Grand_C:ExecuteUbergraph_Actor_Couloir_Grand:02DA
[2015.12.13-04.47.23:639][539]LogScript:Warning: Accessed None 'MessageCharacter'
	Actor_Couloir_Grand_C /Engine/Transient.World_5:PersistentLevel.Actor_Couloir_Grand_C_88
	Function /Game/Plateforme/Actor_Couloir_Grand.Actor_Couloir_Grand_C:ExecuteUbergraph_Actor_Couloir_Grand:02DA
[2015.12.13-04.47.23:639][539]LogScript:Warning: Accessed None 'MessageCharacter'
	Actor_Couloir_Grand_C /Engine/Transient.World_5:PersistentLevel.Actor_Couloir_Grand_C_88
	Function /Game/Plateforme/Actor_Couloir_Grand.Actor_Couloir_Grand_C:ExecuteUbergraph_Actor_Couloir_Grand:051C
[2015.12.13-04.47.47:866][956]LogScript:Warning: Attempted to get an item from array CallFunc_GetAllWidgetsOfClass_FoundWidgets out of bounds [0/0]!
[2015.12.13-04.48.10:211][229]LogScript:Warning: Attempted to get an item from array CallFunc_GetAllWidgetsOfClass_FoundWidgets out of bounds [0/0]!
[2015.12.13-04.48.10:510][229]LogScript:Warning: Attempted to get an item from array CallFunc_GetAllWidgetsOfClass_FoundWidgets out of bounds [0/0]!
[2015.12.13-04.48.14:833][278]LogScript:Warning: Attempted to get an item from array CallFunc_GetAllWidgetsOfClass_FoundWidgets out of bounds [0/0]!
[2015.12.13-04.48.14:916][278]LogScript:Warning: Attempted to get an item from array CallFunc_GetAllWidgetsOfClass_FoundWidgets out of bounds [0/0]!
[2015.12.13-04.48.33:483][583]LogParticles: Destroying 0 GPU particle simulations for FXSystem 0x000000152DCE5120
[2015.12.13-04.49.51:979][139]LogWindowsTextInputMethodSystem:Display: IME system now deactivated.
[2015.12.13-04.49.56:737][140]Cmd: QUIT_EDITOR
[2015.12.13-04.50.05:579][140]LogExit: Preparing to exit.
[2015.12.13-04.50.43:936][140]LogExit: Editor shut down
[2015.12.13-04.50.45:170][140]LogParticles: Destroying 0 GPU particle simulations for FXSystem 0x00000015144D7B00
[2015.12.13-04.50.45:170][140]LogExit: Transaction tracking system shut down
[2015.12.13-04.50.45:348][140]LogParticles: Destroying 0 GPU particle simulations for FXSystem 0x0000001502E8DBC0
[2015.12.13-04.50.45:675][140]LogParticles: Destroying 0 GPU particle simulations for FXSystem 0x0000001502F0E7A0
[2015.12.13-04.51.16:402][140]LogParticles: Destroying 0 GPU particle simulations for FXSystem 0x00000015335B3240
[2015.12.13-04.51.16:402][140]LogParticles: Destroying 0 GPU particle simulations for FXSystem 0x0000001547D8E980
[2015.12.13-04.51.16:402][140]LogExit: Object subsystem successfully closed.
[2015.12.13-04.51.19:199][140]LogD3D11RHI: Shutdown
[2015.12.13-04.51.19:208][140]LogD3D11RHI: CleanupD3DDevice
[2015.12.13-04.51.24:825][140]LogD3D11RHI: ~FD3D11DynamicRHI
[2015.12.13-04.51.26:644][140]LogModuleManager: Shutting down and abandoning module CookingStats (199)
[2015.12.13-04.51.26:650][140]LogModuleManager: Shutting down and abandoning module BlueprintGraph (198)
[2015.12.13-04.51.26:650][140]LogModuleManager: Shutting down and abandoning module CrashTracker (197)
[2015.12.13-04.51.26:650][140]LogModuleManager: Shutting down and abandoning module SceneOutliner (196)
[2015.12.13-04.51.26:650][140]LogModuleManager: Shutting down and abandoning module SuperSearch (195)
[2015.12.13-04.51.26:650][140]LogModuleManager: Shutting down and abandoning module WidgetCarousel (194)
[2015.12.13-04.51.26:650][140]LogModuleManager: Shutting down and abandoning module AddContentDialog (193)
[2015.12.13-04.51.27:251][140]LogModuleManager: Shutting down and abandoning module EditorWidgets (192)
[2015.12.13-04.51.27:251][140]LogModuleManager: Shutting down and abandoning module CollectionManager (191)
[2015.12.13-04.51.27:251][140]LogModuleManager: Shutting down and abandoning module FoliageEdit (190)
[2015.12.13-04.51.27:251][140]LogModuleManager: Shutting down and abandoning module LandscapeEditor (189)
[2015.12.13-04.51.27:282][140]LogModuleManager: Shutting down and abandoning module ActorPickerMode (188)
[2015.12.13-04.51.27:282][140]LogModuleManager: Shutting down and abandoning module GeometryMode (187)
[2015.12.13-04.51.27:282][140]LogModuleManager: Shutting down and abandoning module TextureAlignMode (186)
[2015.12.13-04.51.27:282][140]LogModuleManager: Shutting down and abandoning module BspMode (185)
[2015.12.13-04.51.27:282][140]LogModuleManager: Shutting down and abandoning module PlacementMode (184)
[2015.12.13-04.51.27:282][140]LogModuleManager: Shutting down and abandoning module AutomationWorker (183)
[2015.12.13-04.51.27:282][140]LogModuleManager: Shutting down and abandoning module CharacterAI (182)
[2015.12.13-04.51.27:282][140]LogModuleManager: Shutting down and abandoning module SmartSnapping (181)
[2015.12.13-04.51.27:282][140]LogModuleManager: Shutting down and abandoning module ViewportSnapping (180)
[2015.12.13-04.51.27:282][140]LogModuleManager: Shutting down and abandoning module LogVisualizer (179)
[2015.12.13-04.51.27:301][140]LogModuleManager: Shutting down and abandoning module GameProjectGeneration (178)
[2015.12.13-04.51.27:302][140]LogModuleManager: Shutting down and abandoning module IntroTutorials (177)
[2015.12.13-04.51.27:302][140]LogModuleManager: Shutting down and abandoning module EditorLiveStreaming (176)
[2015.12.13-04.51.27:302][140]LogModuleManager: Shutting down and abandoning module IOSPlatformEditor (175)
[2015.12.13-04.51.27:302][140]LogModuleManager: Shutting down and abandoning module HTML5PlatformEditor (174)
[2015.12.13-04.51.27:302][140]LogModuleManager: Shutting down and abandoning module AndroidDeviceDetection (173)
[2015.12.13-04.51.27:476][140]LogModuleManager: Shutting down and abandoning module AndroidPlatformEditor (172)
[2015.12.13-04.51.27:476][140]LogModuleManager: Shutting down and abandoning module IOSRuntimeSettings (171)
[2015.12.13-04.51.27:476][140]LogModuleManager: Shutting down and abandoning module AndroidRuntimeSettings (170)
[2015.12.13-04.51.27:476][140]LogModuleManager: Shutting down and abandoning module MergeActors (169)
[2015.12.13-04.51.27:476][140]LogModuleManager: Shutting down and abandoning module SizeMap (168)
[2015.12.13-04.51.27:476][140]LogModuleManager: Shutting down and abandoning module TreeMap (167)
[2015.12.13-04.51.27:476][140]LogModuleManager: Shutting down and abandoning module ReferenceViewer (166)
[2015.12.13-04.51.27:476][140]LogModuleManager: Shutting down and abandoning module LocalizationService (165)
[2015.12.13-04.51.27:476][140]LogModuleManager: Shutting down and abandoning module LocalizationDashboard (164)
[2015.12.13-04.51.27:476][140]LogModuleManager: Shutting down and abandoning module HardwareTargeting (163)
[2015.12.13-04.51.27:476][140]LogModuleManager: Shutting down and abandoning module DeviceProfileEditor (162)
[2015.12.13-04.51.27:586][140]LogModuleManager: Shutting down and abandoning module UndoHistory (161)
[2015.12.13-04.51.27:603][140]LogModuleManager: Shutting down and abandoning module GameplayTagsEditor (160)
[2015.12.13-04.51.27:618][140]LogModuleManager: Shutting down and abandoning module UserFeedback (159)
[2015.12.13-04.51.27:618][140]LogModuleManager: Shutting down and abandoning module XmlParser (158)
[2015.12.13-04.51.27:635][140]LogModuleManager: Shutting down and abandoning module Blutility (157)
[2015.12.13-04.51.27:635][140]LogModuleManager: Shutting down and abandoning module ProjectTargetPlatformEditor (156)
[2015.12.13-04.51.27:693][140]LogModuleManager: Shutting down and abandoning module ProjectSettingsViewer (155)
[2015.12.13-04.51.27:693][140]LogModuleManager: Shutting down and abandoning module InputBindingEditor (154)
[2015.12.13-04.51.27:942][140]LogModuleManager: Shutting down and abandoning module EditorSettingsViewer (153)
[2015.12.13-04.51.27:978][140]LogModuleManager: Shutting down and abandoning module SettingsEditor (152)
[2015.12.13-04.51.27:978][140]LogModuleManager: Shutting down and abandoning module ProjectLauncher (151)
[2015.12.13-04.51.27:992][140]LogModuleManager: Shutting down and abandoning module SessionFrontend (150)
[2015.12.13-04.51.28:060][140]LogModuleManager: Shutting down and abandoning module ProfilerClient (149)
[2015.12.13-04.51.28:122][140]LogModuleManager: Shutting down and abandoning module TargetDeviceServices (148)
[2015.12.13-04.51.28:122][140]LogModuleManager: Shutting down and abandoning module DeviceManager (147)
[2015.12.13-04.51.28:233][140]LogModuleManager: Shutting down and abandoning module AutomationController (146)
[2015.12.13-04.51.28:258][140]LogModuleManager: Shutting down and abandoning module AutomationWindow (145)
[2015.12.13-04.51.28:279][140]LogModuleManager: Shutting down and abandoning module Layers (144)
[2015.12.13-04.51.28:343][140]LogModuleManager: Shutting down and abandoning module ComponentVisualizers (143)
[2015.12.13-04.51.28:407][140]LogModuleManager: Shutting down and abandoning module DetailCustomizations (142)
[2015.12.13-04.51.28:407][140]LogModuleManager: Shutting down and abandoning module PackagesDialog (141)
[2015.12.13-04.51.28:407][140]LogModuleManager: Shutting down and abandoning module Persona (140)
[2015.12.13-04.51.28:559][140]LogModuleManager: Shutting down and abandoning module Kismet (139)
[2015.12.13-04.51.28:559][140]LogModuleManager: Shutting down and abandoning module GraphEditor (138)
[2015.12.13-04.51.28:586][140]LogModuleManager: Shutting down and abandoning module ClassViewer (137)
[2015.12.13-04.51.28:700][140]LogModuleManager: Shutting down and abandoning module Toolbox (136)
[2015.12.13-04.51.28:700][140]LogModuleManager: Shutting down and abandoning module ModuleUI (135)
[2015.12.13-04.51.28:730][140]LogModuleManager: Shutting down and abandoning module MovieSceneTools (134)
[2015.12.13-04.51.28:811][140]LogModuleManager: Shutting down and abandoning module OutputLog (133)
[2015.12.13-04.51.28:830][140]LogModuleManager: Shutting down and abandoning module GammaUI (132)
[2015.12.13-04.51.28:856][140]LogModuleManager: Shutting down and abandoning module Documentation (131)
[2015.12.13-04.51.28:900][140]LogModuleManager: Shutting down and abandoning module GameLiveStreaming (130)
[2015.12.13-04.51.28:900][140]LogModuleManager: Shutting down and abandoning module StreamingPauseRendering (129)
[2015.12.13-04.51.28:900][140]LogModuleManager: Shutting down and abandoning module AnalyticsET (128)
[2015.12.13-04.51.28:900][140]LogModuleManager: Shutting down and abandoning module Analytics (127)
[2015.12.13-04.51.28:900][140]LogModuleManager: Shutting down and abandoning module AITestSuite (126)
[2015.12.13-04.51.28:916][140]LogModuleManager: Shutting down and abandoning module GameplayDebugger (125)
[2015.12.13-04.51.28:929][140]LogModuleManager: Shutting down and abandoning module AIModule (124)
[2015.12.13-04.51.28:929][140]LogModuleManager: Shutting down and abandoning module ProfilerService (123)
[2015.12.13-04.51.29:003][140]LogModuleManager: Shutting down and abandoning module TaskGraph (122)
[2015.12.13-04.51.29:052][140]LogModuleManager: Shutting down and abandoning module SlateRemote (121)
[2015.12.13-04.51.29:052][140]LogModuleManager: Shutting down and abandoning module SteamVRController (120)
[2015.12.13-04.51.29:052][140]LogModuleManager: Shutting down and abandoning module SteamVR (119)
[2015.12.13-04.51.29:052][140]LogModuleManager: Shutting down and abandoning module ProceduralMeshComponent (118)
[2015.12.13-04.51.29:067][140]LogModuleManager: Shutting down and abandoning module OculusLibrary (117)
[2015.12.13-04.51.29:067][140]LogModuleManager: Shutting down and abandoning module OculusInput (116)
[2015.12.13-04.51.29:067][140]LogModuleManager: Shutting down and abandoning module LeapMotionController (115)
[2015.12.13-04.51.29:367][140]LogModuleManager: Shutting down and abandoning module CustomMeshComponent (114)
[2015.12.13-04.51.29:367][140]LogModuleManager: Shutting down and abandoning module CableComponent (113)
[2015.12.13-04.51.29:388][140]LogModuleManager: Shutting down and abandoning module ArchVisCharacter (112)
[2015.12.13-04.51.29:388][140]LogModuleManager: Shutting down and abandoning module MessagingDebugger (111)
[2015.12.13-04.51.29:403][140]LogModuleManager: Shutting down and abandoning module MediaPlayerEditor (110)
[2015.12.13-04.51.29:429][140]LogModuleManager: Shutting down and abandoning module HTML5Networking (109)
[2015.12.13-04.51.29:429][140]LogModuleManager: Shutting down and abandoning module SpeedTreeImporter (108)
[2015.12.13-04.51.29:429][140]LogModuleManager: Shutting down and abandoning module PluginBrowser (107)
[2015.12.13-04.51.29:436][140]LogModuleManager: Shutting down and abandoning module EpicSurvey (106)
[2015.12.13-04.51.29:443][140]LogModuleManager: Shutting down and abandoning module DesktopPlatform (105)
[2015.12.13-04.51.29:471][140]LogModuleManager: Shutting down and abandoning module VisualStudioSourceCodeAccess (104)
[2015.12.13-04.51.29:490][140]LogModuleManager: Shutting down and abandoning module UObjectPlugin (103)
[2015.12.13-04.51.29:490][140]LogModuleManager: Shutting down and abandoning module SubversionSourceControl (102)
[2015.12.13-04.51.29:558][140]LogModuleManager: Shutting down and abandoning module PerforceSourceControl (101)
[2015.12.13-04.51.29:634][140]LogModuleManager: Shutting down and abandoning module SourceControl (100)
[2015.12.13-04.51.30:506][140]LogModuleManager: Shutting down and abandoning module GitSourceControl (99)
[2015.12.13-04.51.30:506][140]LogModuleManager: Shutting down and abandoning module LightPropagationVolumeEditor (98)
[2015.12.13-04.51.30:506][140]LogModuleManager: Shutting down and abandoning module PaperTiledImporter (97)
[2015.12.13-04.51.30:506][140]LogModuleManager: Shutting down and abandoning module PaperSpriteSheetImporter (96)
[2015.12.13-04.51.30:506][140]LogModuleManager: Shutting down and abandoning module MeshPaint (95)
[2015.12.13-04.51.30:506][140]LogModuleManager: Shutting down and abandoning module SlateReflector (94)
[2015.12.13-04.51.30:506][140]LogModuleManager: Shutting down and abandoning module HotReload (93)
[2015.12.13-04.51.30:506][140]LogModuleManager: Shutting down and abandoning module MainFrame (92)
[2015.12.13-04.51.30:528][140]LogModuleManager: Shutting down and abandoning module LevelEditor (91)
[2015.12.13-04.51.30:730][140]LogModuleManager: Shutting down and abandoning module DirectoryWatcher (90)
[2015.12.13-04.51.30:912][140]LogModuleManager: Shutting down and abandoning module AssetRegistry (89)
[2015.12.13-04.51.50:952][140]LogModuleManager: Shutting down and abandoning module ContentBrowser (88)
[2015.12.13-04.51.51:957][140]LogModuleManager: Shutting down and abandoning module Paper2DEditor (87)
[2015.12.13-04.51.51:957][140]LogModuleManager: Shutting down and abandoning module UdpMessaging (86)
[2015.12.13-04.51.52:058][140]LogModuleManager: Shutting down and abandoning module LightPropagationVolumeRuntime (85)
[2015.12.13-04.51.52:058][140]LogModuleManager: Shutting down and abandoning module Paper2D (84)
[2015.12.13-04.51.52:058][140]LogModuleManager: Shutting down and abandoning module WindowsMoviePlayer (83)
[2015.12.13-04.51.52:403][140]LogModuleManager: Shutting down and abandoning module Media (82)
[2015.12.13-04.51.52:403][140]LogModuleManager: Shutting down and abandoning module WmfMedia (81)
[2015.12.13-04.51.52:594][140]LogModuleManager: Shutting down and abandoning module OnlineBlueprintSupport (80)
[2015.12.13-04.51.52:594][140]LogModuleManager: Shutting down and abandoning module GameplayTasksEditor (79)
[2015.12.13-04.51.52:594][140]LogModuleManager: Shutting down and abandoning module PropertyEditor (78)
[2015.12.13-04.51.52:594][140]LogModuleManager: Shutting down and abandoning module BehaviorTreeEditor (77)
[2015.12.13-04.51.52:594][140]LogModuleManager: Shutting down and abandoning module FunctionalTesting (76)
[2015.12.13-04.51.52:732][140]LogModuleManager: Shutting down and abandoning module CollisionAnalyzer (75)
[2015.12.13-04.51.52:732][140]LogModuleManager: Shutting down and abandoning module WorkspaceMenuStructure (74)
[2015.12.13-04.51.52:732][140]LogModuleManager: Shutting down and abandoning module MessageLog (73)
[2015.12.13-04.51.52:732][140]LogModuleManager: Shutting down and abandoning module Sequencer (72)
[2015.12.13-04.51.52:732][140]LogModuleManager: Shutting down and abandoning module AssetTools (71)
[2015.12.13-04.51.52:732][140]LogModuleManager: Shutting down and abandoning module UMGEditor (70)
[2015.12.13-04.51.52:834][140]LogModuleManager: Shutting down and abandoning module UMG (69)
[2015.12.13-04.51.52:834][140]LogModuleManager: Shutting down and abandoning module Slate (68)
[2015.12.13-04.51.52:834][140]LogModuleManager: Shutting down and abandoning module EditorStyle (67)
[2015.12.13-04.51.53:229][140]LogModuleManager: Shutting down and abandoning module SessionServices (66)
[2015.12.13-04.51.53:229][140]LogModuleManager: Shutting down and abandoning module SourceCodeAccess (65)
[2015.12.13-04.51.53:229][140]LogModuleManager: Shutting down and abandoning module HeadMountedDisplay (64)
[2015.12.13-04.51.53:229][140]LogModuleManager: Shutting down and abandoning module XAudio2 (63)
[2015.12.13-04.51.53:229][140]LogModuleManager: Shutting down and abandoning module Networking (61)
[2015.12.13-04.51.53:229][140]LogModuleManager: Shutting down and abandoning module Core (60)
[2015.12.13-04.51.53:229][140]LogModuleManager: Shutting down and abandoning module KismetCompiler (59)
[2015.12.13-04.51.53:253][140]LogModuleManager: Shutting down and abandoning module PhysXFormats (58)
[2015.12.13-04.51.53:254][140]LogModuleManager: Shutting down and abandoning module MeshUtilities (57)
[2015.12.13-04.51.53:254][140]LogModuleManager: Shutting down and abandoning module DerivedDataCache (56)
[2015.12.13-04.51.53:445][140]LogDerivedDataCache: Shutdown
[2015.12.13-04.51.53:445][140]LogModuleManager: Shutting down and abandoning module ShaderFormatOpenGL (55)
[2015.12.13-04.51.53:445][140]LogModuleManager: Shutting down and abandoning module ShaderFormatD3D (54)
[2015.12.13-04.51.53:445][140]LogModuleManager: Shutting down and abandoning module MetalShaderFormat (53)
[2015.12.13-04.51.53:445][140]LogModuleManager: Shutting down and abandoning module TextureFormatUncompressed (52)
[2015.12.13-04.51.53:445][140]LogModuleManager: Shutting down and abandoning module TextureFormatPVR (51)
[2015.12.13-04.51.53:445][140]LogModuleManager: Shutting down and abandoning module TextureFormatIntelISPCTexComp (50)
[2015.12.13-04.51.53:445][140]LogModuleManager: Shutting down and abandoning module TextureFormatDXT (49)
[2015.12.13-04.51.53:445][140]LogModuleManager: Shutting down and abandoning module ImageWrapper (48)
[2015.12.13-04.51.53:445][140]LogModuleManager: Shutting down and abandoning module TextureFormatASTC (47)
[2015.12.13-04.51.53:445][140]LogModuleManager: Shutting down and abandoning module TextureFormatAndroid (46)
[2015.12.13-04.51.53:445][140]LogModuleManager: Shutting down and abandoning module AudioFormatOpus (45)
[2015.12.13-04.51.53:445][140]LogModuleManager: Shutting down and abandoning module AudioFormatOgg (44)
[2015.12.13-04.51.53:445][140]LogModuleManager: Shutting down and abandoning module AudioFormatADPCM (43)
[2015.12.13-04.51.53:445][140]LogModuleManager: Shutting down and abandoning module LinuxTargetPlatform (42)
[2015.12.13-04.51.53:445][140]LogModuleManager: Shutting down and abandoning module LinuxServerTargetPlatform (41)
[2015.12.13-04.51.53:445][140]LogModuleManager: Shutting down and abandoning module LinuxNoEditorTargetPlatform (40)
[2015.12.13-04.51.53:445][140]LogModuleManager: Shutting down and abandoning module Messaging (39)
[2015.12.13-04.51.53:445][140]LogModuleManager: Shutting down and abandoning module IOSTargetPlatform (38)
[2015.12.13-04.51.53:445][140]LogModuleManager: Shutting down and abandoning module HTML5TargetPlatform (37)
[2015.12.13-04.51.53:445][140]LogModuleManager: Shutting down and abandoning module Android_PVRTCTargetPlatform (36)
[2015.12.13-04.51.53:445][140]LogModuleManager: Shutting down and abandoning module Android_MultiTargetPlatform (35)
[2015.12.13-04.51.53:445][140]LogModuleManager: Shutting down and abandoning module Android_ETC2TargetPlatform (34)
[2015.12.13-04.51.53:445][140]LogModuleManager: Shutting down and abandoning module Android_ETC1TargetPlatform (33)
[2015.12.13-04.51.53:445][140]LogModuleManager: Shutting down and abandoning module Android_DXTTargetPlatform (32)
[2015.12.13-04.51.53:445][140]LogModuleManager: Shutting down and abandoning module Android_ATCTargetPlatform (31)
[2015.12.13-04.51.53:445][140]LogModuleManager: Shutting down and abandoning module Android_ASTCTargetPlatform (30)
[2015.12.13-04.51.53:445][140]LogModuleManager: Shutting down and abandoning module AndroidTargetPlatform (29)
[2015.12.13-04.51.53:445][140]LogModuleManager: Shutting down and abandoning module WindowsTargetPlatform (28)
[2015.12.13-04.51.53:633][140]LogModuleManager: Shutting down and abandoning module WindowsServerTargetPlatform (27)
[2015.12.13-04.51.53:654][140]LogModuleManager: Shutting down and abandoning module WindowsNoEditorTargetPlatform (26)
[2015.12.13-04.51.53:654][140]LogModuleManager: Shutting down and abandoning module WindowsClientTargetPlatform (25)
[2015.12.13-04.51.53:683][140]LogModuleManager: Shutting down and abandoning module AllDesktopTargetPlatform (24)
[2015.12.13-04.51.53:683][140]LogModuleManager: Shutting down and abandoning module TargetPlatform (23)
[2015.12.13-04.51.53:776][140]LogModuleManager: Shutting down and abandoning module InputCore (22)
[2015.12.13-04.51.53:776][140]LogModuleManager: Shutting down and abandoning module Settings (21)
[2015.12.13-04.51.53:841][140]LogModuleManager: Shutting down and abandoning module OnlineSubsystem (19)
[2015.12.13-04.51.53:854][140]LogModuleManager: Shutting down and abandoning module HTTP (18)
[2015.12.13-04.51.56:182][140]LogModuleManager: Shutting down and abandoning module XMPP (17)
[2015.12.13-04.51.56:182][140]LogModuleManager: Shutting down and abandoning module OculusRift (16)
[2015.12.13-04.51.56:197][140]LogModuleManager: Shutting down and abandoning module ExampleDeviceProfileSelector (15)
[2015.12.13-04.51.56:216][140]LogModuleManager: Shutting down and abandoning module TextureCompressor (14)
[2015.12.13-04.51.56:353][140]LogModuleManager: Shutting down and abandoning module ShaderCore (13)
[2015.12.13-04.51.56:353][140]LogModuleManager: Shutting down and abandoning module Landscape (12)
[2015.12.13-04.51.56:353][140]LogModuleManager: Shutting down and abandoning module SlateRHIRenderer (11)
[2015.12.13-04.51.58:976][140]LogModuleManager: Shutting down and abandoning module OpenGLDrv (10)
[2015.12.13-04.51.58:976][140]LogModuleManager: Shutting down and abandoning module D3D11RHI (9)
[2015.12.13-04.51.58:976][140]LogModuleManager: Shutting down and abandoning module AnimGraphRuntime (8)
[2015.12.13-04.51.58:976][140]LogModuleManager: Shutting down and abandoning module Renderer (7)
[2015.12.13-04.51.58:976][140]LogModuleManager: Shutting down and abandoning module Engine (6)
[2015.12.13-04.51.58:976][140]LogModuleManager: Shutting down and abandoning module CoreUObject (5)
[2015.12.13-04.51.58:976][140]LogModuleManager: Shutting down and abandoning module NetworkFile (4)
[2015.12.13-04.51.58:976][140]LogModuleManager: Shutting down and abandoning module StreamingFile (3)
[2015.12.13-04.51.58:976][140]LogModuleManager: Shutting down and abandoning module SandboxFile (2)
[2015.12.13-04.51.58:976][140]LogModuleManager: Shutting down and abandoning module PakFile (1)
[2015.12.13-04.51.59:265][140]LogExit: Exiting.
[2015.12.13-04.52.01:487][140]Log file closed, 12/13/15 05:52:01
