[2015.12.14-23.04.28:794][  0]Log file open, 12/15/15 00:04:28
[2015.12.14-23.04.28:794][  0]LogInit:Display: Running engine for game: Internsheep
[2015.12.14-23.04.28:794][  0]LogPlatformFile: Not using cached read wrapper
[2015.12.14-23.04.28:794][  0]LogInit:Display: RandInit(1086165208) SRandInit(1086165211).
[2015.12.14-23.04.28:794][  0]LogTaskGraph: Started task graph with 4 named threads and 7 total threads.
[2015.12.14-23.04.28:794][  0]LogStats: Stats thread started at 0.092068
[2015.12.14-23.04.28:794][  0]LogInit: Version: 4.10.0-2758231+++depot+UE4-Releases+4.10
[2015.12.14-23.04.28:794][  0]LogInit: API Version: 2758231
[2015.12.14-23.04.28:794][  0]LogInit: Compiled (64-bit): Nov  7 2015 05:13:45
[2015.12.14-23.04.28:794][  0]LogInit: Compiled with Visual C++: 19.00.23026.00
[2015.12.14-23.04.28:794][  0]LogInit: Build Configuration: Development
[2015.12.14-23.04.28:794][  0]LogInit: Branch Name: ++depot+UE4-Releases+4.10
[2015.12.14-23.04.28:794][  0]LogInit: Command line:  
[2015.12.14-23.04.28:794][  0]LogInit: Base directory: C:/Program Files/Epic Games/4.10/Engine/Binaries/Win64/
[2015.12.14-23.04.28:794][  0]LogInit: Rocket: 1
[2015.12.14-23.04.28:804][  0]LogInit: Using libcurl 7.41.0
[2015.12.14-23.04.28:804][  0]LogInit:  - built for x86_64-pc-win32
[2015.12.14-23.04.28:804][  0]LogInit:  - supports SSL with WinSSL
[2015.12.14-23.04.28:804][  0]LogInit:  - other features:
[2015.12.14-23.04.28:804][  0]LogInit:      CURL_VERSION_SSL
[2015.12.14-23.04.28:804][  0]LogInit:      CURL_VERSION_IPV6
[2015.12.14-23.04.28:804][  0]LogInit:      CURL_VERSION_ASYNCHDNS
[2015.12.14-23.04.28:804][  0]LogInit:      CURL_VERSION_LARGEFILE
[2015.12.14-23.04.28:804][  0]LogInit:      CURL_VERSION_IDN
[2015.12.14-23.04.28:804][  0]LogInit:  CurlRequestOptions (configurable via config and command line):
[2015.12.14-23.04.28:804][  0]LogInit:  - bVerifyPeer = true  - Libcurl will verify peer certificate
[2015.12.14-23.04.28:804][  0]LogInit:  - bUseHttpProxy = false  - Libcurl will NOT use HTTP proxy
[2015.12.14-23.04.28:804][  0]LogInit:  - bDontReuseConnections = false  - Libcurl will reuse connections
[2015.12.14-23.04.28:804][  0]LogInit:  - CertBundlePath = nullptr  - Libcurl will use whatever was configured at build time.
[2015.12.14-23.04.28:814][  0]LogInit: Presizing for 0 objects not considered by GC, pre-allocating 0 bytes.
[2015.12.14-23.04.28:825][  0]LogInit: Object subsystem initialized
[2015.12.14-23.04.28:826][  0]LogInit: Selected Device Profile: [Windows]
[2015.12.14-23.04.28:826][  0]LogInit: Applying CVar settings loaded from the selected device profile: [Windows]
[2015.12.14-23.04.28:858][  0]LogInit: Computer: BASUS
[2015.12.14-23.04.28:858][  0]LogInit: User: BCoat
[2015.12.14-23.04.28:858][  0]LogInit: CPU Page size=4096, Cores=4
[2015.12.14-23.04.28:858][  0]LogInit: High frequency timer resolution =2.143603 MHz
[2015.12.14-23.04.28:858][  0]LogMemory: Memory total: Physical=3.9GB (4GB approx)
[2015.12.14-23.04.28:858][  0]LogMemory: Platform Memory Stats for Windows
[2015.12.14-23.04.28:858][  0]LogMemory: Process Physical Memory: 57.78 MB used, 57.78 MB peak
[2015.12.14-23.04.28:858][  0]LogMemory: Process Virtual Memory: 59.96 MB used, 59.96 MB peak
[2015.12.14-23.04.28:858][  0]LogMemory: Physical Memory: 3063.76 MB used, 4001.06 MB total
[2015.12.14-23.04.28:858][  0]LogMemory: Virtual Memory: 354.69 MB used, 8388608.00 MB total
[2015.12.14-23.04.28:925][  0]LogTextLocalizationManager: No translations for ('fr-FR') exist, falling back to 'en' for localization and internationalization data.
[2015.12.14-23.04.29:793][  0]LogD3D11RHI: Found D3D11 adapter 0: NVIDIA GeForce GT 540M      (Feature Level 11_0)
[2015.12.14-23.04.29:793][  0]LogD3D11RHI: Adapter has 2000MB of dedicated video memory, 0MB of dedicated system memory, and 1744MB of shared system memory, 1 output[s]
[2015.12.14-23.04.29:847][  0]LogD3D11RHI: Found D3D11 adapter 1: NVIDIA GeForce GT 540M      (Feature Level 11_0)
[2015.12.14-23.04.29:847][  0]LogD3D11RHI: Adapter has 2000MB of dedicated video memory, 0MB of dedicated system memory, and 1744MB of shared system memory, 0 output[s]
[2015.12.14-23.04.29:847][  0]LogD3D11RHI: Chosen D3D11 Adapter Id = 0
[2015.12.14-23.04.29:857][  0]LogD3D11RHI: !Direct3DDevice
[2015.12.14-23.04.29:858][  0]LogRHI: Texture pool is 1361 MB (70% of 1945 MB)
[2015.12.14-23.04.29:878][  0]LogD3D11RHI: Async texture creation enabled
[2015.12.14-23.04.29:903][  0]LogShaderCompilers: Guid format shader working directory is -31 characters bigger than the processId version (../../../../../../Users/BCoat/Documents/GitHub/Internsheep/Internsheep-Pierre/Intermediate/Shaders/WorkingDirectory/2628/).
[2015.12.14-23.04.29:904][  0]LogShaderCompilers: Cleaned the shader compiler working directory 'C:/Users/BCoat/AppData/Local/Temp/UnrealShaderWorkingDir/0CAF4B3E40A0D0F3402288B6F51E76EA/'.
[2015.12.14-23.04.29:904][  0]LogShaderCompilers:Display: Using Local Shader Compiler.
[2015.12.14-23.04.36:608][  0]LogTemp:Display: Loaded TP AllDesktopTargetPlatform
[2015.12.14-23.04.36:627][  0]LogTemp:Display: Loaded TP WindowsClientTargetPlatform
[2015.12.14-23.04.36:650][  0]LogTemp:Display: Loaded TP WindowsNoEditorTargetPlatform
[2015.12.14-23.04.36:667][  0]LogTemp:Display: Loaded TP WindowsServerTargetPlatform
[2015.12.14-23.04.36:684][  0]LogTemp:Display: Loaded TP WindowsTargetPlatform
[2015.12.14-23.04.36:701][  0]LogTemp:Display: Loaded TP AndroidTargetPlatform
[2015.12.14-23.04.36:722][  0]LogTemp:Display: Loaded TP Android_ASTCTargetPlatform
[2015.12.14-23.04.36:733][  0]LogTemp:Display: Loaded TP Android_ATCTargetPlatform
[2015.12.14-23.04.36:741][  0]LogTemp:Display: Loaded TP Android_DXTTargetPlatform
[2015.12.14-23.04.36:759][  0]LogTemp:Display: Loaded TP Android_ETC1TargetPlatform
[2015.12.14-23.04.36:775][  0]LogTemp:Display: Loaded TP Android_ETC2TargetPlatform
[2015.12.14-23.04.36:800][  0]LogTemp:Display: Loaded TP Android_MultiTargetPlatform
[2015.12.14-23.04.36:800][  0]LogTemp:Display: Loaded TP Android_PVRTCTargetPlatform
[2015.12.14-23.04.36:816][  0]LogTemp:Display: Loaded TP HTML5TargetPlatform
[2015.12.14-23.04.36:883][  0]LogTemp:Display: Loaded TP IOSTargetPlatform
[2015.12.14-23.04.36:897][  0]LogTemp:Display: Loaded TP LinuxNoEditorTargetPlatform
[2015.12.14-23.04.36:910][  0]LogTemp:Display: Loaded TP LinuxServerTargetPlatform
[2015.12.14-23.04.36:939][  0]LogTemp:Display: Loaded TP LinuxTargetPlatform
[2015.12.14-23.04.36:939][  0]LogTargetPlatformManager:Display: Building Assets For Windows
[2015.12.14-23.04.37:529][  0]LogDerivedDataCache:Display: Max Cache Size: 512 MB
[2015.12.14-23.04.38:242][  0]LogDerivedDataCache: Loaded boot cache 0.71s 41MB C:/Users/BCoat/AppData/Local/UnrealEngine/4.10/DerivedDataCache/Boot.ddc.
[2015.12.14-23.04.38:242][  0]LogDerivedDataCache:Display: Loaded Boot cache: C:/Users/BCoat/AppData/Local/UnrealEngine/4.10/DerivedDataCache/Boot.ddc
[2015.12.14-23.04.38:242][  0]LogDerivedDataCache: FDerivedDataBackendGraph:  Pak pak cache file ../../../../../../Users/BCoat/Documents/GitHub/Internsheep/Internsheep-Pierre/DerivedDataCache/DDC.ddp not found, will not use a pak cache.
[2015.12.14-23.04.38:242][  0]LogDerivedDataCache: Unable to find inner node Pak for hierarchical cache Hierarchy.
[2015.12.14-23.04.38:242][  0]LogDerivedDataCache: FDerivedDataBackendGraph:  CompressedPak pak cache file ../../../../../../Users/BCoat/Documents/GitHub/Internsheep/Internsheep-Pierre/DerivedDataCache/Compressed.ddp not found, will not use a pak cache.
[2015.12.14-23.04.38:242][  0]LogDerivedDataCache: Unable to find inner node CompressedPak for hierarchical cache Hierarchy.
[2015.12.14-23.04.38:367][  0]LogDerivedDataCache:Display: Pak cache opened for reading ../../../Engine/DerivedDataCache/Compressed.ddp.
[2015.12.14-23.04.38:399][  0]LogDerivedDataCache: Using Local data cache path C:/Users/BCoat/AppData/Local/UnrealEngine/Common/DerivedDataCache: Writable
[2015.12.14-23.04.42:474][  0]LogInit: Selected Device Profile: [Windows]
[2015.12.14-23.04.42:475][  0]LogContentStreaming: Texture pool size is 0.000000MB
[2015.12.14-23.04.42:592][  0]LogMeshUtilities: No automatic mesh reduction module available
[2015.12.14-23.04.42:592][  0]LogMeshUtilities: No automatic mesh merging module available
[2015.12.14-23.04.44:636][  0]LogInit: WinSock: version 1.1 (2.2), MaxSocks=32767, MaxUdp=65467
[2015.12.14-23.05.04:278][  0]UdpMessaging: Initializing bridge on interface 0.0.0.0:0 to multicast group 230.0.0.1:6666.
[2015.12.14-23.05.04:948][  0]LogAssetRegistry: FAssetRegistry took 0.0107 seconds to start up
[2015.12.14-23.05.05:876][  0]SourceControl: Info Source control is disabled
[2015.12.14-23.05.05:892][  0]SourceControl: Info Source control is disabled
[2015.12.14-23.05.05:929][  0]SourceControl: Info Source control is disabled
[2015.12.14-23.05.05:963][  0]SourceControl: Info Source control is disabled
[2015.12.14-23.05.06:869][  0]LogObj: 28633 objects as part of root set at end of initial load.
[2015.12.14-23.05.06:869][  0]LogUObjectAllocator: 6099752 out of 0 bytes used by permanent object pool.
[2015.12.14-23.05.07:041][  0]LogEngine: Initializing Engine...
[2015.12.14-23.05.07:045][  0]LogHMD: Can't find Oculus library dev build: is proper Runtime installed? Version: 0.8.0.0
[2015.12.14-23.05.07:061][  0]LogHMD: SteamVR failed to initialize.  Err: 110
[2015.12.14-23.05.07:823][  0]LogAIModule: Creating AISystem for world NewWorld
[2015.12.14-23.05.07:938][  0]LogInit: XAudio2 using 'Haut-parleurs (Realtek High Definition Audio)' : 2 channels at 48 kHz using 32 bits per sample (channel mask 0x3)
[2015.12.14-23.05.08:006][  0]LogInit: FAudioDevice initialized.
[2015.12.14-23.05.08:125][  0]LogDerivedDataCache: Saved boot cache 0.12s 41MB C:/Users/BCoat/AppData/Local/UnrealEngine/4.10/DerivedDataCache/Boot.ddc.
[2015.12.14-23.05.08:140][  0]LogInit: Texture streaming: Enabled
[2015.12.14-23.05.08:183][  0]LogAnalytics: Creating configured Analytics provider AnalyticsET
[2015.12.14-23.05.08:183][  0]LogAnalytics: [UEEditor.Rocket.Release] APIServer = http://et2.epicgames.com/ET2/. AppVersion = 4.10.0-2758231+++depot+UE4-Releases+4.10
[2015.12.14-23.05.08:183][  0]LogAnalytics: [UEEditor.Rocket.Release] SetUserId 359921a2436e31eaf87960919bdb1a59|936cf5e516d74d48a34239ccdf491ac4|c2d66dc4-68c3-4b61-8408-d1981ac11ab9
[2015.12.14-23.05.08:183][  0]LogAnalytics: [UEEditor.Rocket.Release] AnalyticsET::StartSession
[2015.12.14-23.05.08:405][  0]LogInit: Transaction tracking system initialized
[2015.12.14-23.05.08:618][  0]BlueprintLog: New page: Editor Load
[2015.12.14-23.05.09:846][  0]LocalizationService: Info Localization service is disabled
[2015.12.14-23.05.13:574][  0]LogConsoleResponse:Display: 
[2015.12.14-23.05.18:704][  0]LogCook:Display: Done creating registry. It took  0.00s.
[2015.12.14-23.05.20:599][  0]LogFileCache: Scanning file cache for directory 'C:/Users/BCoat/Documents/GitHub/Internsheep/Internsheep-Pierre/Content/' took 0.02s
[2015.12.14-23.05.20:764][  0]SourceControl: Info Source control is disabled
[2015.12.14-23.05.20:764][  0]Cmd: MAP LOAD FILE="../../../../../../Users/BCoat/Documents/GitHub/Internsheep/Internsheep-Pierre/Content/Debut.umap" TEMPLATE=0 SHOWPROGRESS=1 FEATURELEVEL=3
[2015.12.14-23.05.20:847][  0]LightingResults: New page: Lighting Build
[2015.12.14-23.05.20:853][  0]MapCheck: New page: Map Check
[2015.12.14-23.05.20:853][  0]LightingResults: New page: Lighting Build
[2015.12.14-23.05.20:881][  0]LogParticles: Destroying 0 GPU particle simulations for FXSystem 0x0000000025F951C0
[2015.12.14-23.05.21:219][  0]LogBlueprint:Warning: [compiler Debut] Warning Node  Unknown  is not referencing a valid level actor
[2015.12.14-23.05.21:221][  0]LogBlueprint:Warning: [compiler Debut] Warning [0053.26] Compile of Debut successful, but with 1 Warning(s) [in 6 ms]
[2015.12.14-23.05.21:221][  0]LogBlueprint:Warning: [compiler Debut] Warning [0053.26] Compile of Debut successful, but with 2 Warning(s) [in 0 ms]
[2015.12.14-23.05.21:221][  0]LogBlueprint:Warning: [compiler Debut] Warning [0053.26] Compile of Debut successful, but with 3 Warning(s) [in 0 ms]
[2015.12.14-23.05.21:227][  0]LogBlueprint:Warning: [compiler Debut] Warning Node  Unknown  is not referencing a valid level actor
[2015.12.14-23.05.21:228][  0]LogBlueprint:Warning: [compiler Debut] Warning [0053.27] Compile of Debut successful, but with 1 Warning(s) [in 5 ms]
[2015.12.14-23.05.21:229][  0]LogBlueprint:Warning: [compiler Debut] Warning [0053.27] Compile of Debut successful, but with 2 Warning(s) [in 0 ms]
[2015.12.14-23.05.21:229][  0]LogBlueprint:Warning: [compiler Debut] Warning [0053.27] Compile of Debut successful, but with 3 Warning(s) [in 0 ms]
[2015.12.14-23.05.21:666][  0]LogAIModule: Creating AISystem for world Debut
[2015.12.14-23.05.21:932][  0]LogEditorServer: Finished looking for orphan Actors (0.000 secs)
[2015.12.14-23.05.21:932][  0]Cmd: MAP CHECKDEP NOCLEARLOG
[2015.12.14-23.05.21:983][  0]MapCheck: Info Map check complete: 0 Error(s), 0 Warning(s), took 51.074ms to complete.
[2015.12.14-23.05.21:983][  0]LogFileHelpers: Loading map 'Debut' took 1.219
[2015.12.14-23.05.23:010][  0]LogCollectionManager: Loaded 0 collections in 0.006241 seconds
[2015.12.14-23.05.23:057][  0]LogFileCache: Scanning file cache for directory 'C:/Users/BCoat/Documents/GitHub/Internsheep/Internsheep-Pierre/Saved/Collections/' took 0.01s
[2015.12.14-23.05.23:057][  0]LogFileCache: Scanning file cache for directory 'C:/Users/BCoat/Documents/GitHub/Internsheep/Internsheep-Pierre/Content/Developers/BCoat/Collections/' took 0.01s
[2015.12.14-23.05.23:057][  0]LogFileCache: Scanning file cache for directory 'C:/Users/BCoat/Documents/GitHub/Internsheep/Internsheep-Pierre/Content/Collections/' took 0.01s
[2015.12.14-23.05.23:057][  0]LogCollectionManager: Rebuilt the GUID cache for 0 collections in 0.000002 seconds
[2015.12.14-23.05.23:076][  0]LogContentBrowser: Native class hierarchy populated in 0.0185 seconds. Added 1893 classes and 338 folders.
[2015.12.14-23.05.23:091][  0]LogContentBrowser: Native class hierarchy updated for 'WidgetCarousel' in 0.0008 seconds. Added 0 classes and 0 folders.
[2015.12.14-23.05.30:736][  0]LogContentBrowser: Native class hierarchy updated for 'AddContentDialog' in 0.0008 seconds. Added 0 classes and 0 folders.
[2015.12.14-23.05.30:784][  0]LogContentBrowser: Native class hierarchy updated for 'SceneOutliner' in 0.0010 seconds. Added 1 classes and 2 folders.
[2015.12.14-23.05.31:440][  0]LogCrashTracker: Crashtracker disabled due to settings.
[2015.12.14-23.05.31:447][  0]LogUObjectGlobals:Warning: Failed to find object 'Class None.'
[2015.12.14-23.05.31:472][  0]LogLoad: Full Startup: 63.51 seconds (BP compile: 0.09 seconds)
[2015.12.14-23.05.31:815][  0]LogOcInput: Can't find Oculus library dev build: is proper Runtime installed? Version: 0.8.0.0
[2015.12.14-23.05.32:731][  0]LogContentStreaming: Texture pool size now 200 MB
[2015.12.14-23.05.33:259][  0]LogRenderer: Reallocating scene render targets to support 792x368 (Frame:2).
[2015.12.14-23.05.33:357][  1]LogFileCache: Retrieving MD5 hashes for directory 'C:/Users/BCoat/Documents/GitHub/Internsheep/Internsheep-Pierre/Content/' took 1.53s
[2015.12.14-23.05.34:702][  5]LogAssetRegistry: Asset discovery search completed in 29.7636 seconds
[2015.12.14-23.05.34:702][  5]LogCollectionManager: Rebuilt the object cache for 0 collections in 0.000003 seconds (found 0 objects)
[2015.12.14-23.05.34:702][  5]LogCollectionManager: Fixed up redirectors for 0 collections in 0.000072 seconds (updated 0 objects)
[2015.12.14-23.08.09:368][872]LogLinker:Warning: Asset '../../../Engine/Content/ArtTools/RenderToTexture/Macros/RenderToTextureMacros.uasset' has been saved with empty engine version. The asset will be loaded but may be incompatible.
[2015.12.14-23.08.10:383][872]LogContentBrowser: Native class hierarchy updated for 'BlueprintGraph' in 0.0119 seconds. Added 107 classes and 0 folders.
[2015.12.14-23.08.43:454][922]BlueprintLog: New page: Compile Ressources
[2015.12.14-23.08.43:786][922]BlueprintEditorCompileResults: Info The execution path doesn't end with a return node.  Cast Failed 
[2015.12.14-23.08.43:786][922]BlueprintEditorCompileResults: Info [0255.82] Compile of Ressources successful! [in 331 ms]
[2015.12.14-23.09.40:411][835]LogLinker:Warning: Can't find file '/Game/StarterContent/Materials/M_Basic_Wall'
[2015.12.14-23.09.40:411][835]LogLinker:Warning: Can't find file for asset '/Game/StarterContent/Materials/M_Basic_Wall' while loading ../../../../../../Users/BCoat/Documents/GitHub/Internsheep/Internsheep-Pierre/Content/Mesh/InvisibleWall.uasset.
[2015.12.14-23.09.40:411][835]LoadErrors:Error: Error /Game/Mesh/InvisibleWall : Can't find file for asset. /Game/StarterContent/Materials/M_Basic_Wall
[2015.12.14-23.09.40:412][835]LogLinker:Warning: Can't find file '/Game/StarterContent/Materials/M_Basic_Wall'
[2015.12.14-23.09.40:412][835]LogLinker:Warning: Can't find file for asset '/Game/StarterContent/Materials/M_Basic_Wall' while loading ../../../../../../Users/BCoat/Documents/GitHub/Internsheep/Internsheep-Pierre/Content/Mesh/InvisibleWall.uasset.
[2015.12.14-23.09.40:413][835]LogLinker:Warning: Can't find file '/Game/StarterContent/Architecture/Floor_400x400'
[2015.12.14-23.09.40:413][835]LogLinker:Warning: Can't find file for asset '/Game/StarterContent/Architecture/Floor_400x400' while loading ../../../../../../Users/BCoat/Documents/GitHub/Internsheep/Internsheep-Pierre/Content/Old/Module1.uasset.
[2015.12.14-23.09.40:413][835]LoadErrors:Error: Error /Game/Old/Module1 : Can't find file for asset. /Game/StarterContent/Architecture/Floor_400x400
[2015.12.14-23.09.40:413][835]LogLinker:Warning: Can't find file '/Game/StarterContent/Shapes/Shape_Cylinder'
[2015.12.14-23.09.40:413][835]LogLinker:Warning: Can't find file for asset '/Game/StarterContent/Shapes/Shape_Cylinder' while loading ../../../../../../Users/BCoat/Documents/GitHub/Internsheep/Internsheep-Pierre/Content/Old/Module1.uasset.
[2015.12.14-23.09.40:414][835]LoadErrors:Error: Error /Game/Old/Module1 : Can't find file for asset. /Game/StarterContent/Shapes/Shape_Cylinder
[2015.12.14-23.09.40:414][835]LogLinker:Warning: Can't find file '/Game/StarterContent/Architecture/Floor_400x400'
[2015.12.14-23.09.40:414][835]LogLinker:Warning: Can't find file for asset '/Game/StarterContent/Architecture/Floor_400x400' while loading ../../../../../../Users/BCoat/Documents/GitHub/Internsheep/Internsheep-Pierre/Content/Old/Module1.uasset.
[2015.12.14-23.09.40:414][835]LogLinker:Warning: Can't find file '/Game/StarterContent/Shapes/Shape_Cylinder'
[2015.12.14-23.09.40:415][835]LogLinker:Warning: Can't find file for asset '/Game/StarterContent/Shapes/Shape_Cylinder' while loading ../../../../../../Users/BCoat/Documents/GitHub/Internsheep/Internsheep-Pierre/Content/Old/Module1.uasset.
[2015.12.14-23.09.40:424][835]LogLinker:Warning: Can't find file '/Game/StarterContent/Architecture/Floor_400x400'
[2015.12.14-23.09.40:424][835]LogLinker:Warning: Can't find file for asset '/Game/StarterContent/Architecture/Floor_400x400' while loading ../../../../../../Users/BCoat/Documents/GitHub/Internsheep/Internsheep-Pierre/Content/Plateforme/Actor_Couloir_petit.uasset.
[2015.12.14-23.09.40:424][835]LoadErrors:Error: Error /Game/Plateforme/Actor_Couloir_petit : Can't find file for asset. /Game/StarterContent/Architecture/Floor_400x400
[2015.12.14-23.09.40:425][835]LogLinker:Warning: Can't find file '/Game/StarterContent/Shapes/Shape_Cylinder'
[2015.12.14-23.09.40:425][835]LogLinker:Warning: Can't find file for asset '/Game/StarterContent/Shapes/Shape_Cylinder' while loading ../../../../../../Users/BCoat/Documents/GitHub/Internsheep/Internsheep-Pierre/Content/Plateforme/Actor_Couloir_petit.uasset.
[2015.12.14-23.09.40:425][835]LoadErrors:Error: Error /Game/Plateforme/Actor_Couloir_petit : Can't find file for asset. /Game/StarterContent/Shapes/Shape_Cylinder
[2015.12.14-23.09.40:425][835]LogLinker:Warning: Can't find file '/Game/StarterContent/Architecture/Floor_400x400'
[2015.12.14-23.09.40:425][835]LogLinker:Warning: Can't find file for asset '/Game/StarterContent/Architecture/Floor_400x400' while loading ../../../../../../Users/BCoat/Documents/GitHub/Internsheep/Internsheep-Pierre/Content/Plateforme/Actor_Couloir_petit.uasset.
[2015.12.14-23.09.40:425][835]LogLinker:Warning: Can't find file '/Game/StarterContent/Shapes/Shape_Cylinder'
[2015.12.14-23.09.40:426][835]LogLinker:Warning: Can't find file for asset '/Game/StarterContent/Shapes/Shape_Cylinder' while loading ../../../../../../Users/BCoat/Documents/GitHub/Internsheep/Internsheep-Pierre/Content/Plateforme/Actor_Couloir_petit.uasset.
[2015.12.14-23.09.40:523][835]LogLinker:Warning: Can't find file '/Game/StarterContent/Architecture/Floor_400x400'
[2015.12.14-23.09.40:523][835]LoadErrors: Info Failed to load /Game/StarterContent/Architecture/Floor_400x400.Floor_400x400 Referenced by floor_GEN_VARIABLE
[2015.12.14-23.09.40:523][835]LogLinker:Warning: Can't find file for asset '/Game/StarterContent/Architecture/Floor_400x400' while loading ../../../../../../Users/BCoat/Documents/GitHub/Internsheep/Internsheep-Pierre/Content/Plateforme/Actor_Couloir_petit.uasset.
[2015.12.14-23.09.40:525][835]LogLinker:Warning: Can't find file '/Game/StarterContent/Shapes/Shape_Cylinder'
[2015.12.14-23.09.40:525][835]LoadErrors: Info Failed to load /Game/StarterContent/Shapes/Shape_Cylinder.Shape_Cylinder Referenced by ori_GEN_VARIABLE
[2015.12.14-23.09.40:525][835]LogLinker:Warning: Can't find file for asset '/Game/StarterContent/Shapes/Shape_Cylinder' while loading ../../../../../../Users/BCoat/Documents/GitHub/Internsheep/Internsheep-Pierre/Content/Plateforme/Actor_Couloir_petit.uasset.
[2015.12.14-23.09.46:293][835]LogLinker:Warning: Can't find file '/Game/StarterContent/Materials/M_Basic_Wall'
[2015.12.14-23.09.46:293][835]LoadErrors: Info Failed to load /Game/StarterContent/Materials/M_Basic_Wall.M_Basic_Wall Referenced by InvisibleWall
[2015.12.14-23.09.46:293][835]LogLinker:Warning: Can't find file for asset '/Game/StarterContent/Materials/M_Basic_Wall' while loading NULL.
[2015.12.14-23.09.47:884][835]LogAIModule: Creating AISystem for world Level1
[2015.12.14-23.09.47:902][835]LogScript:Warning: Attempted to get an item from array CallFunc_GetAllWidgetsOfClass_FoundWidgets out of bounds [0/0]!
[2015.12.14-23.09.55:297][835]Cmd: OBJ SAVEPACKAGE PACKAGE="/Game/Menu/Ressources" FILE="../../../../../../Users/BCoat/Documents/GitHub/Internsheep/Internsheep-Pierre/Content/Menu/Ressources.uasset" SILENT=true
[2015.12.14-23.09.55:822][835]LogSavePackage: Save=120.798485ms
[2015.12.14-23.09.55:822][835]LogSavePackage: Moving '../../../../../../Users/BCoat/Documents/GitHub/Internsheep/Internsheep-Pierre/Saved/Ressources2E3A738746C5B24D39D50ABF1B8B94BC.tmp' to '../../../../../../Users/BCoat/Documents/GitHub/Internsheep/Internsheep-Pierre/Content/Menu/Ressources.uasset'
[2015.12.14-23.09.55:830][835]LogSavePackage: Total save time: 479.898565ms
[2015.12.14-23.09.55:830][835]LogSavePackage:Display: Finished SavePackage ../../../../../../Users/BCoat/Documents/GitHub/Internsheep/Internsheep-Pierre/Content/Menu/Ressources.uasset
[2015.12.14-23.09.55:849][835]Cmd: MAP LOAD FILE="../../../../../../Users/BCoat/Documents/GitHub/Internsheep/Internsheep-Pierre/Content/Level1.umap" TEMPLATE=0 SHOWPROGRESS=1 FEATURELEVEL=3
[2015.12.14-23.09.55:850][835]LightingResults: New page: Lighting Build
[2015.12.14-23.09.55:895][835]LoadErrors: New page: Loading map: Level1.umap
[2015.12.14-23.09.55:896][835]MapCheck: New page: Map Check
[2015.12.14-23.09.55:896][835]LightingResults: New page: Lighting Build
[2015.12.14-23.09.55:958][835]LogParticles: Destroying 0 GPU particle simulations for FXSystem 0x00000000107AF7E0
[2015.12.14-23.09.55:975][835]LogPrimitiveComponent: Zero scaling not supported (/Game/Level1.Level1:PersistentLevel.PlayerStart.CollisionCapsule)
[2015.12.14-23.09.56:015][835]LogScript:Warning: Attempted to get an item from array CallFunc_GetAllWidgetsOfClass_FoundWidgets out of bounds [0/0]!
[2015.12.14-23.09.56:191][835]LogEditorServer: Finished looking for orphan Actors (0.000 secs)
[2015.12.14-23.09.56:305][835]Cmd: MAP CHECKDEP NOCLEARLOG
[2015.12.14-23.09.56:401][835]MapCheck: Info Map check complete: 0 Error(s), 0 Warning(s), took 95.744ms to complete.
[2015.12.14-23.09.56:402][835]LogFileHelpers: Loading map 'Level1' took 0.572
[2015.12.14-23.10.00:935][ 29]LogBlueprintUserMessages: Early PlayInEditor Detection: Level '/Game/Level1.Level1:PersistentLevel' has LevelScriptBlueprint '/Game/Level1.Level1:PersistentLevel.Level1' with GeneratedClass '/Game/Level1.Level1_C' with ClassGeneratedBy '/Game/Level1.Level1:PersistentLevel.Level1'
[2015.12.14-23.10.00:935][ 29]LogPlayLevel: PlayLevel: No blueprints needed recompiling
[2015.12.14-23.10.00:955][ 29]PIE: New page: PIE session: Level1 (Dec 15, 2015, 1:10:00 AM)
[2015.12.14-23.10.00:955][ 29]LogPlayLevel: Creating play world package: /Game/UEDPIE_0_Level1
[2015.12.14-23.10.01:018][ 29]LogPlayLevel: PIE: StaticDuplicateObject took: (0.062578s)
[2015.12.14-23.10.01:019][ 29]LogAIModule: Creating AISystem for world Level1
[2015.12.14-23.10.01:019][ 29]LogPlayLevel: PIE: World Init took: (0.000914s)
[2015.12.14-23.10.01:019][ 29]LogPlayLevel: PIE: Created PIE world by copying editor world from /Game/Level1.Level1 to /Game/UEDPIE_0_Level1.Level1 (0.063746s)
[2015.12.14-23.10.01:077][ 29]LogInit: XAudio2 using 'Haut-parleurs (Realtek High Definition Audio)' : 2 channels at 48 kHz using 32 bits per sample (channel mask 0x3)
[2015.12.14-23.10.01:108][ 29]LogInit: FAudioDevice initialized.
[2015.12.14-23.10.01:212][ 29]LogWorld: Game class is 'MyGameMode_C'
[2015.12.14-23.10.01:216][ 29]LogWorld: Bringing World /Game/UEDPIE_0_Level1.Level1 up for play (max tick rate 60) at 2015.12.15-00.10.01
[2015.12.14-23.10.01:216][ 29]LogActor:Warning: GameSession /Game/UEDPIE_0_Level1.Level1:PersistentLevel.GameSession_0 has natively added scene component(s), but none of them were set as the actor's RootComponent - picking one arbitrarily
[2015.12.14-23.10.01:218][ 29]LogActor:Warning: GameNetworkManager /Game/UEDPIE_0_Level1.Level1:PersistentLevel.GameNetworkManager_0 has natively added scene component(s), but none of them were set as the actor's RootComponent - picking one arbitrarily
[2015.12.14-23.10.01:219][ 29]LogWorld: Bringing up level for play took: 0.006139
[2015.12.14-23.10.01:260][ 29]LogScript:Warning: Accessed None 'GameHudReference'
	Char2_C /Game/UEDPIE_0_Level1.Level1:PersistentLevel.Char2_C_0
	Function /Game/Char2.Char2_C:ExecuteUbergraph_Char2:0A3C
[2015.12.14-23.10.01:260][ 29]PIE:Error: Error Accessed None 'GameHudReference' from node Add in graph 'EventGraph' in blueprint Char2
[2015.12.14-23.10.01:260][ 29]LogScript:Warning: Accessed None
	Char2_C /Game/UEDPIE_0_Level1.Level1:PersistentLevel.Char2_C_0
	Function /Game/Char2.Char2_C:ExecuteUbergraph_Char2:0A1D
[2015.12.14-23.10.01:260][ 29]PIE:Error: Error Accessed None from node Add in graph 'EventGraph' in blueprint Char2
[2015.12.14-23.10.01:265][ 29]PIE: Info Play in editor start time for /Game/UEDPIE_0_Level1 -0.498
[2015.12.14-23.10.01:265][ 29]LogBlueprintUserMessages: Late PlayInEditor Detection: Level '/Game/Level1.Level1:PersistentLevel' has LevelScriptBlueprint '/Game/Level1.Level1:PersistentLevel.Level1' with GeneratedClass '/Game/Level1.Level1_C' with ClassGeneratedBy '/Game/Level1.Level1:PersistentLevel.Level1'
[2015.12.14-23.10.01:265][ 29]LogScript:Warning: Accessed None 'timeManager'
	Actor_Couloir_petit_C /Game/UEDPIE_0_Level1.Level1:PersistentLevel.Actor_Couloir_petit_C_1
	Function /Game/Plateforme/BasicPlateform.BasicPlateform_C:TickUpdate:001E
[2015.12.14-23.10.01:265][ 29]PIE:Error: Error Accessed None 'timeManager' from node Get Weighted Delta Time in graph 'TickUpdate' in blueprint BasicPlateform
[2015.12.14-23.10.01:358][ 30]LogScript:Warning: Accessed None 'timeManager'
	Actor_Couloir_petit_C /Game/UEDPIE_0_Level1.Level1:PersistentLevel.Actor_Couloir_petit_C_1
	Function /Game/Plateforme/BasicPlateform.BasicPlateform_C:TickUpdate:001E
[2015.12.14-23.10.01:358][ 30]PIE:Error: Error Accessed None 'timeManager' from node Get Weighted Delta Time in graph 'TickUpdate' in blueprint BasicPlateform
[2015.12.14-23.10.01:392][ 31]LogScript:Warning: Accessed None 'timeManager'
	Actor_Couloir_petit_C /Game/UEDPIE_0_Level1.Level1:PersistentLevel.Actor_Couloir_petit_C_1
	Function /Game/Plateforme/BasicPlateform.BasicPlateform_C:TickUpdate:001E
[2015.12.14-23.10.01:393][ 31]PIE:Error: Error Accessed None 'timeManager' from node Get Weighted Delta Time in graph 'TickUpdate' in blueprint BasicPlateform
[2015.12.14-23.10.01:409][ 32]LogScript:Warning: Accessed None 'timeManager'
	Actor_Couloir_petit_C /Game/UEDPIE_0_Level1.Level1:PersistentLevel.Actor_Couloir_petit_C_1
	Function /Game/Plateforme/BasicPlateform.BasicPlateform_C:TickUpdate:001E
[2015.12.14-23.10.01:410][ 32]PIE:Error: Error Accessed None 'timeManager' from node Get Weighted Delta Time in graph 'TickUpdate' in blueprint BasicPlateform
[2015.12.14-23.10.01:426][ 33]LogScript:Warning: Accessed None 'timeManager'
	Actor_Couloir_petit_C /Game/UEDPIE_0_Level1.Level1:PersistentLevel.Actor_Couloir_petit_C_1
	Function /Game/Plateforme/BasicPlateform.BasicPlateform_C:TickUpdate:001E
[2015.12.14-23.10.01:426][ 33]PIE:Error: Error Accessed None 'timeManager' from node Get Weighted Delta Time in graph 'TickUpdate' in blueprint BasicPlateform
[2015.12.14-23.10.01:442][ 34]LogScript:Warning: Accessed None 'timeManager'
	Actor_Couloir_petit_C /Game/UEDPIE_0_Level1.Level1:PersistentLevel.Actor_Couloir_petit_C_1
	Function /Game/Plateforme/BasicPlateform.BasicPlateform_C:TickUpdate:001E
[2015.12.14-23.10.01:442][ 34]PIE:Error: Error Accessed None 'timeManager' from node Get Weighted Delta Time in graph 'TickUpdate' in blueprint BasicPlateform
[2015.12.14-23.10.01:459][ 35]LogScript:Warning: Accessed None 'timeManager'
	Actor_Couloir_petit_C /Game/UEDPIE_0_Level1.Level1:PersistentLevel.Actor_Couloir_petit_C_1
	Function /Game/Plateforme/BasicPlateform.BasicPlateform_C:TickUpdate:001E
[2015.12.14-23.10.01:459][ 35]PIE:Error: Error Accessed None 'timeManager' from node Get Weighted Delta Time in graph 'TickUpdate' in blueprint BasicPlateform
[2015.12.14-23.10.01:476][ 36]LogScript:Warning: Accessed None 'timeManager'
	Actor_Couloir_petit_C /Game/UEDPIE_0_Level1.Level1:PersistentLevel.Actor_Couloir_petit_C_1
	Function /Game/Plateforme/BasicPlateform.BasicPlateform_C:TickUpdate:001E
[2015.12.14-23.10.01:476][ 36]PIE:Error: Error Accessed None 'timeManager' from node Get Weighted Delta Time in graph 'TickUpdate' in blueprint BasicPlateform
[2015.12.14-23.10.01:492][ 37]LogScript:Warning: Accessed None 'timeManager'
	Actor_Couloir_petit_C /Game/UEDPIE_0_Level1.Level1:PersistentLevel.Actor_Couloir_petit_C_1
	Function /Game/Plateforme/BasicPlateform.BasicPlateform_C:TickUpdate:001E
[2015.12.14-23.10.01:493][ 37]PIE:Error: Error Accessed None 'timeManager' from node Get Weighted Delta Time in graph 'TickUpdate' in blueprint BasicPlateform
[2015.12.14-23.10.01:511][ 38]LogScript:Warning: Accessed None 'timeManager'
	Actor_Couloir_petit_C /Game/UEDPIE_0_Level1.Level1:PersistentLevel.Actor_Couloir_petit_C_1
	Function /Game/Plateforme/BasicPlateform.BasicPlateform_C:TickUpdate:001E
[2015.12.14-23.10.01:511][ 38]PIE:Error: Error Accessed None 'timeManager' from node Get Weighted Delta Time in graph 'TickUpdate' in blueprint BasicPlateform
[2015.12.14-23.10.01:528][ 39]LogScript:Warning: Accessed None 'timeManager'
	Actor_Couloir_petit_C /Game/UEDPIE_0_Level1.Level1:PersistentLevel.Actor_Couloir_petit_C_1
	Function /Game/Plateforme/BasicPlateform.BasicPlateform_C:TickUpdate:001E
[2015.12.14-23.10.01:528][ 39]PIE:Error: Error Accessed None 'timeManager' from node Get Weighted Delta Time in graph 'TickUpdate' in blueprint BasicPlateform
[2015.12.14-23.10.01:547][ 40]LogScript:Warning: Accessed None 'timeManager'
	Actor_Couloir_petit_C /Game/UEDPIE_0_Level1.Level1:PersistentLevel.Actor_Couloir_petit_C_1
	Function /Game/Plateforme/BasicPlateform.BasicPlateform_C:TickUpdate:001E
[2015.12.14-23.10.01:548][ 40]PIE:Error: Error Accessed None 'timeManager' from node Get Weighted Delta Time in graph 'TickUpdate' in blueprint BasicPlateform
[2015.12.14-23.10.01:568][ 41]LogScript:Warning: Accessed None 'timeManager'
	Actor_Couloir_petit_C /Game/UEDPIE_0_Level1.Level1:PersistentLevel.Actor_Couloir_petit_C_1
	Function /Game/Plateforme/BasicPlateform.BasicPlateform_C:TickUpdate:001E
[2015.12.14-23.10.01:568][ 41]PIE:Error: Error Accessed None 'timeManager' from node Get Weighted Delta Time in graph 'TickUpdate' in blueprint BasicPlateform
[2015.12.14-23.10.01:584][ 42]LogScript:Warning: Accessed None 'timeManager'
	Actor_Couloir_petit_C /Game/UEDPIE_0_Level1.Level1:PersistentLevel.Actor_Couloir_petit_C_1
	Function /Game/Plateforme/BasicPlateform.BasicPlateform_C:TickUpdate:001E
[2015.12.14-23.10.01:585][ 42]PIE:Error: Error Accessed None 'timeManager' from node Get Weighted Delta Time in graph 'TickUpdate' in blueprint BasicPlateform
[2015.12.14-23.10.01:608][ 43]LogScript:Warning: Accessed None 'timeManager'
	Actor_Couloir_petit_C /Game/UEDPIE_0_Level1.Level1:PersistentLevel.Actor_Couloir_petit_C_1
	Function /Game/Plateforme/BasicPlateform.BasicPlateform_C:TickUpdate:001E
[2015.12.14-23.10.01:609][ 43]PIE:Error: Error Accessed None 'timeManager' from node Get Weighted Delta Time in graph 'TickUpdate' in blueprint BasicPlateform
[2015.12.14-23.10.01:627][ 44]LogScript:Warning: Accessed None 'timeManager'
	Actor_Couloir_petit_C /Game/UEDPIE_0_Level1.Level1:PersistentLevel.Actor_Couloir_petit_C_1
	Function /Game/Plateforme/BasicPlateform.BasicPlateform_C:TickUpdate:001E
[2015.12.14-23.10.01:628][ 44]PIE:Error: Error Accessed None 'timeManager' from node Get Weighted Delta Time in graph 'TickUpdate' in blueprint BasicPlateform
[2015.12.14-23.10.01:645][ 45]LogScript:Warning: Accessed None 'timeManager'
	Actor_Couloir_petit_C /Game/UEDPIE_0_Level1.Level1:PersistentLevel.Actor_Couloir_petit_C_1
	Function /Game/Plateforme/BasicPlateform.BasicPlateform_C:TickUpdate:001E
[2015.12.14-23.10.01:645][ 45]PIE:Error: Error Accessed None 'timeManager' from node Get Weighted Delta Time in graph 'TickUpdate' in blueprint BasicPlateform
[2015.12.14-23.10.01:661][ 46]PIE:Error: Error Accessed None 'timeManager' from node Get Weighted Delta Time in graph 'TickUpdate' in blueprint BasicPlateform
[2015.12.14-23.10.01:678][ 47]PIE:Error: Error Accessed None 'timeManager' from node Get Weighted Delta Time in graph 'TickUpdate' in blueprint BasicPlateform
[2015.12.14-23.10.01:695][ 48]PIE:Error: Error Accessed None 'timeManager' from node Get Weighted Delta Time in graph 'TickUpdate' in blueprint BasicPlateform
[2015.12.14-23.10.01:711][ 49]PIE:Error: Error Accessed None 'timeManager' from node Get Weighted Delta Time in graph 'TickUpdate' in blueprint BasicPlateform
[2015.12.14-23.10.01:728][ 50]PIE:Error: Error Accessed None 'timeManager' from node Get Weighted Delta Time in graph 'TickUpdate' in blueprint BasicPlateform
[2015.12.14-23.10.01:745][ 51]PIE:Error: Error Accessed None 'timeManager' from node Get Weighted Delta Time in graph 'TickUpdate' in blueprint BasicPlateform
[2015.12.14-23.10.01:761][ 52]PIE:Error: Error Accessed None 'timeManager' from node Get Weighted Delta Time in graph 'TickUpdate' in blueprint BasicPlateform
[2015.12.14-23.10.01:779][ 53]PIE:Error: Error Accessed None 'timeManager' from node Get Weighted Delta Time in graph 'TickUpdate' in blueprint BasicPlateform
[2015.12.14-23.10.01:796][ 54]PIE:Error: Error Accessed None 'timeManager' from node Get Weighted Delta Time in graph 'TickUpdate' in blueprint BasicPlateform
[2015.12.14-23.10.01:824][ 55]PIE:Error: Error Accessed None 'timeManager' from node Get Weighted Delta Time in graph 'TickUpdate' in blueprint BasicPlateform
[2015.12.14-23.10.01:849][ 56]PIE:Error: Error Accessed None 'timeManager' from node Get Weighted Delta Time in graph 'TickUpdate' in blueprint BasicPlateform
[2015.12.14-23.10.01:869][ 57]PIE:Error: Error Accessed None 'timeManager' from node Get Weighted Delta Time in graph 'TickUpdate' in blueprint BasicPlateform
[2015.12.14-23.10.01:894][ 58]PIE:Error: Error Accessed None 'timeManager' from node Get Weighted Delta Time in graph 'TickUpdate' in blueprint BasicPlateform
[2015.12.14-23.10.01:918][ 59]PIE:Error: Error Accessed None 'timeManager' from node Get Weighted Delta Time in graph 'TickUpdate' in blueprint BasicPlateform
[2015.12.14-23.10.01:938][ 60]PIE:Error: Error Accessed None 'timeManager' from node Get Weighted Delta Time in graph 'TickUpdate' in blueprint BasicPlateform
[2015.12.14-23.10.01:960][ 61]PIE:Error: Error Accessed None 'timeManager' from node Get Weighted Delta Time in graph 'TickUpdate' in blueprint BasicPlateform
[2015.12.14-23.10.01:981][ 62]PIE:Error: Error Accessed None 'timeManager' from node Get Weighted Delta Time in graph 'TickUpdate' in blueprint BasicPlateform
[2015.12.14-23.10.02:015][ 63]PIE:Error: Error Accessed None 'timeManager' from node Get Weighted Delta Time in graph 'TickUpdate' in blueprint BasicPlateform
[2015.12.14-23.10.02:034][ 64]PIE:Error: Error Accessed None 'timeManager' from node Get Weighted Delta Time in graph 'TickUpdate' in blueprint BasicPlateform
[2015.12.14-23.10.02:051][ 65]PIE:Error: Error Accessed None 'timeManager' from node Get Weighted Delta Time in graph 'TickUpdate' in blueprint BasicPlateform
[2015.12.14-23.10.02:070][ 66]PIE:Error: Error Accessed None 'timeManager' from node Get Weighted Delta Time in graph 'TickUpdate' in blueprint BasicPlateform
[2015.12.14-23.10.02:086][ 67]PIE:Error: Error Accessed None 'timeManager' from node Get Weighted Delta Time in graph 'TickUpdate' in blueprint BasicPlateform
[2015.12.14-23.10.02:102][ 68]PIE:Error: Error Accessed None 'timeManager' from node Get Weighted Delta Time in graph 'TickUpdate' in blueprint BasicPlateform
[2015.12.14-23.10.02:119][ 69]PIE:Error: Error Accessed None 'timeManager' from node Get Weighted Delta Time in graph 'TickUpdate' in blueprint BasicPlateform
[2015.12.14-23.10.02:138][ 70]PIE:Error: Error Accessed None 'timeManager' from node Get Weighted Delta Time in graph 'TickUpdate' in blueprint BasicPlateform
[2015.12.14-23.10.02:161][ 71]PIE:Error: Error Accessed None 'timeManager' from node Get Weighted Delta Time in graph 'TickUpdate' in blueprint BasicPlateform
[2015.12.14-23.10.02:178][ 72]PIE:Error: Error Accessed None 'timeManager' from node Get Weighted Delta Time in graph 'TickUpdate' in blueprint BasicPlateform
[2015.12.14-23.10.02:195][ 73]PIE:Error: Error Accessed None 'timeManager' from node Get Weighted Delta Time in graph 'TickUpdate' in blueprint BasicPlateform
[2015.12.14-23.10.02:214][ 74]PIE:Error: Error Accessed None 'timeManager' from node Get Weighted Delta Time in graph 'TickUpdate' in blueprint BasicPlateform
[2015.12.14-23.10.02:236][ 75]PIE:Error: Error Accessed None 'timeManager' from node Get Weighted Delta Time in graph 'TickUpdate' in blueprint BasicPlateform
[2015.12.14-23.10.02:253][ 76]PIE:Error: Error Accessed None 'timeManager' from node Get Weighted Delta Time in graph 'TickUpdate' in blueprint BasicPlateform
[2015.12.14-23.10.02:276][ 77]PIE:Error: Error Accessed None 'timeManager' from node Get Weighted Delta Time in graph 'TickUpdate' in blueprint BasicPlateform
[2015.12.14-23.10.02:293][ 78]PIE:Error: Error Accessed None 'timeManager' from node Get Weighted Delta Time in graph 'TickUpdate' in blueprint BasicPlateform
[2015.12.14-23.10.02:326][ 79]PIE:Error: Error Accessed None 'timeManager' from node Get Weighted Delta Time in graph 'TickUpdate' in blueprint BasicPlateform
[2015.12.14-23.10.02:344][ 80]PIE:Error: Error Accessed None 'timeManager' from node Get Weighted Delta Time in graph 'TickUpdate' in blueprint BasicPlateform
[2015.12.14-23.10.02:364][ 81]PIE:Error: Error Accessed None 'timeManager' from node Get Weighted Delta Time in graph 'TickUpdate' in blueprint BasicPlateform
[2015.12.14-23.10.02:379][ 82]PIE:Error: Error Accessed None 'timeManager' from node Get Weighted Delta Time in graph 'TickUpdate' in blueprint BasicPlateform
[2015.12.14-23.10.02:397][ 83]PIE:Error: Error Accessed None 'timeManager' from node Get Weighted Delta Time in graph 'TickUpdate' in blueprint BasicPlateform
[2015.12.14-23.10.02:413][ 84]PIE:Error: Error Accessed None 'timeManager' from node Get Weighted Delta Time in graph 'TickUpdate' in blueprint BasicPlateform
[2015.12.14-23.10.02:430][ 85]PIE:Error: Error Accessed None 'timeManager' from node Get Weighted Delta Time in graph 'TickUpdate' in blueprint BasicPlateform
[2015.12.14-23.10.02:446][ 86]PIE:Error: Error Accessed None 'timeManager' from node Get Weighted Delta Time in graph 'TickUpdate' in blueprint BasicPlateform
[2015.12.14-23.10.02:464][ 87]PIE:Error: Error Accessed None 'timeManager' from node Get Weighted Delta Time in graph 'TickUpdate' in blueprint BasicPlateform
[2015.12.14-23.10.02:480][ 88]PIE:Error: Error Accessed None 'timeManager' from node Get Weighted Delta Time in graph 'TickUpdate' in blueprint BasicPlateform
[2015.12.14-23.10.02:496][ 89]PIE:Error: Error Accessed None 'timeManager' from node Get Weighted Delta Time in graph 'TickUpdate' in blueprint BasicPlateform
[2015.12.14-23.10.02:514][ 90]PIE:Error: Error Accessed None 'timeManager' from node Get Weighted Delta Time in graph 'TickUpdate' in blueprint BasicPlateform
[2015.12.14-23.10.02:531][ 91]PIE:Error: Error Accessed None 'timeManager' from node Get Weighted Delta Time in graph 'TickUpdate' in blueprint BasicPlateform
[2015.12.14-23.10.02:549][ 92]PIE:Error: Error Accessed None 'timeManager' from node Get Weighted Delta Time in graph 'TickUpdate' in blueprint BasicPlateform
[2015.12.14-23.10.02:568][ 93]PIE:Error: Error Accessed None 'timeManager' from node Get Weighted Delta Time in graph 'TickUpdate' in blueprint BasicPlateform
[2015.12.14-23.10.02:585][ 94]PIE:Error: Error Accessed None 'timeManager' from node Get Weighted Delta Time in graph 'TickUpdate' in blueprint BasicPlateform
[2015.12.14-23.10.02:608][ 95]PIE:Error: Error Accessed None 'timeManager' from node Get Weighted Delta Time in graph 'TickUpdate' in blueprint BasicPlateform
[2015.12.14-23.10.02:625][ 96]PIE:Error: Error Accessed None 'timeManager' from node Get Weighted Delta Time in graph 'TickUpdate' in blueprint BasicPlateform
[2015.12.14-23.10.02:641][ 97]PIE:Error: Error Accessed None 'timeManager' from node Get Weighted Delta Time in graph 'TickUpdate' in blueprint BasicPlateform
[2015.12.14-23.10.02:658][ 98]PIE:Error: Error Accessed None 'timeManager' from node Get Weighted Delta Time in graph 'TickUpdate' in blueprint BasicPlateform
[2015.12.14-23.10.02:675][ 99]PIE:Error: Error Accessed None 'timeManager' from node Get Weighted Delta Time in graph 'TickUpdate' in blueprint BasicPlateform
[2015.12.14-23.10.02:691][100]PIE:Error: Error Accessed None 'timeManager' from node Get Weighted Delta Time in graph 'TickUpdate' in blueprint BasicPlateform
[2015.12.14-23.10.02:709][101]PIE:Error: Error Accessed None 'timeManager' from node Get Weighted Delta Time in graph 'TickUpdate' in blueprint BasicPlateform
[2015.12.14-23.10.02:726][102]PIE:Error: Error Accessed None 'timeManager' from node Get Weighted Delta Time in graph 'TickUpdate' in blueprint BasicPlateform
[2015.12.14-23.10.02:744][103]PIE:Error: Error Accessed None 'timeManager' from node Get Weighted Delta Time in graph 'TickUpdate' in blueprint BasicPlateform
[2015.12.14-23.10.02:761][104]PIE:Error: Error Accessed None 'timeManager' from node Get Weighted Delta Time in graph 'TickUpdate' in blueprint BasicPlateform
[2015.12.14-23.10.02:777][105]PIE:Error: Error Accessed None 'timeManager' from node Get Weighted Delta Time in graph 'TickUpdate' in blueprint BasicPlateform
[2015.12.14-23.10.02:794][106]PIE:Error: Error Accessed None 'timeManager' from node Get Weighted Delta Time in graph 'TickUpdate' in blueprint BasicPlateform
[2015.12.14-23.10.02:811][107]PIE:Error: Error Accessed None 'timeManager' from node Get Weighted Delta Time in graph 'TickUpdate' in blueprint BasicPlateform
[2015.12.14-23.10.02:827][108]PIE:Error: Error Accessed None 'timeManager' from node Get Weighted Delta Time in graph 'TickUpdate' in blueprint BasicPlateform
[2015.12.14-23.10.02:843][109]PIE:Error: Error Accessed None 'timeManager' from node Get Weighted Delta Time in graph 'TickUpdate' in blueprint BasicPlateform
[2015.12.14-23.10.02:861][110]PIE:Error: Error Accessed None 'timeManager' from node Get Weighted Delta Time in graph 'TickUpdate' in blueprint BasicPlateform
[2015.12.14-23.10.02:882][111]PIE:Error: Error Accessed None 'timeManager' from node Get Weighted Delta Time in graph 'TickUpdate' in blueprint BasicPlateform
[2015.12.14-23.10.02:900][112]PIE:Error: Error Accessed None 'timeManager' from node Get Weighted Delta Time in graph 'TickUpdate' in blueprint BasicPlateform
[2015.12.14-23.10.02:919][113]PIE:Error: Error Accessed None 'timeManager' from node Get Weighted Delta Time in graph 'TickUpdate' in blueprint BasicPlateform
[2015.12.14-23.10.02:936][114]PIE:Error: Error Accessed None 'timeManager' from node Get Weighted Delta Time in graph 'TickUpdate' in blueprint BasicPlateform
[2015.12.14-23.10.02:955][115]PIE:Error: Error Accessed None 'timeManager' from node Get Weighted Delta Time in graph 'TickUpdate' in blueprint BasicPlateform
[2015.12.14-23.10.02:973][116]PIE:Error: Error Accessed None 'timeManager' from node Get Weighted Delta Time in graph 'TickUpdate' in blueprint BasicPlateform
[2015.12.14-23.10.02:989][117]PIE:Error: Error Accessed None 'timeManager' from node Get Weighted Delta Time in graph 'TickUpdate' in blueprint BasicPlateform
[2015.12.14-23.10.03:007][118]PIE:Error: Error Accessed None 'timeManager' from node Get Weighted Delta Time in graph 'TickUpdate' in blueprint BasicPlateform
[2015.12.14-23.10.03:023][119]PIE:Error: Error Accessed None 'timeManager' from node Get Weighted Delta Time in graph 'TickUpdate' in blueprint BasicPlateform
[2015.12.14-23.10.03:039][120]PIE:Error: Error Accessed None 'timeManager' from node Get Weighted Delta Time in graph 'TickUpdate' in blueprint BasicPlateform
[2015.12.14-23.10.03:057][121]PIE:Error: Error Accessed None 'timeManager' from node Get Weighted Delta Time in graph 'TickUpdate' in blueprint BasicPlateform
[2015.12.14-23.10.03:074][122]PIE:Error: Error Accessed None 'timeManager' from node Get Weighted Delta Time in graph 'TickUpdate' in blueprint BasicPlateform
[2015.12.14-23.10.03:090][123]PIE:Error: Error Accessed None 'timeManager' from node Get Weighted Delta Time in graph 'TickUpdate' in blueprint BasicPlateform
[2015.12.14-23.10.03:107][124]PIE:Error: Error Accessed None 'timeManager' from node Get Weighted Delta Time in graph 'TickUpdate' in blueprint BasicPlateform
[2015.12.14-23.10.03:124][125]PIE:Error: Error Accessed None 'timeManager' from node Get Weighted Delta Time in graph 'TickUpdate' in blueprint BasicPlateform
[2015.12.14-23.10.03:140][126]PIE:Error: Error Accessed None 'timeManager' from node Get Weighted Delta Time in graph 'TickUpdate' in blueprint BasicPlateform
[2015.12.14-23.10.03:157][127]PIE:Error: Error Accessed None 'timeManager' from node Get Weighted Delta Time in graph 'TickUpdate' in blueprint BasicPlateform
[2015.12.14-23.10.03:175][128]PIE:Error: Error Accessed None 'timeManager' from node Get Weighted Delta Time in graph 'TickUpdate' in blueprint BasicPlateform
[2015.12.14-23.10.03:191][129]PIE:Error: Error Accessed None 'timeManager' from node Get Weighted Delta Time in graph 'TickUpdate' in blueprint BasicPlateform
[2015.12.14-23.10.03:209][130]PIE:Error: Error Accessed None 'timeManager' from node Get Weighted Delta Time in graph 'TickUpdate' in blueprint BasicPlateform
[2015.12.14-23.10.03:232][131]PIE:Error: Error Accessed None 'timeManager' from node Get Weighted Delta Time in graph 'TickUpdate' in blueprint BasicPlateform
[2015.12.14-23.10.03:248][132]PIE:Error: Error Accessed None 'timeManager' from node Get Weighted Delta Time in graph 'TickUpdate' in blueprint BasicPlateform
[2015.12.14-23.10.03:266][133]PIE:Error: Error Accessed None 'timeManager' from node Get Weighted Delta Time in graph 'TickUpdate' in blueprint BasicPlateform
[2015.12.14-23.10.03:283][134]PIE:Error: Error Accessed None 'timeManager' from node Get Weighted Delta Time in graph 'TickUpdate' in blueprint BasicPlateform
[2015.12.14-23.10.03:301][135]PIE:Error: Error Accessed None 'timeManager' from node Get Weighted Delta Time in graph 'TickUpdate' in blueprint BasicPlateform
[2015.12.14-23.10.03:319][136]PIE:Error: Error Accessed None 'timeManager' from node Get Weighted Delta Time in graph 'TickUpdate' in blueprint BasicPlateform
[2015.12.14-23.10.03:336][137]PIE:Error: Error Accessed None 'timeManager' from node Get Weighted Delta Time in graph 'TickUpdate' in blueprint BasicPlateform
[2015.12.14-23.10.03:352][138]PIE:Error: Error Accessed None 'timeManager' from node Get Weighted Delta Time in graph 'TickUpdate' in blueprint BasicPlateform
[2015.12.14-23.10.03:370][139]PIE:Error: Error Accessed None 'timeManager' from node Get Weighted Delta Time in graph 'TickUpdate' in blueprint BasicPlateform
[2015.12.14-23.10.03:391][140]PIE:Error: Error Accessed None 'timeManager' from node Get Weighted Delta Time in graph 'TickUpdate' in blueprint BasicPlateform
[2015.12.14-23.10.03:408][141]PIE:Error: Error Accessed None 'timeManager' from node Get Weighted Delta Time in graph 'TickUpdate' in blueprint BasicPlateform
[2015.12.14-23.10.03:426][142]PIE:Error: Error Accessed None 'timeManager' from node Get Weighted Delta Time in graph 'TickUpdate' in blueprint BasicPlateform
[2015.12.14-23.10.03:446][143]PIE:Error: Error Accessed None 'timeManager' from node Get Weighted Delta Time in graph 'TickUpdate' in blueprint BasicPlateform
[2015.12.14-23.10.03:465][144]PIE:Error: Error Accessed None 'timeManager' from node Get Weighted Delta Time in graph 'TickUpdate' in blueprint BasicPlateform
[2015.12.14-23.10.03:484][145]PIE:Error: Error Accessed None 'timeManager' from node Get Weighted Delta Time in graph 'TickUpdate' in blueprint BasicPlateform
[2015.12.14-23.10.03:500][146]PIE:Error: Error Accessed None 'timeManager' from node Get Weighted Delta Time in graph 'TickUpdate' in blueprint BasicPlateform
[2015.12.14-23.10.03:519][147]PIE:Error: Error Accessed None 'timeManager' from node Get Weighted Delta Time in graph 'TickUpdate' in blueprint BasicPlateform
[2015.12.14-23.10.03:536][148]PIE:Error: Error Accessed None 'timeManager' from node Get Weighted Delta Time in graph 'TickUpdate' in blueprint BasicPlateform
[2015.12.14-23.10.03:555][149]PIE:Error: Error Accessed None 'timeManager' from node Get Weighted Delta Time in graph 'TickUpdate' in blueprint BasicPlateform
[2015.12.14-23.10.03:576][150]PIE:Error: Error Accessed None 'timeManager' from node Get Weighted Delta Time in graph 'TickUpdate' in blueprint BasicPlateform
[2015.12.14-23.10.03:600][151]PIE:Error: Error Accessed None 'timeManager' from node Get Weighted Delta Time in graph 'TickUpdate' in blueprint BasicPlateform
[2015.12.14-23.10.03:623][152]PIE:Error: Error Accessed None 'timeManager' from node Get Weighted Delta Time in graph 'TickUpdate' in blueprint BasicPlateform
[2015.12.14-23.10.03:641][153]PIE:Error: Error Accessed None 'timeManager' from node Get Weighted Delta Time in graph 'TickUpdate' in blueprint BasicPlateform
[2015.12.14-23.10.03:659][154]PIE:Error: Error Accessed None 'timeManager' from node Get Weighted Delta Time in graph 'TickUpdate' in blueprint BasicPlateform
[2015.12.14-23.10.03:676][155]PIE:Error: Error Accessed None 'timeManager' from node Get Weighted Delta Time in graph 'TickUpdate' in blueprint BasicPlateform
[2015.12.14-23.10.03:694][156]PIE:Error: Error Accessed None 'timeManager' from node Get Weighted Delta Time in graph 'TickUpdate' in blueprint BasicPlateform
[2015.12.14-23.10.03:715][157]PIE:Error: Error Accessed None 'timeManager' from node Get Weighted Delta Time in graph 'TickUpdate' in blueprint BasicPlateform
[2015.12.14-23.10.03:731][158]PIE:Error: Error Accessed None 'timeManager' from node Get Weighted Delta Time in graph 'TickUpdate' in blueprint BasicPlateform
[2015.12.14-23.10.03:749][159]PIE:Error: Error Accessed None 'timeManager' from node Get Weighted Delta Time in graph 'TickUpdate' in blueprint BasicPlateform
[2015.12.14-23.10.03:766][160]PIE:Error: Error Accessed None 'timeManager' from node Get Weighted Delta Time in graph 'TickUpdate' in blueprint BasicPlateform
[2015.12.14-23.10.03:782][161]PIE:Error: Error Accessed None 'timeManager' from node Get Weighted Delta Time in graph 'TickUpdate' in blueprint BasicPlateform
[2015.12.14-23.10.03:798][162]PIE:Error: Error Accessed None 'timeManager' from node Get Weighted Delta Time in graph 'TickUpdate' in blueprint BasicPlateform
[2015.12.14-23.10.03:816][163]PIE:Error: Error Accessed None 'timeManager' from node Get Weighted Delta Time in graph 'TickUpdate' in blueprint BasicPlateform
[2015.12.14-23.10.03:832][164]PIE:Error: Error Accessed None 'timeManager' from node Get Weighted Delta Time in graph 'TickUpdate' in blueprint BasicPlateform
[2015.12.14-23.10.03:850][165]PIE:Error: Error Accessed None 'timeManager' from node Get Weighted Delta Time in graph 'TickUpdate' in blueprint BasicPlateform
[2015.12.14-23.10.03:873][166]PIE:Error: Error Accessed None 'timeManager' from node Get Weighted Delta Time in graph 'TickUpdate' in blueprint BasicPlateform
[2015.12.14-23.10.03:894][167]PIE:Error: Error Accessed None 'timeManager' from node Get Weighted Delta Time in graph 'TickUpdate' in blueprint BasicPlateform
[2015.12.14-23.10.03:918][168]PIE:Error: Error Accessed None 'timeManager' from node Get Weighted Delta Time in graph 'TickUpdate' in blueprint BasicPlateform
[2015.12.14-23.10.03:936][169]PIE:Error: Error Accessed None 'timeManager' from node Get Weighted Delta Time in graph 'TickUpdate' in blueprint BasicPlateform
[2015.12.14-23.10.03:959][170]PIE:Error: Error Accessed None 'timeManager' from node Get Weighted Delta Time in graph 'TickUpdate' in blueprint BasicPlateform
[2015.12.14-23.10.03:977][171]PIE:Error: Error Accessed None 'timeManager' from node Get Weighted Delta Time in graph 'TickUpdate' in blueprint BasicPlateform
[2015.12.14-23.10.03:994][172]PIE:Error: Error Accessed None 'timeManager' from node Get Weighted Delta Time in graph 'TickUpdate' in blueprint BasicPlateform
[2015.12.14-23.10.04:017][173]PIE:Error: Error Accessed None 'timeManager' from node Get Weighted Delta Time in graph 'TickUpdate' in blueprint BasicPlateform
[2015.12.14-23.10.04:035][174]PIE:Error: Error Accessed None 'timeManager' from node Get Weighted Delta Time in graph 'TickUpdate' in blueprint BasicPlateform
[2015.12.14-23.10.04:051][175]PIE:Error: Error Accessed None 'timeManager' from node Get Weighted Delta Time in graph 'TickUpdate' in blueprint BasicPlateform
[2015.12.14-23.10.04:068][176]PIE:Error: Error Accessed None 'timeManager' from node Get Weighted Delta Time in graph 'TickUpdate' in blueprint BasicPlateform
[2015.12.14-23.10.04:085][177]PIE:Error: Error Accessed None 'timeManager' from node Get Weighted Delta Time in graph 'TickUpdate' in blueprint BasicPlateform
[2015.12.14-23.10.04:102][178]PIE:Error: Error Accessed None 'timeManager' from node Get Weighted Delta Time in graph 'TickUpdate' in blueprint BasicPlateform
[2015.12.14-23.10.04:118][179]PIE:Error: Error Accessed None 'timeManager' from node Get Weighted Delta Time in graph 'TickUpdate' in blueprint BasicPlateform
[2015.12.14-23.10.04:135][180]PIE:Error: Error Accessed None 'timeManager' from node Get Weighted Delta Time in graph 'TickUpdate' in blueprint BasicPlateform
[2015.12.14-23.10.04:152][181]PIE:Error: Error Accessed None 'timeManager' from node Get Weighted Delta Time in graph 'TickUpdate' in blueprint BasicPlateform
[2015.12.14-23.10.04:169][182]PIE:Error: Error Accessed None 'timeManager' from node Get Weighted Delta Time in graph 'TickUpdate' in blueprint BasicPlateform
[2015.12.14-23.10.04:185][183]PIE:Error: Error Accessed None 'timeManager' from node Get Weighted Delta Time in graph 'TickUpdate' in blueprint BasicPlateform
[2015.12.14-23.10.04:204][184]PIE:Error: Error Accessed None 'timeManager' from node Get Weighted Delta Time in graph 'TickUpdate' in blueprint BasicPlateform
[2015.12.14-23.10.04:221][185]PIE:Error: Error Accessed None 'timeManager' from node Get Weighted Delta Time in graph 'TickUpdate' in blueprint BasicPlateform
[2015.12.14-23.10.04:243][186]PIE:Error: Error Accessed None 'timeManager' from node Get Weighted Delta Time in graph 'TickUpdate' in blueprint BasicPlateform
[2015.12.14-23.10.04:268][187]PIE:Error: Error Accessed None 'timeManager' from node Get Weighted Delta Time in graph 'TickUpdate' in blueprint BasicPlateform
[2015.12.14-23.10.04:289][188]PIE:Error: Error Accessed None 'timeManager' from node Get Weighted Delta Time in graph 'TickUpdate' in blueprint BasicPlateform
[2015.12.14-23.10.04:310][189]PIE:Error: Error Accessed None 'timeManager' from node Get Weighted Delta Time in graph 'TickUpdate' in blueprint BasicPlateform
[2015.12.14-23.10.04:328][190]PIE:Error: Error Accessed None 'timeManager' from node Get Weighted Delta Time in graph 'TickUpdate' in blueprint BasicPlateform
[2015.12.14-23.10.04:345][191]PIE:Error: Error Accessed None 'timeManager' from node Get Weighted Delta Time in graph 'TickUpdate' in blueprint BasicPlateform
[2015.12.14-23.10.04:362][192]PIE:Error: Error Accessed None 'timeManager' from node Get Weighted Delta Time in graph 'TickUpdate' in blueprint BasicPlateform
[2015.12.14-23.10.04:381][193]PIE:Error: Error Accessed None 'timeManager' from node Get Weighted Delta Time in graph 'TickUpdate' in blueprint BasicPlateform
[2015.12.14-23.10.04:398][194]PIE:Error: Error Accessed None 'timeManager' from node Get Weighted Delta Time in graph 'TickUpdate' in blueprint BasicPlateform
[2015.12.14-23.10.04:414][195]PIE:Error: Error Accessed None 'timeManager' from node Get Weighted Delta Time in graph 'TickUpdate' in blueprint BasicPlateform
[2015.12.14-23.10.04:431][196]PIE:Error: Error Accessed None 'timeManager' from node Get Weighted Delta Time in graph 'TickUpdate' in blueprint BasicPlateform
[2015.12.14-23.10.04:448][197]PIE:Error: Error Accessed None 'timeManager' from node Get Weighted Delta Time in graph 'TickUpdate' in blueprint BasicPlateform
[2015.12.14-23.10.04:465][198]PIE:Error: Error Accessed None 'timeManager' from node Get Weighted Delta Time in graph 'TickUpdate' in blueprint BasicPlateform
[2015.12.14-23.10.04:482][199]PIE:Error: Error Accessed None 'timeManager' from node Get Weighted Delta Time in graph 'TickUpdate' in blueprint BasicPlateform
[2015.12.14-23.10.04:499][200]PIE:Error: Error Accessed None 'timeManager' from node Get Weighted Delta Time in graph 'TickUpdate' in blueprint BasicPlateform
[2015.12.14-23.10.04:519][201]PIE:Error: Error Accessed None 'timeManager' from node Get Weighted Delta Time in graph 'TickUpdate' in blueprint BasicPlateform
[2015.12.14-23.10.04:540][202]PIE:Error: Error Accessed None 'timeManager' from node Get Weighted Delta Time in graph 'TickUpdate' in blueprint BasicPlateform
[2015.12.14-23.10.04:566][203]PIE:Error: Error Accessed None 'timeManager' from node Get Weighted Delta Time in graph 'TickUpdate' in blueprint BasicPlateform
[2015.12.14-23.10.04:598][204]PIE:Error: Error Accessed None 'timeManager' from node Get Weighted Delta Time in graph 'TickUpdate' in blueprint BasicPlateform
[2015.12.14-23.10.04:615][205]PIE:Error: Error Accessed None 'timeManager' from node Get Weighted Delta Time in graph 'TickUpdate' in blueprint BasicPlateform
[2015.12.14-23.10.04:633][206]PIE:Error: Error Accessed None 'timeManager' from node Get Weighted Delta Time in graph 'TickUpdate' in blueprint BasicPlateform
[2015.12.14-23.10.04:732][212]PIE:Error: Error Accessed None 'timeManager' from node Get Weighted Delta Time in graph 'TickUpdate' in blueprint BasicPlateform
[2015.12.14-23.10.04:733][212]LogBlueprintUserMessages: Early EndPlayMap Detection: Level '/Game/Level1.Level1:PersistentLevel' has LevelScriptBlueprint '/Game/Level1.Level1:PersistentLevel.Level1' with GeneratedClass '/Game/Level1.Level1_C' with ClassGeneratedBy '/Game/Level1.Level1:PersistentLevel.Level1'
[2015.12.14-23.10.04:836][212]LogBlueprintUserMessages: Late EndPlayMap Detection: Level '/Game/Level1.Level1:PersistentLevel' has LevelScriptBlueprint '/Game/Level1.Level1:PersistentLevel.Level1' with GeneratedClass '/Game/Level1.Level1_C' with ClassGeneratedBy '/Game/Level1.Level1:PersistentLevel.Level1'
[2015.12.14-23.10.04:894][212]LogParticles: Destroying 0 GPU particle simulations for FXSystem 0x000000004FAD9C60
[2015.12.14-23.18.40:195][263]LogLinker:Warning: Can't find file '/Game/Gamemode'
[2015.12.14-23.18.40:196][263]LogLinker:Warning: Can't find file '/Game/Gamemode'
[2015.12.14-23.18.40:196][263]LogUObjectGlobals:Warning: Failed to find object 'Object /Game/Gamemode.Gamemode_C'
[2015.12.14-23.18.40:196][263]LogLinker:Warning: Can't find file '/Game/Gamemode'
[2015.12.14-23.18.40:196][263]LogUObjectGlobals:Warning: Failed to find object 'Object /Game/Gamemode.Gamemode_C'
[2015.12.14-23.19.42:870][951]LogBlueprint:Warning: [compiler Debut] Warning Node  Unknown  is not referencing a valid level actor
[2015.12.14-23.19.42:871][951]LogBlueprint:Warning: [compiler Debut] Warning [0914.90] Compile of Debut successful, but with 1 Warning(s) [in 5 ms]
[2015.12.14-23.19.42:871][951]LogBlueprint:Warning: [compiler Debut] Warning [0914.90] Compile of Debut successful, but with 2 Warning(s) [in 0 ms]
[2015.12.14-23.19.42:872][951]LogBlueprint:Warning: [compiler Debut] Warning [0914.90] Compile of Debut successful, but with 3 Warning(s) [in 0 ms]
[2015.12.14-23.19.42:878][951]LogBlueprint:Warning: [compiler Debut] Warning Node  Unknown  is not referencing a valid level actor
[2015.12.14-23.19.42:879][951]LogBlueprint:Warning: [compiler Debut] Warning [0914.90] Compile of Debut successful, but with 1 Warning(s) [in 5 ms]
[2015.12.14-23.19.42:879][951]LogBlueprint:Warning: [compiler Debut] Warning [0914.90] Compile of Debut successful, but with 2 Warning(s) [in 0 ms]
[2015.12.14-23.19.42:879][951]LogBlueprint:Warning: [compiler Debut] Warning [0914.90] Compile of Debut successful, but with 3 Warning(s) [in 0 ms]
[2015.12.14-23.19.42:887][951]LogAIModule: Creating AISystem for world Debut
[2015.12.14-23.19.42:939][951]LogParticles: Destroying 0 GPU particle simulations for FXSystem 0x000000003869D580
[2015.12.14-23.19.42:940][951]LogParticles: Destroying 0 GPU particle simulations for FXSystem 0x000000003869CEA0
[2015.12.14-23.19.42:945][951]LogParticles: Destroying 0 GPU particle simulations for FXSystem 0x0000000045B28EA0
[2015.12.14-23.19.42:955][951]Cmd: MAP LOAD FILE="../../../../../../Users/BCoat/Documents/GitHub/Internsheep/Internsheep-Pierre/Content/Debut.umap" TEMPLATE=0 SHOWPROGRESS=1 FEATURELEVEL=3
[2015.12.14-23.19.42:955][951]LightingResults: New page: Lighting Build
[2015.12.14-23.19.43:031][951]LoadErrors: New page: Loading map: Debut.umap
[2015.12.14-23.19.43:032][951]MapCheck: New page: Map Check
[2015.12.14-23.19.43:032][951]LightingResults: New page: Lighting Build
[2015.12.14-23.19.43:078][951]LogParticles: Destroying 0 GPU particle simulations for FXSystem 0x00000000262509A0
[2015.12.14-23.19.43:221][951]LogEditorServer: Finished looking for orphan Actors (0.000 secs)
[2015.12.14-23.19.43:292][951]Cmd: MAP CHECKDEP NOCLEARLOG
[2015.12.14-23.19.43:503][951]MapCheck: Info Map check complete: 0 Error(s), 0 Warning(s), took 210.493ms to complete.
[2015.12.14-23.19.43:504][951]LogFileHelpers: Loading map 'Debut' took 0.551
[2015.12.14-23.19.44:600][ 15]LogLinker:Warning: Can't find file '/Game/Gamemode'
[2015.12.14-23.19.44:600][ 15]LogLinker:Warning: Can't find file '/Game/Gamemode'
[2015.12.14-23.19.44:600][ 15]LogUObjectGlobals:Warning: Failed to find object 'Object /Game/Gamemode.Gamemode_C'
[2015.12.14-23.19.44:600][ 15]LogLinker:Warning: Can't find file '/Game/Gamemode'
[2015.12.14-23.19.44:600][ 15]LogUObjectGlobals:Warning: Failed to find object 'Object /Game/Gamemode.Gamemode_C'
[2015.12.14-23.19.45:311][ 57]LogLinker:Warning: Can't find file '/Game/Gamemode'
[2015.12.14-23.19.45:311][ 57]LogUObjectGlobals:Warning: Failed to find object 'Object /Game/Gamemode.Gamemode_C'
[2015.12.14-23.19.45:312][ 57]LogLinker:Warning: Can't find file '/Game/Gamemode'
[2015.12.14-23.19.45:312][ 57]LogUObjectGlobals:Warning: Failed to find object 'Object /Game/Gamemode.Gamemode_C'
[2015.12.14-23.19.46:203][108]LogLinker:Warning: Can't find file '/Game/Gamemode'
[2015.12.14-23.19.46:203][108]LogUObjectGlobals:Warning: Failed to find object 'Object /Game/Gamemode.Gamemode_C'
[2015.12.14-23.19.46:266][108]LogLinker:Warning: Can't find file '/Game/Gamemode'
[2015.12.14-23.19.46:266][108]LogUObjectGlobals:Warning: Failed to find object 'Object /Game/Gamemode.Gamemode_C'
[2015.12.14-23.21.33:080][527]LogAIModule: Creating AISystem for world Level1
[2015.12.14-23.21.33:087][527]LogScript:Warning: Attempted to get an item from array CallFunc_GetAllWidgetsOfClass_FoundWidgets out of bounds [0/0]!
[2015.12.14-23.21.33:156][527]Cmd: MAP LOAD FILE="../../../../../../Users/BCoat/Documents/GitHub/Internsheep/Internsheep-Pierre/Content/Level1.umap" TEMPLATE=0 SHOWPROGRESS=1 FEATURELEVEL=3
[2015.12.14-23.21.33:156][527]LightingResults: New page: Lighting Build
[2015.12.14-23.21.33:180][527]LoadErrors: New page: Loading map: Level1.umap
[2015.12.14-23.21.33:273][527]MapCheck: New page: Map Check
[2015.12.14-23.21.33:273][527]LightingResults: New page: Lighting Build
[2015.12.14-23.21.33:323][527]LogParticles: Destroying 0 GPU particle simulations for FXSystem 0x000000002669D6C0
[2015.12.14-23.21.33:334][527]LogParticles: Destroying 0 GPU particle simulations for FXSystem 0x000000004A72A160
[2015.12.14-23.21.33:339][527]LogPrimitiveComponent: Zero scaling not supported (/Game/Level1.Level1:PersistentLevel.PlayerStart.CollisionCapsule)
[2015.12.14-23.21.33:349][527]LogScript:Warning: Attempted to get an item from array CallFunc_GetAllWidgetsOfClass_FoundWidgets out of bounds [0/0]!
[2015.12.14-23.21.33:621][527]LogEditorServer: Finished looking for orphan Actors (0.000 secs)
[2015.12.14-23.21.33:655][527]Cmd: MAP CHECKDEP NOCLEARLOG
[2015.12.14-23.21.33:743][527]MapCheck: Info Map check complete: 0 Error(s), 0 Warning(s), took 88.574ms to complete.
[2015.12.14-23.21.33:743][527]LogFileHelpers: Loading map 'Level1' took 0.589
[2015.12.14-23.21.37:195][680]LogLinker:Warning: Can't find file '/Game/Gamemode'
[2015.12.14-23.21.37:196][680]LogLinker:Warning: Can't find file '/Game/Gamemode'
[2015.12.14-23.21.37:196][680]LogUObjectGlobals:Warning: Failed to find object 'Object /Game/Gamemode.Gamemode_C'
[2015.12.14-23.21.37:196][680]LogLinker:Warning: Can't find file '/Game/Gamemode'
[2015.12.14-23.21.37:196][680]LogUObjectGlobals:Warning: Failed to find object 'Object /Game/Gamemode.Gamemode_C'
[2015.12.14-23.32.07:267][647]LogParticles: Destroying 0 GPU particle simulations for FXSystem 0x00000000150154E0
[2015.12.14-23.32.07:268][647]LogParticles: Destroying 0 GPU particle simulations for FXSystem 0x000000004DF6DE40
[2015.12.14-23.32.07:269][647]LogParticles: Destroying 0 GPU particle simulations for FXSystem 0x0000000046418400
[2015.12.14-23.32.07:272][647]LogParticles: Destroying 0 GPU particle simulations for FXSystem 0x0000000046418180
[2015.12.14-23.33.59:255][976]LogProperty:Warning: ObjectProperty /Script/Engine.EdGraphPin:LinkedTo.LinkedTo: unresolved reference to 'EdGraphPin'K2Node_FunctionEntry_2308.EdGraphPin_2500''
[2015.12.14-23.33.59:255][976]LogProperty:Warning: ObjectProperty /Script/Engine.EdGraphPin:LinkedTo.LinkedTo: unresolved reference to 'EdGraphPin'K2Node_CallFunction_8994.EdGraphPin_36832''
[2015.12.14-23.33.59:256][976]LogProperty:Warning: ObjectProperty /Script/Engine.EdGraphPin:LinkedTo.LinkedTo: unresolved reference to 'EdGraphPin'K2Node_CallFunction_8994.EdGraphPin_36831''
[2015.12.14-23.33.59:271][976]LogLinker:Warning: Can't find file '/Game/Menu/ModuleSlot'
[2015.12.14-23.33.59:272][976]LogLinker: Can't find file '/Game/Menu/ModuleSlot'
[2015.12.14-23.33.59:272][976]LogProperty:Warning: WeakObjectProperty /Script/Engine.EdGraphPinType:PinSubCategoryObject: unresolved reference to 'WidgetBlueprintGeneratedClass'/Game/Menu/ModuleSlot.ModuleSlot_C')'
[2015.12.14-23.34.22:698][638]Cmd: OBJ SAVEPACKAGE PACKAGE="/Game/UI/ModuleSlot" FILE="../../../../../../Users/BCoat/Documents/GitHub/Internsheep/Internsheep-Pierre/Content/UI/ModuleSlot.uasset" SILENT=true
[2015.12.14-23.34.23:166][638]LogSavePackage: Save=328.416687ms
[2015.12.14-23.34.23:166][638]LogSavePackage: Moving '../../../../../../Users/BCoat/Documents/GitHub/Internsheep/Internsheep-Pierre/Saved/ModuleSlot124EFA2E4DEA22730BB93D9FB31A3178.tmp' to '../../../../../../Users/BCoat/Documents/GitHub/Int