[2015.12.13-03.36.04:231][  0]Log file open, 12/13/15 04:36:04
[2015.12.13-03.36.04:231][  0]LogInit:Display: Running engine for game: Internsheep
[2015.12.13-03.36.04:231][  0]LogPlatformFile: Not using cached read wrapper
[2015.12.13-03.36.04:231][  0]LogInit:Display: RandInit(-1309389322) SRandInit(-1309389321).
[2015.12.13-03.36.04:231][  0]LogTaskGraph: Started task graph with 4 named threads and 7 total threads.
[2015.12.13-03.36.04:232][  0]LogStats: Stats thread started at 0.637362
[2015.12.13-03.36.04:232][  0]LogInit: Version: 4.10.1-2791327+++depot+UE4-Releases+4.10
[2015.12.13-03.36.04:232][  0]LogInit: API Version: 2758231
[2015.12.13-03.36.04:232][  0]LogInit: Compiled (64-bit): Dec  4 2015 19:44:40
[2015.12.13-03.36.04:232][  0]LogInit: Compiled with Visual C++: 19.00.23026.00
[2015.12.13-03.36.04:232][  0]LogInit: Build Configuration: Development
[2015.12.13-03.36.04:232][  0]LogInit: Branch Name: ++depot+UE4-Releases+4.10
[2015.12.13-03.36.04:232][  0]LogInit: Command line:  
[2015.12.13-03.36.04:232][  0]LogInit: Base directory: D:/Program Files/Epic Games/4.10/Engine/Binaries/Win64/
[2015.12.13-03.36.04:232][  0]LogInit: Rocket: 1
[2015.12.13-03.36.04:718][  0]LogInit: Using libcurl 7.41.0
[2015.12.13-03.36.04:718][  0]LogInit:  - built for x86_64-pc-win32
[2015.12.13-03.36.04:718][  0]LogInit:  - supports SSL with WinSSL
[2015.12.13-03.36.04:718][  0]LogInit:  - other features:
[2015.12.13-03.36.04:718][  0]LogInit:      CURL_VERSION_SSL
[2015.12.13-03.36.04:718][  0]LogInit:      CURL_VERSION_IPV6
[2015.12.13-03.36.04:718][  0]LogInit:      CURL_VERSION_ASYNCHDNS
[2015.12.13-03.36.04:718][  0]LogInit:      CURL_VERSION_LARGEFILE
[2015.12.13-03.36.04:718][  0]LogInit:      CURL_VERSION_IDN
[2015.12.13-03.36.04:718][  0]LogInit:  CurlRequestOptions (configurable via config and command line):
[2015.12.13-03.36.04:718][  0]LogInit:  - bVerifyPeer = true  - Libcurl will verify peer certificate
[2015.12.13-03.36.04:718][  0]LogInit:  - bUseHttpProxy = false  - Libcurl will NOT use HTTP proxy
[2015.12.13-03.36.04:718][  0]LogInit:  - bDontReuseConnections = false  - Libcurl will reuse connections
[2015.12.13-03.36.04:718][  0]LogInit:  - CertBundlePath = nullptr  - Libcurl will use whatever was configured at build time.
[2015.12.13-03.36.05:031][  0]LogInit: Presizing for 0 objects not considered by GC, pre-allocating 0 bytes.
[2015.12.13-03.36.05:037][  0]LogInit: Object subsystem initialized
[2015.12.13-03.36.05:039][  0]LogInit: Selected Device Profile: [Windows]
[2015.12.13-03.36.05:039][  0]LogInit: Applying CVar settings loaded from the selected device profile: [Windows]
[2015.12.13-03.36.05:451][  0]LogInit: Computer: PIERRE
[2015.12.13-03.36.05:451][  0]LogInit: User: Pierre6991
[2015.12.13-03.36.05:451][  0]LogInit: CPU Page size=4096, Cores=4
[2015.12.13-03.36.05:451][  0]LogInit: High frequency timer resolution =2.338346 MHz
[2015.12.13-03.36.05:451][  0]LogMemory: Memory total: Physical=3.9GB (4GB approx)
[2015.12.13-03.36.05:451][  0]LogMemory: Platform Memory Stats for Windows
[2015.12.13-03.36.05:451][  0]LogMemory: Process Physical Memory: 55.26 MB used, 55.26 MB peak
[2015.12.13-03.36.05:451][  0]LogMemory: Process Virtual Memory: 57.03 MB used, 57.03 MB peak
[2015.12.13-03.36.05:451][  0]LogMemory: Physical Memory: 2733.30 MB used, 3981.01 MB total
[2015.12.13-03.36.05:451][  0]LogMemory: Virtual Memory: 369.68 MB used, 134217728.00 MB total
[2015.12.13-03.36.06:445][  0]LogTextLocalizationManager: No translations for ('fr-FR') exist, falling back to 'en' for localization and internationalization data.
[2015.12.13-03.36.36:122][  0]LogD3D11RHI: Found D3D11 adapter 0: NVIDIA GeForce GT 740M        (Feature Level 11_0)
[2015.12.13-03.36.36:122][  0]LogD3D11RHI: Adapter has 1992MB of dedicated video memory, 0MB of dedicated system memory, and 1990MB of shared system memory, 1 output[s]
[2015.12.13-03.36.36:159][  0]LogD3D11RHI: Found D3D11 adapter 1: NVIDIA GeForce GT 740M        (Feature Level 11_0)
[2015.12.13-03.36.36:159][  0]LogD3D11RHI: Adapter has 1992MB of dedicated video memory, 0MB of dedicated system memory, and 1990MB of shared system memory, 0 output[s]
[2015.12.13-03.36.36:247][  0]LogD3D11RHI: Found D3D11 adapter 2: Microsoft Basic Render Driver (Feature Level 11_0)
[2015.12.13-03.36.36:247][  0]LogD3D11RHI: Adapter has 1992MB of dedicated video memory, 0MB of dedicated system memory, and 1990MB of shared system memory, 0 output[s]
[2015.12.13-03.36.36:247][  0]LogD3D11RHI: Chosen D3D11 Adapter Id = 0
[2015.12.13-03.36.36:354][  0]LogD3D11RHI: !Direct3DDevice
[2015.12.13-03.36.36:354][  0]LogRHI: Texture pool is 1361 MB (70% of 1945 MB)
[2015.12.13-03.36.36:370][  0]LogD3D11RHI: Async texture creation enabled
[2015.12.13-03.36.39:190][  0]LogShaderCompilers: Guid format shader working directory is -9 characters bigger than the processId version (../../../../../../Download/Internsheep-max/Internsheep-max/Intermediate/Shaders/WorkingDirectory/9356/).
[2015.12.13-03.36.39:190][  0]LogShaderCompilers: Cleaned the shader compiler working directory 'C:/Users/PIERRE~1/AppData/Local/Temp/UnrealShaderWorkingDir/0AFB6F6D4D1C41898C117E8139B453AE/'.
[2015.12.13-03.36.39:284][  0]LogShaderCompilers:Display: Using Local Shader Compiler.
[2015.12.13-03.37.07:125][  0]LogTemp:Display: Loaded TP AllDesktopTargetPlatform
[2015.12.13-03.37.07:146][  0]LogTemp:Display: Loaded TP WindowsClientTargetPlatform
[2015.12.13-03.37.07:170][  0]LogTemp:Display: Loaded TP WindowsNoEditorTargetPlatform
[2015.12.13-03.37.07:179][  0]LogTemp:Display: Loaded TP WindowsServerTargetPlatform
[2015.12.13-03.37.07:191][  0]LogTemp:Display: Loaded TP WindowsTargetPlatform
[2015.12.13-03.37.07:224][  0]LogTemp:Display: Loaded TP AndroidTargetPlatform
[2015.12.13-03.37.07:252][  0]LogTemp:Display: Loaded TP Android_ASTCTargetPlatform
[2015.12.13-03.37.07:278][  0]LogTemp:Display: Loaded TP Android_ATCTargetPlatform
[2015.12.13-03.37.07:287][  0]LogTemp:Display: Loaded TP Android_DXTTargetPlatform
[2015.12.13-03.37.07:294][  0]LogTemp:Display: Loaded TP Android_ETC1TargetPlatform
[2015.12.13-03.37.07:315][  0]LogTemp:Display: Loaded TP Android_ETC2TargetPlatform
[2015.12.13-03.37.07:329][  0]LogTemp:Display: Loaded TP Android_MultiTargetPlatform
[2015.12.13-03.37.07:329][  0]LogTemp:Display: Loaded TP Android_PVRTCTargetPlatform
[2015.12.13-03.37.07:330][  0]LogTemp:Display: Loaded TP HTML5TargetPlatform
[2015.12.13-03.37.07:428][  0]LogTemp:Display: Loaded TP IOSTargetPlatform
[2015.12.13-03.37.07:444][  0]LogTemp:Display: Loaded TP LinuxNoEditorTargetPlatform
[2015.12.13-03.37.07:450][  0]LogTemp:Display: Loaded TP LinuxServerTargetPlatform
[2015.12.13-03.37.07:464][  0]LogTemp:Display: Loaded TP LinuxTargetPlatform
[2015.12.13-03.37.07:464][  0]LogTargetPlatformManager:Display: Building Assets For Windows
[2015.12.13-03.37.08:386][  0]LogDerivedDataCache:Display: Max Cache Size: 512 MB
[2015.12.13-03.37.09:028][  0]LogDerivedDataCache: Loaded boot cache 0.60s 41MB C:/Users/Pierre6991/AppData/Local/UnrealEngine/4.10/DerivedDataCache/Boot.ddc.
[2015.12.13-03.37.09:028][  0]LogDerivedDataCache:Display: Loaded Boot cache: C:/Users/Pierre6991/AppData/Local/UnrealEngine/4.10/DerivedDataCache/Boot.ddc
[2015.12.13-03.37.09:048][  0]LogDerivedDataCache: FDerivedDataBackendGraph:  Pak pak cache file ../../../../../../Download/Internsheep-max/Internsheep-max/DerivedDataCache/DDC.ddp not found, will not use a pak cache.
[2015.12.13-03.37.09:048][  0]LogDerivedDataCache: Unable to find inner node Pak for hierarchical cache Hierarchy.
[2015.12.13-03.37.09:048][  0]LogDerivedDataCache: FDerivedDataBackendGraph:  CompressedPak pak cache file ../../../../../../Download/Internsheep-max/Internsheep-max/DerivedDataCache/Compressed.ddp not found, will not use a pak cache.
[2015.12.13-03.37.09:048][  0]LogDerivedDataCache: Unable to find inner node CompressedPak for hierarchical cache Hierarchy.
[2015.12.13-03.37.09:313][  0]LogDerivedDataCache:Display: Pak cache opened for reading ../../../Engine/DerivedDataCache/Compressed.ddp.
[2015.12.13-03.37.09:363][  0]LogDerivedDataCache: Using Local data cache path C:/Users/Pierre6991/AppData/Local/UnrealEngine/Common/DerivedDataCache: Writable
[2015.12.13-03.37.24:412][  0]LogInit: Selected Device Profile: [Windows]
[2015.12.13-03.37.24:962][  0]LogContentStreaming: Texture pool size is 0.000000MB
[2015.12.13-03.37.29:314][  0]LogMeshUtilities: No automatic mesh reduction module available
[2015.12.13-03.37.29:314][  0]LogMeshUtilities: No automatic mesh merging module available
[2015.12.13-03.37.41:383][  0]LogInit: WinSock: version 1.1 (2.2), MaxSocks=32767, MaxUdp=65467
[2015.12.13-03.38.02:313][  0]UdpMessaging: Initializing bridge on interface 0.0.0.0:0 to multicast group 230.0.0.1:6666.
[2015.12.13-03.38.03:518][  0]LogAssetRegistry: FAssetRegistry took 0.0148 seconds to start up
[2015.12.13-03.38.08:721][  0]SourceControl: Info Source control is disabled
[2015.12.13-03.38.08:815][  0]SourceControl: Info Source control is disabled
[2015.12.13-03.38.09:334][  0]SourceControl: Info Source control is disabled
[2015.12.13-03.38.09:585][  0]SourceControl: Info Source control is disabled
[2015.12.13-03.38.13:646][  0]LogObj: 28633 objects as part of root set at end of initial load.
[2015.12.13-03.38.13:646][  0]LogUObjectAllocator: 6099744 out of 0 bytes used by permanent object pool.
[2015.12.13-03.38.16:426][  0]LogAutomationTest:Warning: Smoke tests took > 1s to run: 1.67s
[2015.12.13-03.38.16:570][  0]LogEngine: Initializing Engine...
[2015.12.13-03.38.16:698][  0]LogHMD: Can't find Oculus library dev build: is proper Runtime installed? Version: 0.8.0.0
[2015.12.13-03.38.16:999][  0]LogHMD: SteamVR failed to initialize.  Err: 110
[2015.12.13-03.38.19:498][  0]LogAIModule: Creating AISystem for world NewWorld
[2015.12.13-03.38.20:351][  0]LogInit: XAudio2 using 'Haut-parleurs (Realtek High Definition Audio)' : 2 channels at 48 kHz using 32 bits per sample (channel mask 0x3)
[2015.12.13-03.38.20:554][  0]LogInit: FAudioDevice initialized.
[2015.12.13-03.38.20:579][  0]LogDerivedDataCache: Saved boot cache 0.02s 41MB C:/Users/Pierre6991/AppData/Local/UnrealEngine/4.10/DerivedDataCache/Boot.ddc.
[2015.12.13-03.38.20:584][  0]LogInit: Texture streaming: Enabled
[2015.12.13-03.38.21:303][  0]LogAnalytics: Creating configured Analytics provider AnalyticsET
[2015.12.13-03.38.21:304][  0]LogAnalytics: [UEEditor.Rocket.Release] APIServer = http://et2.epicgames.com/ET2/. AppVersion = 4.10.1-2791327+++depot+UE4-Releases+4.10
[2015.12.13-03.38.21:304][  0]LogAnalytics: [UEEditor.Rocket.Release] SetUserId 9634230f474bfd6af3d7eca0853271ec|0564376c1eb44b439f5c4df5195a7a7e|dbd06198-ba12-401f-9f01-08593f6665de
[2015.12.13-03.38.21:345][  0]LogAnalytics: [UEEditor.Rocket.Release] AnalyticsET::StartSession
[2015.12.13-03.38.25:424][  0]LogInit: Transaction tracking system initialized
[2015.12.13-03.38.31:659][  0]BlueprintLog: New page: Editor Load
[2015.12.13-03.38.43:499][  0]LocalizationService: Info Localization service is disabled
[2015.12.13-03.38.48:743][  0]LogConsoleResponse:Display: 
[2015.12.13-03.38.53:927][  0]LogFileCache: Scanning file cache for directory 'D:/Download/Internsheep-max/Internsheep-max/Content/' took 0.26s
[2015.12.13-03.38.53:927][  0]LogCook:Display: Done creating registry. It took  0.00s.
[2015.12.13-03.38.56:021][  0]SourceControl: Info Source control is disabled
[2015.12.13-03.38.56:165][  0]Cmd: MAP LOAD FILE="../../../Engine/Content/Maps/Templates/Template_Default.umap" TEMPLATE=1 SHOWPROGRESS=1 FEATURELEVEL=3
[2015.12.13-03.38.56:227][  0]LightingResults: New page: Lighting Build
[2015.12.13-03.38.56:633][  0]MapCheck: New page: Map Check
[2015.12.13-03.38.56:633][  0]LightingResults: New page: Lighting Build
[2015.12.13-03.38.57:402][  0]LogParticles: Destroying 0 GPU particle simulations for FXSystem 0x00000031314C7B00
[2015.12.13-03.39.00:214][  0]LogAIModule: Creating AISystem for world Untitled_1
[2015.12.13-03.39.01:895][  0]LogEditorServer: Finished looking for orphan Actors (0.006 secs)
[2015.12.13-03.39.02:184][  0]Cmd: MAP CHECKDEP NOCLEARLOG
[2015.12.13-03.39.02:254][  0]MapCheck: Info Map check complete: 0 Error(s), 0 Warning(s), took 69.724ms to complete.
[2015.12.13-03.39.02:271][  0]LogFileHelpers: Loading map 'Template_Default' took 6.226
[2015.12.13-03.39.05:914][  0]LogCollectionManager: Loaded 0 collections in 0.001166 seconds
[2015.12.13-03.39.06:341][  0]LogFileCache: Scanning file cache for directory 'D:/Download/Internsheep-max/Internsheep-max/Saved/Collections/' took 0.01s
[2015.12.13-03.39.06:341][  0]LogFileCache: Scanning file cache for directory 'D:/Download/Internsheep-max/Internsheep-max/Content/Developers/Pierre6991/Collections/' took 0.01s
[2015.12.13-03.39.06:341][  0]LogFileCache: Scanning file cache for directory 'D:/Download/Internsheep-max/Internsheep-max/Content/Collections/' took 0.01s
[2015.12.13-03.39.06:341][  0]LogCollectionManager: Rebuilt the GUID cache for 0 collections in 0.000002 seconds
[2015.12.13-03.39.06:365][  0]LogContentBrowser: Native class hierarchy populated in 0.0138 seconds. Added 1893 classes and 338 folders.
[2015.12.13-03.39.06:715][  0]LogContentBrowser: Native class hierarchy updated for 'WidgetCarousel' in 0.0004 seconds. Added 0 classes and 0 folders.
[2015.12.13-03.39.07:761][  0]LogContentBrowser: Native class hierarchy updated for 'AddContentDialog' in 0.0004 seconds. Added 0 classes and 0 folders.
[2015.12.13-03.39.07:874][  0]LogContentBrowser: Native class hierarchy updated for 'SceneOutliner' in 0.0004 seconds. Added 1 classes and 2 folders.
[2015.12.13-03.39.11:049][  0]LogCrashTracker: Crashtracker disabled due to settings.
[2015.12.13-03.39.11:568][  0]LogUObjectGlobals:Warning: Failed to find object 'Class None.'
[2015.12.13-03.39.11:747][  0]LogLoad: Full Startup: 198.35 seconds (BP compile: 1.62 seconds)
[2015.12.13-03.39.12:284][  0]LogOcInput: Can't find Oculus library dev build: is proper Runtime installed? Version: 0.8.0.0
[2015.12.13-03.39.13:617][  0]LogContentStreaming: Texture pool size now 1000 MB
[2015.12.13-03.39.16:926][  0]LogRenderer: Reallocating scene render targets to support 1004x480 (Frame:2).
[2015.12.13-03.39.18:754][  1]LogFileCache: Retrieving MD5 hashes for directory 'D:/Download/Internsheep-max/Internsheep-max/Content/' took 6.28s
[2015.12.13-03.39.21:420][  8]LogAssetRegistry: Asset discovery search completed in 77.9135 seconds
[2015.12.13-03.39.21:478][  8]LogCollectionManager: Rebuilt the object cache for 0 collections in 0.000001 seconds (found 0 objects)
[2015.12.13-03.39.21:479][  8]LogCollectionManager: Fixed up redirectors for 0 collections in 0.026700 seconds (updated 0 objects)
[2015.12.13-03.39.37:104][191]LogLinker:Warning: Asset '../../../Engine/Content/ArtTools/RenderToTexture/Macros/RenderToTextureMacros.uasset' has been saved with empty engine version. The asset will be loaded but may be incompatible.
[2015.12.13-03.39.38:770][191]LogContentBrowser: Native class hierarchy updated for 'BlueprintGraph' in 0.0197 seconds. Added 107 classes and 0 folders.
[2015.12.13-03.41.23:046][297]LogPlayLevel: PlayLevel: No blueprints needed recompiling
[2015.12.13-03.41.23:128][297]PIE: New page: PIE session: Untitled_1 (Dec 13, 2015, 5:41:23 AM)
[2015.12.13-03.41.23:172][297]LogPlayLevel: Creating play world package: /Temp/UEDPIE_0_Untitled_1
[2015.12.13-03.41.23:266][297]LogPlayLevel: PIE: StaticDuplicateObject took: (0.094111s)
[2015.12.13-03.41.23:266][297]LogAIModule: Creating AISystem for world Untitled_1
[2015.12.13-03.41.23:267][297]LogPlayLevel: PIE: World Init took: (0.000824s)
[2015.12.13-03.41.23:303][297]LogPlayLevel: PIE: Created PIE world by copying editor world from /Temp/Untitled_1.Untitled_1 to /Temp/UEDPIE_0_Untitled_1.Untitled_1 (0.148276s)
[2015.12.13-03.41.23:548][297]LogParticles: Destroying 0 GPU particle simulations for FXSystem 0x00000031395FC540
[2015.12.13-03.41.23:548][297]LogParticles: Destroying 0 GPU particle simulations for FXSystem 0x00000031395FD9E0
[2015.12.13-03.41.23:688][297]LogInit: XAudio2 using 'Haut-parleurs (Realtek High Definition Audio)' : 2 channels at 48 kHz using 32 bits per sample (channel mask 0x3)
[2015.12.13-03.41.23:696][297]LogInit: FAudioDevice initialized.
[2015.12.13-03.41.24:067][297]LogWorld: Game class is 'GameMode'
[2015.12.13-03.41.24:092][297]LogWorld: Bringing World /Temp/UEDPIE_0_Untitled_1.Untitled_1 up for play (max tick rate 60) at 2015.12.13-04.41.24
[2015.12.13-03.41.24:092][297]LogActor:Warning: GameSession /Temp/UEDPIE_0_Untitled_1.Untitled_1:PersistentLevel.GameSession_0 has natively added scene component(s), but none of them were set as the actor's RootComponent - picking one arbitrarily
[2015.12.13-03.41.24:108][297]LogActor:Warning: GameNetworkManager /Temp/UEDPIE_0_Untitled_1.Untitled_1:PersistentLevel.GameNetworkManager_0 has natively added scene component(s), but none of them were set as the actor's RootComponent - picking one arbitrarily
[2015.12.13-03.41.24:200][297]LogWorld: Bringing up level for play took: 0.109820
[2015.12.13-03.41.25:274][297]PIE: Info Play in editor start time for /Temp/UEDPIE_0_Untitled_1 1.795
[2015.12.13-03.41.33:622][397]LogParticles: Destroying 0 GPU particle simulations for FXSystem 0x0000003161FC5800
[2015.12.13-03.41.39:515][560]LogBlueprint:Warning: [compiler Char2] Warning InputAction Event references unknown Action 'MouseClick' for  InputAction MouseClick 
[2015.12.13-03.41.39:537][560]LogBlueprint:Warning: [compiler Char2] Warning [0346.14] Compile of Char2 successful, but with 1 Warning(s) [in 83 ms]
[2015.12.13-03.41.39:537][560]LogBlueprint:Warning: [compiler Char2] Warning [0346.14] Compile of Char2 successful, but with 2 Warning(s) [in 0 ms]
[2015.12.13-03.41.39:537][560]LogBlueprint:Warning: [compiler Char2] Warning [0346.14] Compile of Char2 successful, but with 3 Warning(s) [in 0 ms]
[2015.12.13-03.41.39:797][560]LogBlueprint:Warning: [compiler Char2] Warning InputAction Event references unknown Action 'MouseClick' for  InputAction MouseClick 
[2015.12.13-03.41.39:801][560]LogBlueprint:Warning: [compiler Char2] Warning [0346.40] Compile of Char2 successful, but with 1 Warning(s) [in 9 ms]
[2015.12.13-03.41.39:801][560]LogBlueprint:Warning: [compiler Char2] Warning [0346.40] Compile of Char2 successful, but with 2 Warning(s) [in 0 ms]
[2015.12.13-03.41.39:801][560]LogBlueprint:Warning: [compiler Char2] Warning [0346.40] Compile of Char2 successful, but with 3 Warning(s) [in 0 ms]
[2015.12.13-03.41.40:106][560]LogBlueprint:Warning: [compiler Mychar] Warning InputAction Event references unknown Action 'MouseClick' for  InputAction MouseClick 
[2015.12.13-03.41.40:108][560]LogBlueprint:Warning: [compiler Mychar] Warning [0346.71] Compile of Mychar successful, but with 1 Warning(s) [in 3 ms]
[2015.12.13-03.41.40:108][560]LogBlueprint:Warning: [compiler Mychar] Warning [0346.71] Compile of Mychar successful, but with 2 Warning(s) [in 0 ms]
[2015.12.13-03.41.40:108][560]LogBlueprint:Warning: [compiler Mychar] Warning [0346.71] Compile of Mychar successful, but with 3 Warning(s) [in 0 ms]
[2015.12.13-03.41.40:112][560]LogBlueprint:Warning: [compiler Mychar] Warning InputAction Event references unknown Action 'MouseClick' for  InputAction MouseClick 
[2015.12.13-03.41.40:114][560]LogBlueprint:Warning: [compiler Mychar] Warning [0346.72] Compile of Mychar successful, but with 1 Warning(s) [in 4 ms]
[2015.12.13-03.41.40:114][560]LogBlueprint:Warning: [compiler Mychar] Warning [0346.72] Compile of Mychar successful, but with 2 Warning(s) [in 0 ms]
[2015.12.13-03.41.40:114][560]LogBlueprint:Warning: [compiler Mychar] Warning [0346.72] Compile of Mychar successful, but with 3 Warning(s) [in 0 ms]
[2015.12.13-03.41.40:221][560]LogLinker:Warning: Can't find file '/Game/StarterContent/Materials/M_Basic_Wall'
[2015.12.13-03.41.40:221][560]LogLinker:Warning: Can't find file for asset '/Game/StarterContent/Materials/M_Basic_Wall' while loading ../../../../../../Download/Internsheep-max/Internsheep-max/Content/Mesh/InvisibleWall.uasset.
[2015.12.13-03.41.40:239][560]LoadErrors:Error: Error /Game/Mesh/InvisibleWall : Can't find file for asset. /Game/StarterContent/Materials/M_Basic_Wall
[2015.12.13-03.41.40:239][560]LogLinker:Warning: Can't find file '/Game/StarterContent/Materials/M_Basic_Wall'
[2015.12.13-03.41.40:239][560]LogLinker:Warning: Can't find file for asset '/Game/StarterContent/Materials/M_Basic_Wall' while loading ../../../../../../Download/Internsheep-max/Internsheep-max/Content/Mesh/InvisibleWall.uasset.
[2015.12.13-03.41.40:333][560]LogLinker:Warning: Can't find file '/Game/StarterContent/Architecture/Floor_400x400'
[2015.12.13-03.41.40:333][560]LogLinker:Warning: Can't find file for asset '/Game/StarterContent/Architecture/Floor_400x400' while loading ../../../../../../Download/Internsheep-max/Internsheep-max/Content/Old/Module1.uasset.
[2015.12.13-03.41.40:333][560]LoadErrors:Error: Error /Game/Old/Module1 : Can't find file for asset. /Game/StarterContent/Architecture/Floor_400x400
[2015.12.13-03.41.40:333][560]LogLinker:Warning: Can't find file '/Game/StarterContent/Shapes/Shape_Cylinder'
[2015.12.13-03.41.40:333][560]LogLinker:Warning: Can't find file for asset '/Game/StarterContent/Shapes/Shape_Cylinder' while loading ../../../../../../Download/Internsheep-max/Internsheep-max/Content/Old/Module1.uasset.
[2015.12.13-03.41.40:333][560]LoadErrors:Error: Error /Game/Old/Module1 : Can't find file for asset. /Game/StarterContent/Shapes/Shape_Cylinder
[2015.12.13-03.41.40:334][560]LogLinker:Warning: Can't find file '/Game/StarterContent/Architecture/Floor_400x400'
[2015.12.13-03.41.40:334][560]LogLinker:Warning: Can't find file for asset '/Game/StarterContent/Architecture/Floor_400x400' while loading ../../../../../../Download/Internsheep-max/Internsheep-max/Content/Old/Module1.uasset.
[2015.12.13-03.41.40:334][560]LogLinker:Warning: Can't find file '/Game/StarterContent/Shapes/Shape_Cylinder'
[2015.12.13-03.41.40:334][560]LogLinker:Warning: Can't find file for asset '/Game/StarterContent/Shapes/Shape_Cylinder' while loading ../../../../../../Download/Internsheep-max/Internsheep-max/Content/Old/Module1.uasset.
[2015.12.13-03.41.40:338][560]LogLinker:Warning: Can't find file '/Game/StarterContent/Architecture/Floor_400x400'
[2015.12.13-03.41.40:338][560]LogLinker:Warning: Can't find file for asset '/Game/StarterContent/Architecture/Floor_400x400' while loading ../../../../../../Download/Internsheep-max/Internsheep-max/Content/Plateforme/Actor_Couloir_petit.uasset.
[2015.12.13-03.41.40:339][560]LoadErrors:Error: Error /Game/Plateforme/Actor_Couloir_petit : Can't find file for asset. /Game/StarterContent/Architecture/Floor_400x400
[2015.12.13-03.41.40:339][560]LogLinker:Warning: Can't find file '/Game/StarterContent/Shapes/Shape_Cylinder'
[2015.12.13-03.41.40:339][560]LogLinker:Warning: Can't find file for asset '/Game/StarterContent/Shapes/Shape_Cylinder' while loading ../../../../../../Download/Internsheep-max/Internsheep-max/Content/Plateforme/Actor_Couloir_petit.uasset.
[2015.12.13-03.41.40:339][560]LoadErrors:Error: Error /Game/Plateforme/Actor_Couloir_petit : Can't find file for asset. /Game/StarterContent/Shapes/Shape_Cylinder
[2015.12.13-03.41.40:339][560]LogLinker:Warning: Can't find file '/Game/StarterContent/Architecture/Floor_400x400'
[2015.12.13-03.41.40:339][560]LogLinker:Warning: Can't find file for asset '/Game/StarterContent/Architecture/Floor_400x400' while loading ../../../../../../Download/Internsheep-max/Internsheep-max/Content/Plateforme/Actor_Couloir_petit.uasset.
[2015.12.13-03.41.40:339][560]LogLinker:Warning: Can't find file '/Game/StarterContent/Shapes/Shape_Cylinder'
[2015.12.13-03.41.40:339][560]LogLinker:Warning: Can't find file for asset '/Game/StarterContent/Shapes/Shape_Cylinder' while loading ../../../../../../Download/Internsheep-max/Internsheep-max/Content/Plateforme/Actor_Couloir_petit.uasset.
[2015.12.13-03.41.40:390][560]LogLinker:Warning: Can't find file '/Game/StarterContent/Architecture/Floor_400x400'
[2015.12.13-03.41.40:390][560]LoadErrors: Info Failed to load /Game/StarterContent/Architecture/Floor_400x400.Floor_400x400 Referenced by floor_GEN_VARIABLE
[2015.12.13-03.41.40:390][560]LogLinker:Warning: Can't find file for asset '/Game/StarterContent/Architecture/Floor_400x400' while loading ../../../../../../Download/Internsheep-max/Internsheep-max/Content/Plateforme/Actor_Couloir_petit.uasset.
[2015.12.13-03.41.40:391][560]LogLinker:Warning: Can't find file '/Game/StarterContent/Shapes/Shape_Cylinder'
[2015.12.13-03.41.40:391][560]LoadErrors: Info Failed to load /Game/StarterContent/Shapes/Shape_Cylinder.Shape_Cylinder Referenced by ori_GEN_VARIABLE
[2015.12.13-03.41.40:391][560]LogLinker:Warning: Can't find file for asset '/Game/StarterContent/Shapes/Shape_Cylinder' while loading ../../../../../../Download/Internsheep-max/Internsheep-max/Content/Plateforme/Actor_Couloir_petit.uasset.
[2015.12.13-03.41.40:479][560]LogBlueprint:Warning: [compiler Module1] Warning InputAction Event references unknown Action 'SpawnR' for  InputAction SpawnR 
[2015.12.13-03.41.40:496][560]LogBlueprint:Warning: [compiler Module1] Warning [0347.10] Compile of Module1 successful, but with 1 Warning(s) [in 22 ms]
[2015.12.13-03.41.40:496][560]LogBlueprint:Warning: [compiler Module1] Warning [0347.10] Compile of Module1 successful, but with 2 Warning(s) [in 0 ms]
[2015.12.13-03.41.40:496][560]LogBlueprint:Warning: [compiler Module1] Warning [0347.10] Compile of Module1 successful, but with 3 Warning(s) [in 0 ms]
[2015.12.13-03.41.40:510][560]LogBlueprint:Warning: [compiler Module1] Warning InputAction Event references unknown Action 'SpawnR' for  InputAction SpawnR 
[2015.12.13-03.41.40:528][560]LogBlueprint:Warning: [compiler Module1] Warning [0347.13] Compile of Module1 successful, but with 1 Warning(s) [in 24 ms]
[2015.12.13-03.41.40:528][560]LogBlueprint:Warning: [compiler Module1] Warning [0347.13] Compile of Module1 successful, but with 2 Warning(s) [in 0 ms]
[2015.12.13-03.41.40:528][560]LogBlueprint:Warning: [compiler Module1] Warning [0347.13] Compile of Module1 successful, but with 3 Warning(s) [in 0 ms]
[2015.12.13-03.41.40:825][560]LogBlueprint:Warning: [compiler Anneau_actor] Warning InputAction Event references unknown Action 'SpawnR' for  InputAction SpawnR 
[2015.12.13-03.41.40:829][560]LogBlueprint:Warning: [compiler Anneau_actor] Warning [0347.43] Compile of Anneau_actor successful, but with 1 Warning(s) [in 6 ms]
[2015.12.13-03.41.40:829][560]LogBlueprint:Warning: [compiler Anneau_actor] Warning [0347.43] Compile of Anneau_actor successful, but with 2 Warning(s) [in 0 ms]
[2015.12.13-03.41.40:829][560]LogBlueprint:Warning: [compiler Anneau_actor] Warning [0347.43] Compile of Anneau_actor successful, but with 3 Warning(s) [in 0 ms]
[2015.12.13-03.41.40:929][560]LogBlueprint:Warning: [compiler Quartier_simple_actor] Warning InputAction Event references unknown Action 'SpawnR' for  InputAction SpawnR 
[2015.12.13-03.41.40:933][560]LogBlueprint:Warning: [compiler Quartier_simple_actor] Warning [0347.54] Compile of Quartier_simple_actor successful, but with 1 Warning(s) [in 6 ms]
[2015.12.13-03.41.40:933][560]LogBlueprint:Warning: [compiler Quartier_simple_actor] Warning [0347.54] Compile of Quartier_simple_actor successful, but with 2 Warning(s) [in 0 ms]
[2015.12.13-03.41.40:933][560]LogBlueprint:Warning: [compiler Quartier_simple_actor] Warning [0347.54] Compile of Quartier_simple_actor successful, but with 3 Warning(s) [in 0 ms]
[2015.12.13-03.41.41:016][560]LogBlueprint:Warning: [compiler Serre_actor] Warning InputAction Event references unknown Action 'SpawnR' for  InputAction SpawnR 
[2015.12.13-03.41.41:023][560]LogBlueprint:Warning: [compiler Serre_actor] Warning [0347.63] Compile of Serre_actor successful, but with 1 Warning(s) [in 10 ms]
[2015.12.13-03.41.41:024][560]LogBlueprint:Warning: [compiler Serre_actor] Warning [0347.63] Compile of Serre_actor successful, but with 2 Warning(s) [in 0 ms]
[2015.12.13-03.41.41:024][560]LogBlueprint:Warning: [compiler Serre_actor] Warning [0347.63] Compile of Serre_actor successful, but with 3 Warning(s) [in 0 ms]
[2015.12.13-03.41.41:993][560]LogBlueprint:Warning: [compiler Actor_Couloir_Grand] Warning InputAction Event references unknown Action 'SpawnR' for  InputAction SpawnR 
[2015.12.13-03.41.42:062][560]LogBlueprint:Warning: [compiler Actor_Couloir_Grand] Warning [0348.66] Compile of Actor_Couloir_Grand successful, but with 1 Warning(s) [in 80 ms]
[2015.12.13-03.41.42:064][560]LogBlueprint:Warning: [compiler Actor_Couloir_Grand] Warning [0348.67] Compile of Actor_Couloir_Grand successful, but with 2 Warning(s) [in 1 ms]
[2015.12.13-03.41.42:064][560]LogBlueprint:Warning: [compiler Actor_Couloir_Grand] Warning [0348.67] Compile of Actor_Couloir_Grand successful, but with 3 Warning(s) [in 0 ms]
[2015.12.13-03.41.42:248][560]LogBlueprint:Warning: [compiler Actor_Couloir_petit] Warning InputAction Event references unknown Action 'SpawnR' for  InputAction SpawnR 
[2015.12.13-03.41.42:297][560]LogBlueprint:Warning: [compiler Actor_Couloir_petit] Warning [0348.90] Compile of Actor_Couloir_petit successful, but with 1 Warning(s) [in 58 ms]
[2015.12.13-03.41.42:301][560]LogBlueprint:Warning: [compiler Actor_Couloir_petit] Warning [0348.90] Compile of Actor_Couloir_petit successful, but with 2 Warning(s) [in 3 ms]
[2015.12.13-03.41.42:301][560]LogBlueprint:Warning: [compiler Actor_Couloir_petit] Warning [0348.90] Compile of Actor_Couloir_petit successful, but with 3 Warning(s) [in 0 ms]
[2015.12.13-03.41.42:342][560]LogBlueprint:Warning: [compiler Actor_Couloir_Grand] Warning InputAction Event references unknown Action 'SpawnR' for  InputAction SpawnR 
[2015.12.13-03.41.42:407][560]LogBlueprint:Warning: [compiler Actor_Couloir_Grand] Warning [0349.01] Compile of Actor_Couloir_Grand successful, but with 1 Warning(s) [in 77 ms]
[2015.12.13-03.41.42:407][560]LogBlueprint:Warning: [compiler Actor_Couloir_Grand] Warning [0349.01] Compile of Actor_Couloir_Grand successful, but with 2 Warning(s) [in 0 ms]
[2015.12.13-03.41.42:411][560]LogBlueprint:Warning: [compiler Actor_Couloir_Grand] Warning [0349.01] Compile of Actor_Couloir_Grand successful, but with 3 Warning(s) [in 4 ms]
[2015.12.13-03.41.42:417][560]LogBlueprint:Warning: [compiler Anneau_actor] Warning InputAction Event references unknown Action 'SpawnR' for  InputAction SpawnR 
[2015.12.13-03.41.42:424][560]LogBlueprint:Warning: [compiler Anneau_actor] Warning [0349.03] Compile of Anneau_actor successful, but with 1 Warning(s) [in 9 ms]
[2015.12.13-03.41.42:424][560]LogBlueprint:Warning: [compiler Anneau_actor] Warning [0349.03] Compile of Anneau_actor successful, but with 2 Warning(s) [in 0 ms]
[2015.12.13-03.41.42:429][560]LogBlueprint:Warning: [compiler Anneau_actor] Warning [0349.03] Compile of Anneau_actor successful, but with 3 Warning(s) [in 5 ms]
[2015.12.13-03.41.42:476][560]LogBlueprint:Warning: [compiler Quartier_simple_actor] Warning InputAction Event references unknown Action 'SpawnR' for  InputAction SpawnR 
[2015.12.13-03.41.42:479][560]LogBlueprint:Warning: [compiler Quartier_simple_actor] Warning [0349.08] Compile of Quartier_simple_actor successful, but with 1 Warning(s) [in 6 ms]
[2015.12.13-03.41.42:479][560]LogBlueprint:Warning: [compiler Quartier_simple_actor] Warning [0349.08] Compile of Quartier_simple_actor successful, but with 2 Warning(s) [in 0 ms]
[2015.12.13-03.41.42:485][560]LogBlueprint:Warning: [compiler Quartier_simple_actor] Warning [0349.09] Compile of Quartier_simple_actor successful, but with 3 Warning(s) [in 5 ms]
[2015.12.13-03.41.42:503][560]LogBlueprint:Warning: [compiler Serre_actor] Warning InputAction Event references unknown Action 'SpawnR' for  InputAction SpawnR 
[2015.12.13-03.41.42:513][560]LogBlueprint:Warning: [compiler Serre_actor] Warning [0349.12] Compile of Serre_actor successful, but with 1 Warning(s) [in 15 ms]
[2015.12.13-03.41.42:513][560]LogBlueprint:Warning: [compiler Serre_actor] Warning [0349.12] Compile of Serre_actor successful, but with 2 Warning(s) [in 0 ms]
[2015.12.13-03.41.42:519][560]LogBlueprint:Warning: [compiler Serre_actor] Warning [0349.12] Compile of Serre_actor successful, but with 3 Warning(s) [in 5 ms]
[2015.12.13-03.41.42:654][560]LogBlueprint:Warning: [compiler Actor_Couloir_petit] Warning InputAction Event references unknown Action 'SpawnR' for  InputAction SpawnR 
[2015.12.13-03.41.42:706][560]LogBlueprint:Warning: [compiler Actor_Couloir_petit] Warning [0349.31] Compile of Actor_Couloir_petit successful, but with 1 Warning(s) [in 65 ms]
[2015.12.13-03.41.42:706][560]LogBlueprint:Warning: [compiler Actor_Couloir_petit] Warning [0349.31] Compile of Actor_Couloir_petit successful, but with 2 Warning(s) [in 0 ms]
[2015.12.13-03.41.42:710][560]LogBlueprint:Warning: [compiler Actor_Couloir_petit] Warning [0349.31] Compile of Actor_Couloir_petit successful, but with 3 Warning(s) [in 3 ms]
[2015.12.13-03.41.42:971][560]LogLinker:Warning: Can't find file '/Game/StarterContent/Materials/M_Basic_Wall'
[2015.12.13-03.41.42:971][560]LoadErrors: Info Failed to load /Game/StarterContent/Materials/M_Basic_Wall.M_Basic_Wall Referenced by InvisibleWall
[2015.12.13-03.41.42:971][560]LogLinker:Warning: Can't find file for asset '/Game/StarterContent/Materials/M_Basic_Wall' while loading NULL.
[2015.12.13-03.41.48:148][560]LogAIModule: Creating AISystem for world Level1
[2015.12.13-03.41.48:609][560]Cmd: MAP LOAD FILE="../../../../../../Download/Internsheep-max/Internsheep-max/Content/Level1.umap" TEMPLATE=0 SHOWPROGRESS=1 FEATURELEVEL=3
[2015.12.13-03.41.48:609][560]LightingResults: New page: Lighting Build
[2015.12.13-03.41.48:623][560]LoadErrors: New page: Loading map: Level1.umap
[2015.12.13-03.41.48:623][560]MapCheck: New page: Map Check
[2015.12.13-03.41.48:623][560]LightingResults: New page: Lighting Build
[2015.12.13-03.41.48:651][560]LogParticles: Destroying 0 GPU particle simulations for FXSystem 0x00000031394D7560
[2015.12.13-03.41.48:678][560]LogPrimitiveComponent: Zero scaling not supported (/Game/Level1.Level1:PersistentLevel.PlayerStart.CollisionCapsule)
[2015.12.13-03.41.48:952][560]LogEditorServer: Finished looking for orphan Actors (0.000 secs)
[2015.12.13-03.41.49:211][560]Cmd: MAP CHECKDEP NOCLEARLOG
[2015.12.13-03.41.49:270][560]MapCheck: Info Map check complete: 0 Error(s), 0 Warning(s), took 58.913ms to complete.
[2015.12.13-03.41.49:270][560]LogFileHelpers: Loading map 'Level1' took 0.682
[2015.12.13-03.41.49:364][560]LoadErrors:Error: Error /Game/Menu/Anneau : Failed import for FloatProperty /Game/Menu/Ressources.Ressources_C:Metal
[2015.12.13-03.41.49:364][560]LoadErrors:Error: Error /Game/Menu/Anneau : Failed import for FloatProperty /Game/Menu/Ressources.Ressources_C:Nourriture
[2015.12.13-03.41.49:364][560]LoadErrors:Error: Error /Game/Plateforme/Atelier_actor : Failed import for FloatProperty /Game/Menu/Ressources.Ressources_C:Metal
[2015.12.13-03.41.49:364][560]LoadErrors:Error: Error /Game/Menu/Quartier : Failed import for FloatProperty /Game/Menu/Ressources.Ressources_C:Metal
[2015.12.13-03.41.49:364][560]LoadErrors:Error: Error /Game/Menu/Quartier : Failed import for FloatProperty /Game/Menu/Ressources.Ressources_C:Nourriture
[2015.12.13-03.41.49:364][560]LoadErrors:Error: Error /Game/Menu/Serre : Failed import for FloatProperty /Game/Menu/Ressources.Ressources_C:Metal
[2015.12.13-03.41.49:364][560]LoadErrors:Error: Error /Game/Menu/Serre : Failed import for FloatProperty /Game/Menu/Ressources.Ressources_C:Nourriture
[2015.12.13-03.41.49:364][560]LoadErrors:Error: Error /Game/Menu/Spawn_cote : Failed import for FloatProperty /Game/Menu/Ressources.Ressources_C:Metal
[2015.12.13-03.41.49:364][560]LoadErrors:Error: Error /Game/Menu/Spawn_cote : Failed import for FloatProperty /Game/Menu/Ressources.Ressources_C:Nourriture
[2015.12.13-03.41.49:364][560]LoadErrors:Error: Error /Game/Menu/Spawn_haut_grand : Failed import for FloatProperty /Game/Menu/Ressources.Ressources_C:Metal
[2015.12.13-03.41.49:364][560]LoadErrors:Error: Error /Game/Menu/Spawn_haut_grand : Failed import for FloatProperty /Game/Menu/Ressources.Ressources_C:Nourriture
[2015.12.13-03.41.49:364][560]LoadErrors:Error: Error /Game/Menu/Spawn_haut_petit : Failed import for FloatProperty /Game/Menu/Ressources.Ressources_C:Metal
[2015.12.13-03.41.49:364][560]LoadErrors:Error: Error /Game/Menu/Spawn_haut_petit : Failed import for FloatProperty /Game/Menu/Ressources.Ressources_C:Nourriture
[2015.12.13-03.41.51:054][602]LogBlueprintUserMessages: Early PlayInEditor Detection: Level '/Game/Level1.Level1:PersistentLevel' has LevelScriptBlueprint '/Game/Level1.Level1:PersistentLevel.Level1' with GeneratedClass '/Game/Level1.Level1_C' with ClassGeneratedBy '/Game/Level1.Level1:PersistentLevel.Level1'
[2015.12.13-03.41.51:054][602]LogPlayLevel: PlayLevel: No blueprints needed recompiling
[2015.12.13-03.41.51:054][602]PIE: New page: PIE session: Level1 (Dec 13, 2015, 5:41:51 AM)
[2015.12.13-03.41.51:054][602]LogPlayLevel: Creating play world package: /Game/UEDPIE_0_Level1
[2015.12.13-03.41.51:132][602]LogPlayLevel: PIE: StaticDuplicateObject took: (0.077861s)
[2015.12.13-03.41.51:133][602]LogAIModule: Creating AISystem for world Level1
[2015.12.13-03.41.51:133][602]LogPlayLevel: PIE: World Init took: (0.000966s)
[2015.12.13-03.41.51:133][602]LogPlayLevel: PIE: Created PIE world by copying editor world from /Game/Level1.Level1 to /Game/UEDPIE_0_Level1.Level1 (0.079007s)
[2015.12.13-03.41.51:191][602]LogInit: XAudio2 using 'Haut-parleurs (Realtek High Definition Audio)' : 2 channels at 48 kHz using 32 bits per sample (channel mask 0x3)
[2015.12.13-03.41.51:198][602]LogInit: FAudioDevice initialized.
[2015.12.13-03.41.51:230][602]LogWorld: Game class is 'MyGameMode_C'
[2015.12.13-03.41.51:233][602]LogWorld: Bringing World /Game/UEDPIE_0_Level1.Level1 up for play (max tick rate 60) at 2015.12.13-04.41.51
[2015.12.13-03.41.51:233][602]LogActor:Warning: GameSession /Game/UEDPIE_0_Level1.Level1:PersistentLevel.GameSession_1 has natively added scene component(s), but none of them were set as the actor's RootComponent - picking one arbitrarily
[2015.12.13-03.41.51:383][602]LogActor:Warning: GameNetworkManager /Game/UEDPIE_0_Level1.Level1:PersistentLevel.GameNetworkManager_1 has natively added scene component(s), but none of them were set as the actor's RootComponent - picking one arbitrarily
[2015.12.13-03.41.51:485][602]LogWorld: Bringing up level for play took: 0.254131
[2015.12.13-03.41.51:980][602]LogScript:Warning: Accessed None 'GameHudReference'
	Char2_C /Game/UEDPIE_0_Level1.Level1:PersistentLevel.Char2_C_0
	Function /Game/Char2.Char2_C:ExecuteUbergraph_Char2:0A3C
[2015.12.13-03.41.52:023][602]PIE:Error: Error Accessed None 'GameHudReference' from node Add in graph 'EventGraph' in blueprint Char2
[2015.12.13-03.41.52:023][602]LogScript:Warning: Accessed None
	Char2_C /Game/UEDPIE_0_Level1.Level1:PersistentLevel.Char2_C_0
	Function /Game/Char2.Char2_C:ExecuteUbergraph_Char2:0A1D
[2015.12.13-03.41.52:023][602]PIE:Error: Error Accessed None from node Add in graph 'EventGraph' in blueprint Char2
[2015.12.13-03.41.52:104][602]PIE: Info Play in editor start time for /Game/UEDPIE_0_Level1 0.624
[2015.12.13-03.41.52:104][602]LogBlueprintUserMessages: Late PlayInEditor Detection: Level '/Game/Level1.Level1:PersistentLevel' has LevelScriptBlueprint '/Game/Level1.Level1:PersistentLevel.Level1' with GeneratedClass '/Game/Level1.Level1_C' with ClassGeneratedBy '/Game/Level1.Level1:PersistentLevel.Level1'
[2015.12.13-03.41.56:127][731]LogBlueprintUserMessages: Early EndPlayMap Detection: Level '/Game/Level1.Level1:PersistentLevel' has LevelScriptBlueprint '/Game/Level1.Level1:PersistentLevel.Level1' with GeneratedClass '/Game/Level1.Level1_C' with ClassGeneratedBy '/Game/Level1.Level1:PersistentLevel.Level1'
[2015.12.13-03.41.56:165][731]LogBlueprintUserMessages: Late EndPlayMap Detection: Level '/Game/Level1.Level1:PersistentLevel' has LevelScriptBlueprint '/Game/Level1.Level1:PersistentLevel.Level1' with GeneratedClass '/Game/Level1.Level1_C' with ClassGeneratedBy '/Game/Level1.Level1:PersistentLevel.Level1'
[2015.12.13-03.41.56:200][731]LogParticles: Destroying 0 GPU particle simulations for FXSystem 0x000000315D8096C0
[2015.12.13-03.44.10:961][575]LogAssetTools:Warning: Failed to import 'D:\Download\Internsheep-max\Internsheep-max\Content\MaximeBP\Blueprints\Manager.uasset'. Unknown extension 'uasset'.
[2015.12.13-03.44.26:895][ 55]LogWindowsTextInputMethodSystem:Display: IME system now deactivated.
[2015.12.13-03.44.27:674][ 56]Cmd: QUIT_EDITOR
[2015.12.13-03.44.30:833][ 56]LogExit: Preparing to exit.
[2015.12.13-03.44.40:922][ 56]LogExit: Editor shut down
[2015.12.13-03.44.40:922][ 56]LogExit: Transaction tracking system shut down
[2015.12.13-03.44.40:923][ 56]LogParticles: Destroying 0 GPU particle simulations for FXSystem 0x000000314098CFE0
[2015.12.13-03.44.40:923][ 56]LogParticles: Destroying 0 GPU particle simulations for FXSystem 0x000000314098FD80
[2015.12.13-03.44.41:379][ 56]LogParticles: Destroying 0 GPU particle simulations for FXSystem 0x0000003144341800
[2015.12.13-03.44.47:906][ 56]LogExit: Object subsystem successfully closed.
[2015.12.13-03.44.48:475][ 56]LogD3D11RHI: Shutdown
[2015.12.13-03.44.48:475][ 56]LogD3D11RHI: CleanupD3DDevice
[2015.12.13-03.44.48:712][ 56]LogD3D11RHI: ~FD3D11DynamicRHI
[2015.12.13-03.44.49:922][ 56]LogModuleManager: Shutting down and abandoning module SequencerWidgets (200)
[2015.12.13-03.44.49:923][ 56]LogModuleManager: Shutting down and abandoning module BlueprintGraph (199)
[2015.12.13-03.44.49:923][ 56]LogModuleManager: Shutting down and abandoning module CrashTracker (198)
[2015.12.13-03.44.49:923][ 56]LogModuleManager: Shutting down and abandoning module SceneOutliner (197)
[2015.12.13-03.44.49:923][ 56]LogModuleManager: Shutting down and abandoning module SuperSearch (196)
[2015.12.13-03.44.49:923][ 56]LogModuleManager: Shutting down and abandoning module WidgetCarousel (195)
[2015.12.13-03.44.49:939][ 56]LogModuleManager: Shutting down and abandoning module AddContentDialog (194)
[2015.12.13-03.44.49:958][ 56]LogModuleManager: Shutting down and abandoning module EditorWidgets (193)
[2015.12.13-03.44.49:958][ 56]LogModuleManager: Shutting down and abandoning module CollectionManager (192)
[2015.12.13-03.44.49:981][ 56]LogModuleManager: Shutting down and abandoning module StatsViewer (191)
[2015.12.13-03.44.50:005][ 56]LogModuleManager: Shutting down and abandoning module FoliageEdit (190)
[2015.12.13-03.44.50:014][ 56]LogModuleManager: Shutting down and abandoning module LandscapeEditor (189)
[2015.12.13-03.44.50:029][ 56]LogModuleManager: Shutting down and abandoning module ActorPickerMode (188)
[2015.12.13-03.44.50:029][ 56]LogModuleManager: Shutting down and abandoning module GeometryMode (187)
[2015.12.13-03.44.50:029][ 56]LogModuleManager: Shutting down and abandoning module TextureAlignMode (186)
[2015.12.13-03.44.50:029][ 56]LogModuleManager: Shutting down and abandoning module BspMode (185)
[2015.12.13-03.44.50:029][ 56]LogModuleManager: Shutting down and abandoning module PlacementMode (184)
[2015.12.13-03.44.50:029][ 56]LogModuleManager: Shutting down and abandoning module AutomationWorker (183)
[2015.12.13-03.44.50:029][ 56]LogModuleManager: Shutting down and abandoning module CharacterAI (182)
[2015.12.13-03.44.50:029][ 56]LogModuleManager: Shutting down and abandoning module SmartSnapping (181)
[2015.12.13-03.44.50:029][ 56]LogModuleManager: Shutting down and abandoning module ViewportSnapping (180)
[2015.12.13-03.44.50:029][ 56]LogModuleManager: Shutting down and abandoning module LogVisualizer (179)
[2015.12.13-03.44.50:069][ 56]LogModuleManager: Shutting down and abandoning module GameProjectGeneration (178)
[2015.12.13-03.44.50:099][ 56]LogModuleManager: Shutting down and abandoning module IntroTutorials (177)
[2015.12.13-03.44.50:146][ 56]LogModuleManager: Shutting down and abandoning module EditorLiveStreaming (176)
[2015.12.13-03.44.50:146][ 56]LogModuleManager: Shutting down and abandoning module IOSPlatformEditor (175)
[2015.12.13-03.44.50:164][ 56]LogModuleManager: Shutting down and abandoning module HTML5PlatformEditor (174)
[2015.12.13-03.44.50:165][ 56]LogModuleManager: Shutting down and abandoning module AndroidDeviceDetection (173)
[2015.12.13-03.44.50:597][ 56]LogModuleManager: Shutting down and abandoning module AndroidPlatformEditor (172)
[2015.12.13-03.44.50:597][ 56]LogModuleManager: Shutting down and abandoning module IOSRuntimeSettings (171)
[2015.12.13-03.44.50:597][ 56]LogModuleManager: Shutting down and abandoning module AndroidRuntimeSettings (170)
[2015.12.13-03.44.50:597][ 56]LogModuleManager: Shutting down and abandoning module MergeActors (169)
[2015.12.13-03.44.50:623][ 56]LogModuleManager: Shutting down and abandoning module SizeMap (168)
[2015.12.13-03.44.50:623][ 56]LogModuleManager: Shutting down and abandoning module TreeMap (167)
[2015.12.13-03.44.50:656][ 56]LogModuleManager: Shutting down and abandoning module ReferenceViewer (166)
[2015.12.13-03.44.50:697][ 56]LogModuleManager: Shutting down and abandoning module LocalizationService (165)
[2015.12.13-03.44.50:761][ 56]LogModuleManager: Shutting down and abandoning module LocalizationDashboard (164)
[2015.12.13-03.44.50:852][ 56]LogModuleManager: Shutting down and abandoning module HardwareTargeting (163)
[2015.12.13-03.44.50:863][ 56]LogModuleManager: Shutting down and abandoning module DeviceProfileEditor (162)
[2015.12.13-03.44.50:959][ 56]LogModuleManager: Shutting down and abandoning module UndoHistory (161)
[2015.12.13-03.44.51:010][ 56]LogModuleManager: Shutting down and abandoning module GameplayTagsEditor (160)
[2015.12.13-03.44.51:047][ 56]LogModuleManager: Shutting down and abandoning module UserFeedback (159)
[2015.12.13-03.44.51:047][ 56]LogModuleManager: Shutting down and abandoning module XmlParser (158)
[2015.12.13-03.44.51:097][ 56]LogModuleManager: Shutting down and abandoning module Blutility (157)
[2015.12.13-03.44.51:097][ 56]LogModuleManager: Shutting down and abandoning module ProjectTargetPlatformEditor (156)
[2015.12.13-03.44.51:150][ 56]LogModuleManager: Shutting down and abandoning module ProjectSettingsViewer (155)
[2015.12.13-03.44.51:151][ 56]LogModuleManager: Shutting down and abandoning module InputBindingEditor (154)
[2015.12.13-03.44.51:303][ 56]LogModuleManager: Shutting down and abandoning module EditorSettingsViewer (153)
[2015.12.13-03.44.51:303][ 56]LogModuleManager: Shutting down and abandoning module SettingsEditor (152)
[2015.12.13-03.44.51:446][ 56]LogModuleManager: Shutting down and abandoning module ProjectLauncher (151)
[2015.12.13-03.44.51:543][ 56]LogModuleManager: Shutting down and abandoning module SessionFrontend (150)
[2015.12.13-03.44.51:645][ 56]LogModuleManager: Shutting down and abandoning module ProfilerClient (149)
[2015.12.13-03.44.51:761][ 56]LogModuleManager: Shutting down and abandoning module TargetDeviceServices (148)
[2015.12.13-03.44.51:761][ 56]LogModuleManager: Shutting down and abandoning module DeviceManager (147)
[2015.12.13-03.44.51:812][ 56]LogModuleManager: Shutting down and abandoning module AutomationController (146)
[2015.12.13-03.44.51:854][ 56]LogModuleManager: Shutting down and abandoning module AutomationWindow (145)
[2015.12.13-03.44.51:897][ 56]LogModuleManager: Shutting down and abandoning module Layers (144)
[2015.12.13-03.44.52:132][ 56]LogModuleManager: Shutting down and abandoning module ComponentVisualizers (143)
[2015.12.13-03.44.52:132][ 56]LogModuleManager: Shutting down and abandoning module DetailCustomizations (142)
[2015.12.13-03.44.52:217][ 56]LogModuleManager: Shutting down and abandoning module PackagesDialog (141)
[2015.12.13-03.44.52:287][ 56]LogModuleManager: Shutting down and abandoning module Persona (140)
[2015.12.13-03.44.52:583][ 56]LogModuleManager: Shutting down and abandoning module Kismet (139)
[2015.12.13-03.44.52:583][ 56]LogModuleManager: Shutting down and abandoning module GraphEditor (138)
[2015.12.13-03.44.52:625][ 56]LogModuleManager: Shutting down and abandoning module ClassViewer (137)
[2015.12.13-03.44.52:674][ 56]LogModuleManager: Shutting down and abandoning module Toolbox (136)
[2015.12.13-03.44.52:674][ 56]LogModuleManager: Shutting down and abandoning module ModuleUI (135)
[2015.12.13-03.44.52:744][ 56]LogModuleManager: Shutting down and abandoning module MovieSceneTools (134)
[2015.12.13-03.44.52:946][ 56]LogModuleManager: Shutting down and abandoning module OutputLog (133)
[2015.12.13-03.44.52:946][ 56]LogModuleManager: Shutting down and abandoning module GammaUI (132)
[2015.12.13-03.44.52:985][ 56]LogModuleManager: Shutting down and abandoning module Documentation (131)
[2015.12.13-03.44.52:985][ 56]LogModuleManager: Shutting down and abandoning module GameLiveStreaming (130)
[2015.12.13-03.44.53:020][ 56]LogModuleManager: Shutting down and abandoning module StreamingPauseRendering (129)
[2015.12.13-03.44.53:020][ 56]LogModuleManager: Shutting down and abandoning module AnalyticsET (128)
[2015.12.13-03.44.53:020][ 56]LogModuleManager: Shutting down and abandoning module Analytics (127)
[2015.12.13-03.44.53:020][ 56]LogModuleManager: Shutting down and abandoning module AITestSuite (126)
[2015.12.13-03.44.53:057][ 56]LogModuleManager: Shutting down and abandoning module GameplayDebugger (125)
[2015.12.13-03.44.53:091][ 56]LogModuleManager: Shutting down and abandoning module AIModule (124)
[2015.12.13-03.44.53:092][ 56]LogModuleManager: Shutting down and abandoning module ProfilerService (123)
[2015.12.13-03.44.53:154][ 56]LogModuleManager: Shutting down and abandoning module TaskGraph (122)
[2015.12.13-03.44.53:199][ 56]LogModuleManager: Shutting down and abandoning module SlateRemote (121)
[2015.12.13-03.44.53:199][ 56]LogModuleManager: Shutting down and abandoning module SteamVRController (120)
[2015.12.13-03.44.53:199][ 56]LogModuleManager: Shutting down and abandoning module SteamVR (119)
[2015.12.13-03.44.53:199][ 56]LogModuleManager: Shutting down and abandoning module ProceduralMeshComponent (118)
[2015.12.13-03.44.53:199][ 56]LogModuleManager: Shutting down and abandoning module OculusLibrary (117)
[2015.12.13-03.44.53:199][ 56]LogModuleManager: Shutting down and abandoning module OculusInput (116)
[2015.12.13-03.44.53:199][ 56]LogModuleManager: Shutting down and abandoning module LeapMotionController (115)
[2015.12.13-03.44.53:374][ 56]LogModuleManager: Shutting down and abandoning module CustomMeshComponent (114)
[2015.12.13-03.44.53:374][ 56]LogModuleManager: Shutting down and abandoning module CableComponent (113)
[2015.12.13-03.44.53:416][ 56]LogModuleManager: Shutting down and abandoning module ArchVisCharacter (112)
[2015.12.13-03.44.53:417][ 56]LogModuleManager: Shutting down and abandoning module MessagingDebugger (111)
[2015.12.13-03.44.53:485][ 56]LogModuleManager: Shutting down and abandoning module MediaPlayerEditor (110)
[2015.12.13-03.44.53:584][ 56]LogModuleManager: Shutting down and abandoning module HTML5Networking (109)
[2015.12.13-03.44.53:584][ 56]LogModuleManager: Shutting down and abandoning module SpeedTreeImporter (108)
[2015.12.13-03.44.53:584][ 56]LogModuleManager: Shutting down and abandoning module PluginBrowser (107)
[2015.12.13-03.44.53:643][ 56]LogModuleManager: Shutting down and abandoning module EpicSurvey (106)
[2015.12.13-03.44.53:694][ 56]LogModuleManager: Shutting down and abandoning module DesktopPlatform (105)
[2015.12.13-03.44.53:744][ 56]LogModuleManager: Shutting down and abandoning module VisualStudioSourceCodeAccess (104)
[2015.12.13-03.44.53:785][ 56]LogModuleManager: Shutting down and abandoning module UObjectPlugin (103)
[2015.12.13-03.44.53:785][ 56]LogModuleManager: Shutting down and abandoning module SubversionSourceControl (102)
[2015.12.13-03.44.53:791][ 56]LogModuleManager: Shutting down and abandoning module PerforceSourceControl (101)
[2015.12.13-03.44.53:852][ 56]LogModuleManager: Shutting down and abandoning module SourceControl (100)
[2015.12.13-03.44.53:921][ 56]LogModuleManager: Shutting down and abandoning module GitSourceControl (99)
[2015.12.13-03.44.53:979][ 56]LogModuleManager: Shutting down and abandoning module LightPropagationVolumeEditor (98)
[2015.12.13-03.44.53:979][ 56]LogModuleManager: Shutting down and abandoning module PaperTiledImporter (97)
[2015.12.13-03.44.54:066][ 56]LogModuleManager: Shutting down and abandoning module PaperSpriteSheetImporter (96)
[2015.12.13-03.44.54:066][ 56]LogModuleManager: Shutting down and abandoning module MeshPaint (95)
[2015.12.13-03.44.54:066][ 56]LogModuleManager: Shutting down and abandoning module SlateReflector (94)
[2015.12.13-03.44.54:192][ 56]LogModuleManager: Shutting down and abandoning module HotReload (93)
[2015.12.13-03.44.54:238][ 56]LogModuleManager: Shutting down and abandoning module MainFrame (92)
[2015.12.13-03.44.54:238][ 56]LogModuleManager: Shutting down and abandoning module LevelEditor (91)
[2015.12.13-03.44.54:286][ 56]LogModuleManager: Shutting down and abandoning module DirectoryWatcher (90)
[2015.12.13-03.44.54:287][ 56]LogModuleManager: Shutting down and abandoning module AssetRegistry (89)
[2015.12.13-03.44.54:490][ 56]LogModuleManager: Shutting down and abandoning module ContentBrowser (88)
[2015.12.13-03.44.54:491][ 56]LogModuleManager: Shutting down and abandoning module Paper2DEditor (87)
[2015.12.13-03.44.55:100][ 56]LogModuleManager: Shutting down and abandoning module UdpMessaging (86)
[2015.12.13-03.44.55:201][ 56]LogModuleManager: Shutting down and abandoning module LightPropagationVolumeRuntime (85)
[2015.12.13-03.44.55:201][ 56]LogModuleManager: Shutting down and abandoning module Paper2D (84)
[2015.12.13-03.44.55:232][ 56]LogModuleManager: Shutting down and abandoning module WindowsMoviePlayer (83)
[2015.12.13-03.44.55:326][ 56]LogModuleManager: Shutting down and abandoning module Media (82)
[2015.12.13-03.44.55:326][ 56]LogModuleManager: Shutting down and abandoning module WmfMedia (81)
[2015.12.13-03.44.55:545][ 56]LogModuleManager: Shutting down and abandoning module OnlineBlueprintSupport (80)
[2015.12.13-03.44.55:545][ 56]LogModuleManager: Shutting down and abandoning module GameplayTasksEditor (79)
[2015.12.13-03.44.55:545][ 56]LogModuleManager: Shutting down and abandoning module PropertyEditor (78)
[2015.12.13-03.44.55:790][ 56]LogModuleManager: Shutting down and abandoning module BehaviorTreeEditor (77)
[2015.12.13-03.44.56:322][ 56]LogModuleManager: Shutting down and abandoning module FunctionalTesting (76)
[2015.12.13-03.44.56:322][ 56]LogModuleManager: Shutting down and abandoning module CollisionAnalyzer (75)
[2015.12.13-03.44.56:417][ 56]LogModuleManager: Shutting down and abandoning module WorkspaceMenuStructure (74)
[2015.12.13-03.44.56:417][ 56]LogModuleManager: Shutting down and abandoning module MessageLog (73)
[2015.12.13-03.44.56:417][ 56]LogModuleManager: Shutting down and abandoning module Sequencer (72)
[2015.12.13-03.44.56:417][ 56]LogModuleManager: Shutting down and abandoning module AssetTools (71)
[2015.12.13-03.44.56:502][ 56]LogModuleManager: Shutting down and abandoning module UMGEditor (70)
[2015.12.13-03.44.56:503][ 56]LogModuleManager: Shutting down and abandoning module UMG (69)
[2015.12.13-03.44.56:503][ 56]LogModuleManager: Shutting down and abandoning module Slate (68)
[2015.12.13-03.44.56:503][ 56]LogModuleManager: Shutting down and abandoning module EditorStyle (67)
[2015.12.13-03.44.56:505][ 56]LogModuleManager: Shutting down and abandoning module SessionServices (66)
[2015.12.13-03.44.56:505][ 56]LogModuleManager: Shutting down and abandoning module SourceCodeAccess (65)
[2015.12.13-03.44.56:505][ 56]LogModuleManager: Shutting down and abandoning module HeadMountedDisplay (64)
[2015.12.13-03.44.56:505][ 56]LogModuleManager: Shutting down and abandoning module XAudio2 (63)
[2015.12.13-03.44.56:505][ 56]LogModuleManager: Shutting down and abandoning module Networking (61)
[2015.12.13-03.44.56:505][ 56]LogModuleManager: Shutting down and abandoning module Core (60)
[2015.12.13-03.44.56:505][ 56]LogModuleManager: Shutting down and abandoning module KismetCompiler (59)
[2015.12.13-03.44.56:505][ 56]LogModuleManager: Shutting down and abandoning module PhysXFormats (58)
[2015.12.13-03.44.56:521][ 56]LogModuleManager: Shutting down and abandoning module MeshUtilities (57)
[2015.12.13-03.44.56:534][ 56]LogModuleManager: Shutting down and abandoning module DerivedDataCache (56)
[2015.12.13-03.44.56:584][ 56]LogDerivedDataCache: Shutdown
[2015.12.13-03.44.56:584][ 56]LogModuleManager: Shutting down and abandoning module ShaderFormatOpenGL (55)
[2015.12.13-03.44.56:613][ 56]LogModuleManager: Shutting down and abandoning module ShaderFormatD3D (54)
[2015.12.13-03.44.56:626][ 56]LogModuleManager: Shutting down and abandoning module MetalShaderFormat (53)
[2015.12.13-03.44.56:655][ 56]LogModuleManager: Shutting down and abandoning module TextureFormatUncompressed (52)
[2015.12.13-03.44.56:655][ 56]LogModuleManager: Shutting down and abandoning module TextureFormatPVR (51)
[2015.12.13-03.44.56:677][ 56]LogModuleManager: Shutting down and abandoning module TextureFormatIntelISPCTexComp (50)
[2015.12.13-03.44.56:684][ 56]LogModuleManager: Shutting down and abandoning module TextureFormatDXT (49)
[2015.12.13-03.44.56:706][ 56]LogModuleManager: Shutting down and abandoning module ImageWrapper (48)
[2015.12.13-03.44.56:706][ 56]LogModuleManager: Shutting down and abandoning module TextureFormatASTC (47)
[2015.12.13-03.44.56:706][ 56]LogModuleManager: Shutting down and abandoning module TextureFormatAndroid (46)
[2015.12.13-03.44.56:706][ 56]LogModuleManager: Shutting down and abandoning module AudioFormatOpus (45)
[2015.12.13-03.44.56:728][ 56]LogModuleManager: Shutting down and abandoning module AudioFormatOgg (44)
[2015.12.13-03.44.56:744][ 56]LogModuleManager: Shutting down and abandoning module AudioFormatADPCM (43)
[2015.12.13-03.44.56:768][ 56]LogModuleManager: Shutting down and abandoning module LinuxTargetPlatform (42)
[2015.12.13-03.44.56:768][ 56]LogModuleManager: Shutting down and abandoning module LinuxServerTargetPlatform (41)
[2015.12.13-03.44.56:784][ 56]LogModuleManager: Shutting down and abandoning module LinuxNoEditorTargetPlatform (40)
[2015.12.13-03.44.56:789][ 56]LogModuleManager: Shutting down and abandoning module Messaging (39)
[2015.12.13-03.44.56:789][ 56]LogModuleManager: Shutting down and abandoning module IOSTargetPlatform (38)
[2015.12.13-03.44.56:789][ 56]LogModuleManager: Shutting down and abandoning module HTML5TargetPlatform (37)
[2015.12.13-03.44.56:789][ 56]LogModuleManager: Shutting down and abandoning module Android_PVRTCTargetPlatform (36)
[2015.12.13-03.44.56:789][ 56]LogModuleManager: Shutting down and abandoning module Android_MultiTargetPlatform (35)
[2015.12.13-03.44.56:789][ 56]LogModuleManager: Shutting down and abandoning module Android_ETC2TargetPlatform (34)
[2015.12.13-03.44.56:789][ 56]LogModuleManager: Shutting down and abandoning module Android_ETC1TargetPlatform (33)
[2015.12.13-03.44.56:789][ 56]LogModuleManager: Shutting down and abandoning module Android_DXTTargetPlatform (32)
[2015.12.13-03.44.56:789][ 56]LogModuleManager: Shutting down and abandoning module Android_ATCTargetPlatform (31)
[2015.12.13-03.44.56:789][ 56]LogModuleManager: Shutting down and abandoning module Android_ASTCTargetPlatform (30)
[2015.12.13-03.44.56:789][ 56]LogModuleManager: Shutting down and abandoning module AndroidTargetPlatform (29)
[2015.12.13-03.44.56:789][ 56]LogModuleManager: Shutting down and abandoning module WindowsTargetPlatform (28)
[2015.12.13-03.44.56:789][ 56]LogModuleManager: Shutting down and abandoning module WindowsServerTargetPlatform (27)
[2015.12.13-03.44.56:813][ 56]LogModuleManager: Shutting down and abandoning module WindowsNoEditorTargetPlatform (26)
[2015.12.13-03.44.56:826][ 56]LogModuleManager: Shutting down and abandoning module WindowsClientTargetPlatform (25)
[2015.12.13-03.44.56:845][ 56]LogModuleManager: Shutting down and abandoning module AllDesktopTargetPlatform (24)
[2015.12.13-03.44.56:846][ 56]LogModuleManager: Shutting down and abandoning module TargetPlatform (23)
[2015.12.13-03.44.56:846][ 56]LogModuleManager: Shutting down and abandoning module InputCore (22)
[2015.12.13-03.44.56:846][ 56]LogModuleManager: Shutting down and abandoning module Settings (21)
[2015.12.13-03.44.56:846][ 56]LogModuleManager: Shutting down and abandoning module OnlineSubsystem (19)
[2015.12.13-03.44.56:846][ 56]LogModuleManager: Shutting down and abandoning module HTTP (18)
[2015.12.13-03.44.58:849][ 56]LogModuleManager: Shutting down and abandoning module XMPP (17)
[2015.12.13-03.44.58:863][ 56]LogModuleManager: Shutting down and abandoning module OculusRift (16)
[2015.12.13-03.44.58:912][ 56]LogModuleManager: Shutting down and abandoning module ExampleDeviceProfileSelector (15)
[2015.12.13-03.44.58:912][ 56]LogModuleManager: Shutting down and abandoning module TextureCompressor (14)
[2015.12.13-03.44.58:931][ 56]LogModuleManager: Shutting down and abandoning module ShaderCore (13)
[2015.12.13-03.44.58:931][ 56]LogModuleManager: Shutting down and abandoning module Landscape (12)
[2015.12.13-03.44.58:931][ 56]LogModuleManager: Shutting down and abandoning module SlateRHIRenderer (11)
[2015.12.13-03.44.59:022][ 56]LogModuleManager: Shutting down and abandoning module OpenGLDrv (10)
[2015.12.13-03.44.59:074][ 56]LogModuleManager: Shutting down and abandoning module D3D11RHI (9)
[2015.12.13-03.44.59:074][ 56]LogModuleManager: Shutting down and abandoning module AnimGraphRuntime (8)
[2015.12.13-03.44.59:074][ 56]LogModuleManager: Shutting down and abandoning module Renderer (7)
[2015.12.13-03.44.59:075][ 56]LogModuleManager: Shutting down and abandoning module Engine (6)
[2015.12.13-03.44.59:075][ 56]LogModuleManager: Shutting down and abandoning module CoreUObject (5)
[2015.12.13-03.44.59:075][ 56]LogModuleManager: Shutting down and abandoning module NetworkFile (4)
[2015.12.13-03.44.59:161][ 56]LogModuleManager: Shutting down and abandoning module StreamingFile (3)
[2015.12.13-03.44.59:200][ 56]LogModuleManager: Shutting down and abandoning module SandboxFile (2)
[2015.12.13-03.44.59:240][ 56]LogModuleManager: Shutting down and abandoning module PakFile (1)
[2015.12.13-03.44.59:305][ 56]LogExit: Exiting.
[2015.12.13-03.44.59:351][ 56]Log file closed, 12/13/15 04:44:59
