[2015.12.13-03.52.27:462][  0]Log file open, 12/13/15 04:52:27
[2015.12.13-03.52.27:462][  0]LogInit:Display: Running engine for game: Internsheep
[2015.12.13-03.52.27:462][  0]LogPlatformFile: Not using cached read wrapper
[2015.12.13-03.52.27:462][  0]LogInit:Display: RandInit(1011212509) SRandInit(1011212510).
[2015.12.13-03.52.27:462][  0]LogTaskGraph: Started task graph with 4 named threads and 7 total threads.
[2015.12.13-03.52.27:462][  0]LogStats: Stats thread started at 0.248878
[2015.12.13-03.52.27:462][  0]LogInit: Version: 4.10.1-2791327+++depot+UE4-Releases+4.10
[2015.12.13-03.52.27:462][  0]LogInit: API Version: 2758231
[2015.12.13-03.52.27:462][  0]LogInit: Compiled (64-bit): Dec  4 2015 19:44:40
[2015.12.13-03.52.27:462][  0]LogInit: Compiled with Visual C++: 19.00.23026.00
[2015.12.13-03.52.27:462][  0]LogInit: Build Configuration: Development
[2015.12.13-03.52.27:462][  0]LogInit: Branch Name: ++depot+UE4-Releases+4.10
[2015.12.13-03.52.27:462][  0]LogInit: Command line:  
[2015.12.13-03.52.27:462][  0]LogInit: Base directory: D:/Program Files/Epic Games/4.10/Engine/Binaries/Win64/
[2015.12.13-03.52.27:462][  0]LogInit: Rocket: 1
[2015.12.13-03.52.27:466][  0]LogInit: Using libcurl 7.41.0
[2015.12.13-03.52.27:466][  0]LogInit:  - built for x86_64-pc-win32
[2015.12.13-03.52.27:466][  0]LogInit:  - supports SSL with WinSSL
[2015.12.13-03.52.27:466][  0]LogInit:  - other features:
[2015.12.13-03.52.27:466][  0]LogInit:      CURL_VERSION_SSL
[2015.12.13-03.52.27:466][  0]LogInit:      CURL_VERSION_IPV6
[2015.12.13-03.52.27:466][  0]LogInit:      CURL_VERSION_ASYNCHDNS
[2015.12.13-03.52.27:466][  0]LogInit:      CURL_VERSION_LARGEFILE
[2015.12.13-03.52.27:466][  0]LogInit:      CURL_VERSION_IDN
[2015.12.13-03.52.27:466][  0]LogInit:  CurlRequestOptions (configurable via config and command line):
[2015.12.13-03.52.27:466][  0]LogInit:  - bVerifyPeer = true  - Libcurl will verify peer certificate
[2015.12.13-03.52.27:466][  0]LogInit:  - bUseHttpProxy = false  - Libcurl will NOT use HTTP proxy
[2015.12.13-03.52.27:466][  0]LogInit:  - bDontReuseConnections = false  - Libcurl will reuse connections
[2015.12.13-03.52.27:466][  0]LogInit:  - CertBundlePath = nullptr  - Libcurl will use whatever was configured at build time.
[2015.12.13-03.52.27:471][  0]LogInit: Presizing for 0 objects not considered by GC, pre-allocating 0 bytes.
[2015.12.13-03.52.27:476][  0]LogInit: Object subsystem initialized
[2015.12.13-03.52.27:477][  0]LogInit: Selected Device Profile: [Windows]
[2015.12.13-03.52.27:477][  0]LogInit: Applying CVar settings loaded from the selected device profile: [Windows]
[2015.12.13-03.52.27:527][  0]LogInit: Computer: PIERRE
[2015.12.13-03.52.27:527][  0]LogInit: User: Pierre6991
[2015.12.13-03.52.27:527][  0]LogInit: CPU Page size=4096, Cores=4
[2015.12.13-03.52.27:527][  0]LogInit: High frequency timer resolution =2.338346 MHz
[2015.12.13-03.52.27:527][  0]LogMemory: Memory total: Physical=3.9GB (4GB approx)
[2015.12.13-03.52.27:527][  0]LogMemory: Platform Memory Stats for Windows
[2015.12.13-03.52.27:527][  0]LogMemory: Process Physical Memory: 55.59 MB used, 55.59 MB peak
[2015.12.13-03.52.27:527][  0]LogMemory: Process Virtual Memory: 57.04 MB used, 57.04 MB peak
[2015.12.13-03.52.27:527][  0]LogMemory: Physical Memory: 2559.29 MB used, 3981.01 MB total
[2015.12.13-03.52.27:527][  0]LogMemory: Virtual Memory: 367.55 MB used, 134217728.00 MB total
[2015.12.13-03.52.27:875][  0]LogTextLocalizationManager: No translations for ('fr-FR') exist, falling back to 'en' for localization and internationalization data.
[2015.12.13-03.52.28:407][  0]LogD3D11RHI: Found D3D11 adapter 0: NVIDIA GeForce GT 740M        (Feature Level 11_0)
[2015.12.13-03.52.28:407][  0]LogD3D11RHI: Adapter has 1992MB of dedicated video memory, 0MB of dedicated system memory, and 1990MB of shared system memory, 1 output[s]
[2015.12.13-03.52.28:443][  0]LogD3D11RHI: Found D3D11 adapter 1: NVIDIA GeForce GT 740M        (Feature Level 11_0)
[2015.12.13-03.52.28:443][  0]LogD3D11RHI: Ad